execve("/usr/bin/passwd", ["passwd", "dummy"], [/* 16 vars */]) = 0
brk(NULL)                               = 0x55927db1f000
access("/etc/ld.so.nohwcap", F_OK)      = -1 ENOENT (No such file or directory)
access("/etc/ld.so.preload", R_OK)      = -1 ENOENT (No such file or directory)
open("/etc/ld.so.cache", O_RDONLY|O_CLOEXEC) = 3
fstat(3, {st_mode=S_IFREG|0644, st_size=40227, ...}) = 0
mmap(NULL, 40227, PROT_READ, MAP_PRIVATE, 3, 0) = 0x7ffa97374000
close(3)                                = 0
access("/etc/ld.so.nohwcap", F_OK)      = -1 ENOENT (No such file or directory)
open("/lib/x86_64-linux-gnu/libpam.so.0", O_RDONLY|O_CLOEXEC) = 3
read(3, "\177ELF\2\1\1\0\0\0\0\0\0\0\0\0\3\0>\0\1\0\0\0\200$\0\0\0\0\0\0"..., 832) = 832
fstat(3, {st_mode=S_IFREG|0644, st_size=55904, ...}) = 0
mmap(NULL, 4096, PROT_READ|PROT_WRITE, MAP_PRIVATE|MAP_ANONYMOUS, -1, 0) = 0x7ffa97373000
mmap(NULL, 2150888, PROT_READ|PROT_EXEC, MAP_PRIVATE|MAP_DENYWRITE, 3, 0) = 0x7ffa96f4b000
mprotect(0x7ffa96f58000, 2093056, PROT_NONE) = 0
mmap(0x7ffa97157000, 8192, PROT_READ|PROT_WRITE, MAP_PRIVATE|MAP_FIXED|MAP_DENYWRITE, 3, 0xc000) = 0x7ffa97157000
close(3)                                = 0
access("/etc/ld.so.nohwcap", F_OK)      = -1 ENOENT (No such file or directory)
open("/lib/x86_64-linux-gnu/libpam_misc.so.0", O_RDONLY|O_CLOEXEC) = 3
read(3, "\177ELF\2\1\1\0\0\0\0\0\0\0\0\0\3\0>\0\1\0\0\0\240\20\0\0\0\0\0\0"..., 832) = 832
fstat(3, {st_mode=S_IFREG|0644, st_size=14640, ...}) = 0
mmap(NULL, 2109744, PROT_READ|PROT_EXEC, MAP_PRIVATE|MAP_DENYWRITE, 3, 0) = 0x7ffa96d47000
mprotect(0x7ffa96d4a000, 2093056, PROT_NONE) = 0
mmap(0x7ffa96f49000, 8192, PROT_READ|PROT_WRITE, MAP_PRIVATE|MAP_FIXED|MAP_DENYWRITE, 3, 0x2000) = 0x7ffa96f49000
close(3)                                = 0
access("/etc/ld.so.nohwcap", F_OK)      = -1 ENOENT (No such file or directory)
open("/lib/x86_64-linux-gnu/libselinux.so.1", O_RDONLY|O_CLOEXEC) = 3
read(3, "\177ELF\2\1\1\0\0\0\0\0\0\0\0\0\3\0>\0\1\0\0\0\260Z\0\0\0\0\0\0"..., 832) = 832
fstat(3, {st_mode=S_IFREG|0644, st_size=130224, ...}) = 0
mmap(NULL, 2234080, PROT_READ|PROT_EXEC, MAP_PRIVATE|MAP_DENYWRITE, 3, 0) = 0x7ffa96b25000
mprotect(0x7ffa96b44000, 2093056, PROT_NONE) = 0
mmap(0x7ffa96d43000, 8192, PROT_READ|PROT_WRITE, MAP_PRIVATE|MAP_FIXED|MAP_DENYWRITE, 3, 0x1e000) = 0x7ffa96d43000
mmap(0x7ffa96d45000, 5856, PROT_READ|PROT_WRITE, MAP_PRIVATE|MAP_FIXED|MAP_ANONYMOUS, -1, 0) = 0x7ffa96d45000
close(3)                                = 0
access("/etc/ld.so.nohwcap", F_OK)      = -1 ENOENT (No such file or directory)
open("/lib/x86_64-linux-gnu/libc.so.6", O_RDONLY|O_CLOEXEC) = 3
read(3, "\177ELF\2\1\1\3\0\0\0\0\0\0\0\0\3\0>\0\1\0\0\0P\t\2\0\0\0\0\0"..., 832) = 832
fstat(3, {st_mode=S_IFREG|0755, st_size=1868984, ...}) = 0
mmap(NULL, 4096, PROT_READ|PROT_WRITE, MAP_PRIVATE|MAP_ANONYMOUS, -1, 0) = 0x7ffa97372000
mmap(NULL, 3971488, PROT_READ|PROT_EXEC, MAP_PRIVATE|MAP_DENYWRITE, 3, 0) = 0x7ffa9675b000
mprotect(0x7ffa9691b000, 2097152, PROT_NONE) = 0
mmap(0x7ffa96b1b000, 24576, PROT_READ|PROT_WRITE, MAP_PRIVATE|MAP_FIXED|MAP_DENYWRITE, 3, 0x1c0000) = 0x7ffa96b1b000
mmap(0x7ffa96b21000, 14752, PROT_READ|PROT_WRITE, MAP_PRIVATE|MAP_FIXED|MAP_ANONYMOUS, -1, 0) = 0x7ffa96b21000
close(3)                                = 0
access("/etc/ld.so.nohwcap", F_OK)      = -1 ENOENT (No such file or directory)
open("/lib/x86_64-linux-gnu/libaudit.so.1", O_RDONLY|O_CLOEXEC) = 3
read(3, "\177ELF\2\1\1\0\0\0\0\0\0\0\0\0\3\0>\0\1\0\0\0\0*\0\0\0\0\0\0"..., 832) = 832
fstat(3, {st_mode=S_IFREG|0644, st_size=117288, ...}) = 0
mmap(NULL, 2253352, PROT_READ|PROT_EXEC, MAP_PRIVATE|MAP_DENYWRITE, 3, 0) = 0x7ffa96534000
mprotect(0x7ffa96550000, 2093056, PROT_NONE) = 0
mmap(0x7ffa9674f000, 8192, PROT_READ|PROT_WRITE, MAP_PRIVATE|MAP_FIXED|MAP_DENYWRITE, 3, 0x1b000) = 0x7ffa9674f000
mmap(0x7ffa96751000, 37416, PROT_READ|PROT_WRITE, MAP_PRIVATE|MAP_FIXED|MAP_ANONYMOUS, -1, 0) = 0x7ffa96751000
close(3)                                = 0
access("/etc/ld.so.nohwcap", F_OK)      = -1 ENOENT (No such file or directory)
open("/lib/x86_64-linux-gnu/libdl.so.2", O_RDONLY|O_CLOEXEC) = 3
read(3, "\177ELF\2\1\1\0\0\0\0\0\0\0\0\0\3\0>\0\1\0\0\0\240\r\0\0\0\0\0\0"..., 832) = 832
fstat(3, {st_mode=S_IFREG|0644, st_size=14608, ...}) = 0
mmap(NULL, 2109680, PROT_READ|PROT_EXEC, MAP_PRIVATE|MAP_DENYWRITE, 3, 0) = 0x7ffa96330000
mprotect(0x7ffa96333000, 2093056, PROT_NONE) = 0
mmap(0x7ffa96532000, 8192, PROT_READ|PROT_WRITE, MAP_PRIVATE|MAP_FIXED|MAP_DENYWRITE, 3, 0x2000) = 0x7ffa96532000
close(3)                                = 0
access("/etc/ld.so.nohwcap", F_OK)      = -1 ENOENT (No such file or directory)
open("/lib/x86_64-linux-gnu/libpcre.so.3", O_RDONLY|O_CLOEXEC) = 3
read(3, "\177ELF\2\1\1\0\0\0\0\0\0\0\0\0\3\0>\0\1\0\0\0000\25\0\0\0\0\0\0"..., 832) = 832
fstat(3, {st_mode=S_IFREG|0644, st_size=456632, ...}) = 0
mmap(NULL, 4096, PROT_READ|PROT_WRITE, MAP_PRIVATE|MAP_ANONYMOUS, -1, 0) = 0x7ffa97371000
mmap(NULL, 2552072, PROT_READ|PROT_EXEC, MAP_PRIVATE|MAP_DENYWRITE, 3, 0) = 0x7ffa960c0000
mprotect(0x7ffa9612e000, 2097152, PROT_NONE) = 0
mmap(0x7ffa9632e000, 8192, PROT_READ|PROT_WRITE, MAP_PRIVATE|MAP_FIXED|MAP_DENYWRITE, 3, 0x6e000) = 0x7ffa9632e000
close(3)                                = 0
access("/etc/ld.so.nohwcap", F_OK)      = -1 ENOENT (No such file or directory)
open("/lib/x86_64-linux-gnu/libpthread.so.0", O_RDONLY|O_CLOEXEC) = 3
read(3, "\177ELF\2\1\1\0\0\0\0\0\0\0\0\0\3\0>\0\1\0\0\0\260`\0\0\0\0\0\0"..., 832) = 832
fstat(3, {st_mode=S_IFREG|0755, st_size=138696, ...}) = 0
mmap(NULL, 2212904, PROT_READ|PROT_EXEC, MAP_PRIVATE|MAP_DENYWRITE, 3, 0) = 0x7ffa95ea3000
mprotect(0x7ffa95ebb000, 2093056, PROT_NONE) = 0
mmap(0x7ffa960ba000, 8192, PROT_READ|PROT_WRITE, MAP_PRIVATE|MAP_FIXED|MAP_DENYWRITE, 3, 0x17000) = 0x7ffa960ba000
mmap(0x7ffa960bc000, 13352, PROT_READ|PROT_WRITE, MAP_PRIVATE|MAP_FIXED|MAP_ANONYMOUS, -1, 0) = 0x7ffa960bc000
close(3)                                = 0
mmap(NULL, 4096, PROT_READ|PROT_WRITE, MAP_PRIVATE|MAP_ANONYMOUS, -1, 0) = 0x7ffa97370000
mmap(NULL, 8192, PROT_READ|PROT_WRITE, MAP_PRIVATE|MAP_ANONYMOUS, -1, 0) = 0x7ffa9736e000
arch_prctl(ARCH_SET_FS, 0x7ffa9736e800) = 0
mprotect(0x7ffa96b1b000, 16384, PROT_READ) = 0
mprotect(0x7ffa960ba000, 4096, PROT_READ) = 0
mprotect(0x7ffa9632e000, 4096, PROT_READ) = 0
mprotect(0x7ffa96532000, 4096, PROT_READ) = 0
mprotect(0x7ffa9674f000, 4096, PROT_READ) = 0
mprotect(0x7ffa96d43000, 4096, PROT_READ) = 0
mprotect(0x7ffa97157000, 4096, PROT_READ) = 0
mprotect(0x7ffa96f49000, 4096, PROT_READ) = 0
mprotect(0x55927cefc000, 4096, PROT_READ) = 0
mprotect(0x7ffa9737e000, 4096, PROT_READ) = 0
munmap(0x7ffa97374000, 40227)           = 0
set_tid_address(0x7ffa9736ead0)         = 1669
set_robust_list(0x7ffa9736eae0, 24)     = 0
rt_sigaction(SIGRTMIN, {0x7ffa95ea8b50, [], SA_RESTORER|SA_SIGINFO, 0x7ffa95eb4390}, NULL, 8) = 0
rt_sigaction(SIGRT_1, {0x7ffa95ea8be0, [], SA_RESTORER|SA_RESTART|SA_SIGINFO, 0x7ffa95eb4390}, NULL, 8) = 0
rt_sigprocmask(SIG_UNBLOCK, [RTMIN RT_1], NULL, 8) = 0
getrlimit(RLIMIT_STACK, {rlim_cur=8192*1024, rlim_max=RLIM64_INFINITY}) = 0
statfs("/sys/fs/selinux", 0x7fff524aeb10) = -1 ENOENT (No such file or directory)
statfs("/selinux", 0x7fff524aeb10)      = -1 ENOENT (No such file or directory)
brk(NULL)                               = 0x55927db1f000
brk(0x55927db40000)                     = 0x55927db40000
open("/proc/filesystems", O_RDONLY)     = 3
fstat(3, {st_mode=S_IFREG|0444, st_size=0, ...}) = 0
read(3, "nodev\tsysfs\nnodev\trootfs\nnodev\tr"..., 1024) = 388
read(3, "", 1024)                       = 0
close(3)                                = 0
open("/usr/lib/locale/locale-archive", O_RDONLY|O_CLOEXEC) = 3
fstat(3, {st_mode=S_IFREG|0644, st_size=2981280, ...}) = 0
mmap(NULL, 2981280, PROT_READ, MAP_PRIVATE, 3, 0) = 0x7ffa95bcb000
close(3)                                = 0
getuid()                                = 0
open("/proc/self/loginuid", O_RDONLY)   = 3
read(3, "839436", 12)                   = 6
close(3)                                = 0
socket(PF_LOCAL, SOCK_STREAM|SOCK_CLOEXEC|SOCK_NONBLOCK, 0) = 3
connect(3, {sa_family=AF_LOCAL, sun_path="/var/run/nscd/socket"}, 110) = -1 ENOENT (No such file or directory)
close(3)                                = 0
socket(PF_LOCAL, SOCK_STREAM|SOCK_CLOEXEC|SOCK_NONBLOCK, 0) = 3
connect(3, {sa_family=AF_LOCAL, sun_path="/var/run/nscd/socket"}, 110) = -1 ENOENT (No such file or directory)
close(3)                                = 0
open("/etc/nsswitch.conf", O_RDONLY|O_CLOEXEC) = 3
fstat(3, {st_mode=S_IFREG|0644, st_size=543, ...}) = 0
read(3, "# /etc/nsswitch.conf\n#\n# Example"..., 4096) = 543
read(3, "", 4096)                       = 0
close(3)                                = 0
open("/etc/ld.so.cache", O_RDONLY|O_CLOEXEC) = 3
fstat(3, {st_mode=S_IFREG|0644, st_size=40227, ...}) = 0
mmap(NULL, 40227, PROT_READ, MAP_PRIVATE, 3, 0) = 0x7ffa97374000
close(3)                                = 0
access("/etc/ld.so.nohwcap", F_OK)      = -1 ENOENT (No such file or directory)
open("/lib/x86_64-linux-gnu/libnss_compat.so.2", O_RDONLY|O_CLOEXEC) = 3
read(3, "\177ELF\2\1\1\0\0\0\0\0\0\0\0\0\3\0>\0\1\0\0\0\320\22\0\0\0\0\0\0"..., 832) = 832
fstat(3, {st_mode=S_IFREG|0644, st_size=35688, ...}) = 0
mmap(NULL, 2131040, PROT_READ|PROT_EXEC, MAP_PRIVATE|MAP_DENYWRITE, 3, 0) = 0x7ffa959c2000
mprotect(0x7ffa959ca000, 2093056, PROT_NONE) = 0
mmap(0x7ffa95bc9000, 8192, PROT_READ|PROT_WRITE, MAP_PRIVATE|MAP_FIXED|MAP_DENYWRITE, 3, 0x7000) = 0x7ffa95bc9000
close(3)                                = 0
access("/etc/ld.so.nohwcap", F_OK)      = -1 ENOENT (No such file or directory)
open("/lib/x86_64-linux-gnu/libnsl.so.1", O_RDONLY|O_CLOEXEC) = 3
read(3, "\177ELF\2\1\1\0\0\0\0\0\0\0\0\0\3\0>\0\1\0\0\0\360?\0\0\0\0\0\0"..., 832) = 832
fstat(3, {st_mode=S_IFREG|0644, st_size=93128, ...}) = 0
mmap(NULL, 2198104, PROT_READ|PROT_EXEC, MAP_PRIVATE|MAP_DENYWRITE, 3, 0) = 0x7ffa957a9000
mprotect(0x7ffa957bf000, 2093056, PROT_NONE) = 0
mmap(0x7ffa959be000, 8192, PROT_READ|PROT_WRITE, MAP_PRIVATE|MAP_FIXED|MAP_DENYWRITE, 3, 0x15000) = 0x7ffa959be000
mmap(0x7ffa959c0000, 6744, PROT_READ|PROT_WRITE, MAP_PRIVATE|MAP_FIXED|MAP_ANONYMOUS, -1, 0) = 0x7ffa959c0000
close(3)                                = 0
mprotect(0x7ffa959be000, 4096, PROT_READ) = 0
mprotect(0x7ffa95bc9000, 4096, PROT_READ) = 0
munmap(0x7ffa97374000, 40227)           = 0
open("/etc/ld.so.cache", O_RDONLY|O_CLOEXEC) = 3
fstat(3, {st_mode=S_IFREG|0644, st_size=40227, ...}) = 0
mmap(NULL, 40227, PROT_READ, MAP_PRIVATE, 3, 0) = 0x7ffa97374000
close(3)                                = 0
access("/etc/ld.so.nohwcap", F_OK)      = -1 ENOENT (No such file or directory)
open("/lib/x86_64-linux-gnu/libnss_nis.so.2", O_RDONLY|O_CLOEXEC) = 3
read(3, "\177ELF\2\1\1\0\0\0\0\0\0\0\0\0\3\0>\0\1\0\0\0\260 \0\0\0\0\0\0"..., 832) = 832
fstat(3, {st_mode=S_IFREG|0644, st_size=47648, ...}) = 0
mmap(NULL, 2143624, PROT_READ|PROT_EXEC, MAP_PRIVATE|MAP_DENYWRITE, 3, 0) = 0x7ffa9559d000
mprotect(0x7ffa955a8000, 2093056, PROT_NONE) = 0
mmap(0x7ffa957a7000, 8192, PROT_READ|PROT_WRITE, MAP_PRIVATE|MAP_FIXED|MAP_DENYWRITE, 3, 0xa000) = 0x7ffa957a7000
close(3)                                = 0
access("/etc/ld.so.nohwcap", F_OK)      = -1 ENOENT (No such file or directory)
open("/lib/x86_64-linux-gnu/libnss_files.so.2", O_RDONLY|O_CLOEXEC) = 3
read(3, "\177ELF\2\1\1\0\0\0\0\0\0\0\0\0\3\0>\0\1\0\0\0\260!\0\0\0\0\0\0"..., 832) = 832
fstat(3, {st_mode=S_IFREG|0644, st_size=47600, ...}) = 0
mmap(NULL, 2168600, PROT_READ|PROT_EXEC, MAP_PRIVATE|MAP_DENYWRITE, 3, 0) = 0x7ffa9538b000
mprotect(0x7ffa95396000, 2093056, PROT_NONE) = 0
mmap(0x7ffa95595000, 8192, PROT_READ|PROT_WRITE, MAP_PRIVATE|MAP_FIXED|MAP_DENYWRITE, 3, 0xa000) = 0x7ffa95595000
mmap(0x7ffa95597000, 22296, PROT_READ|PROT_WRITE, MAP_PRIVATE|MAP_FIXED|MAP_ANONYMOUS, -1, 0) = 0x7ffa95597000
close(3)                                = 0
mprotect(0x7ffa95595000, 4096, PROT_READ) = 0
mprotect(0x7ffa957a7000, 4096, PROT_READ) = 0
munmap(0x7ffa97374000, 40227)           = 0
open("/etc/passwd", O_RDONLY|O_CLOEXEC) = 3
lseek(3, 0, SEEK_CUR)                   = 0
fstat(3, {st_mode=S_IFREG|0644, st_size=1785, ...}) = 0
mmap(NULL, 1785, PROT_READ, MAP_SHARED, 3, 0) = 0x7ffa9737d000
lseek(3, 1785, SEEK_SET)                = 1785
fstat(3, {st_mode=S_IFREG|0644, st_size=1785, ...}) = 0
munmap(0x7ffa9737d000, 1785)            = 0
close(3)                                = 0
open("/etc/ld.so.cache", O_RDONLY|O_CLOEXEC) = 3
fstat(3, {st_mode=S_IFREG|0644, st_size=40227, ...}) = 0
mmap(NULL, 40227, PROT_READ, MAP_PRIVATE, 3, 0) = 0x7ffa97374000
close(3)                                = 0
access("/etc/ld.so.nohwcap", F_OK)      = -1 ENOENT (No such file or directory)
open("/lib/x86_64-linux-gnu/libnss_sss.so.2", O_RDONLY|O_CLOEXEC) = 3
read(3, "\177ELF\2\1\1\0\0\0\0\0\0\0\0\0\3\0>\0\1\0\0\0\360\27\0\0\0\0\0\0"..., 832) = 832
fstat(3, {st_mode=S_IFREG|0644, st_size=35696, ...}) = 0
mmap(NULL, 2131056, PROT_READ|PROT_EXEC, MAP_PRIVATE|MAP_DENYWRITE, 3, 0) = 0x7ffa95182000
mprotect(0x7ffa9518a000, 2093056, PROT_NONE) = 0
mmap(0x7ffa95389000, 8192, PROT_READ|PROT_WRITE, MAP_PRIVATE|MAP_FIXED|MAP_DENYWRITE, 3, 0x7000) = 0x7ffa95389000
close(3)                                = 0
mprotect(0x7ffa95389000, 4096, PROT_READ) = 0
munmap(0x7ffa97374000, 40227)           = 0
futex(0x7ffa9538a1e8, FUTEX_WAKE_PRIVATE, 2147483647) = 0
open("/var/lib/sss/mc/passwd", O_RDONLY|O_CLOEXEC) = 3
fstat(3, {st_mode=S_IFREG|0644, st_size=8406312, ...}) = 0
mmap(NULL, 8406312, PROT_READ, MAP_SHARED, 3, 0) = 0x7ffa9497d000
fstat(3, {st_mode=S_IFREG|0644, st_size=8406312, ...}) = 0
getuid()                                = 0
open("/etc/passwd", O_RDONLY|O_CLOEXEC) = 4
lseek(4, 0, SEEK_CUR)                   = 0
fstat(4, {st_mode=S_IFREG|0644, st_size=1785, ...}) = 0
mmap(NULL, 1785, PROT_READ, MAP_SHARED, 4, 0) = 0x7ffa9737d000
lseek(4, 1785, SEEK_SET)                = 1785
fstat(4, {st_mode=S_IFREG|0644, st_size=1785, ...}) = 0
munmap(0x7ffa9737d000, 1785)            = 0
close(4)                                = 0
fstat(3, {st_mode=S_IFREG|0644, st_size=8406312, ...}) = 0
open("/etc/passwd", O_RDONLY|O_CLOEXEC) = 4
lseek(4, 0, SEEK_CUR)                   = 0
fstat(4, {st_mode=S_IFREG|0644, st_size=1785, ...}) = 0
mmap(NULL, 1785, PROT_READ, MAP_SHARED, 4, 0) = 0x7ffa9737d000
lseek(4, 1785, SEEK_SET)                = 1785
munmap(0x7ffa9737d000, 1785)            = 0
close(4)                                = 0
open("/etc/passwd", O_RDONLY|O_CLOEXEC) = 4
lseek(4, 0, SEEK_CUR)                   = 0
fstat(4, {st_mode=S_IFREG|0644, st_size=1785, ...}) = 0
mmap(NULL, 1785, PROT_READ, MAP_SHARED, 4, 0) = 0x7ffa9737d000
lseek(4, 1785, SEEK_SET)                = 1785
munmap(0x7ffa9737d000, 1785)            = 0
close(4)                                = 0
setrlimit(RLIMIT_CORE, {rlim_cur=0, rlim_max=0}) = 0
setrlimit(RLIMIT_AS, {rlim_cur=RLIM64_INFINITY, rlim_max=RLIM64_INFINITY}) = 0
setrlimit(RLIMIT_CPU, {rlim_cur=RLIM64_INFINITY, rlim_max=RLIM64_INFINITY}) = 0
setrlimit(RLIMIT_DATA, {rlim_cur=RLIM64_INFINITY, rlim_max=RLIM64_INFINITY}) = 0
setrlimit(RLIMIT_FSIZE, {rlim_cur=RLIM64_INFINITY, rlim_max=RLIM64_INFINITY}) = 0
setrlimit(RLIMIT_NOFILE, {rlim_cur=RLIM64_INFINITY, rlim_max=RLIM64_INFINITY}) = -1 EPERM (Operation not permitted)
setrlimit(RLIMIT_RSS, {rlim_cur=RLIM64_INFINITY, rlim_max=RLIM64_INFINITY}) = 0
setrlimit(RLIMIT_STACK, {rlim_cur=RLIM64_INFINITY, rlim_max=RLIM64_INFINITY}) = 0
rt_sigaction(SIGALRM, {SIG_IGN, [ALRM], SA_RESTORER|SA_RESTART, 0x7ffa967904b0}, {SIG_DFL, [], 0}, 8) = 0
rt_sigaction(SIGHUP, {SIG_IGN, [HUP], SA_RESTORER|SA_RESTART, 0x7ffa967904b0}, {SIG_DFL, [], 0}, 8) = 0
rt_sigaction(SIGINT, {SIG_IGN, [INT], SA_RESTORER|SA_RESTART, 0x7ffa967904b0}, {SIG_DFL, [], 0}, 8) = 0
rt_sigaction(SIGPIPE, {SIG_IGN, [PIPE], SA_RESTORER|SA_RESTART, 0x7ffa967904b0}, {SIG_DFL, [], 0}, 8) = 0
rt_sigaction(SIGQUIT, {SIG_IGN, [QUIT], SA_RESTORER|SA_RESTART, 0x7ffa967904b0}, {SIG_DFL, [], 0}, 8) = 0
rt_sigaction(SIGTERM, {SIG_IGN, [TERM], SA_RESTORER|SA_RESTART, 0x7ffa967904b0}, {SIG_DFL, [], 0}, 8) = 0
rt_sigaction(SIGTSTP, {SIG_IGN, [TSTP], SA_RESTORER|SA_RESTART, 0x7ffa967904b0}, {SIG_DFL, [], 0}, 8) = 0
rt_sigaction(SIGTTOU, {SIG_IGN, [TTOU], SA_RESTORER|SA_RESTART, 0x7ffa967904b0}, {SIG_DFL, [], 0}, 8) = 0
umask(077)                              = 022
stat("/etc/pam.d", {st_mode=S_IFDIR|0755, st_size=4096, ...}) = 0
open("/etc/pam.d/passwd", O_RDONLY)     = 4
fstat(4, {st_mode=S_IFREG|0644, st_size=92, ...}) = 0
read(4, "#\n# The PAM configuration file f"..., 4096) = 92
stat("/etc/pam.d", {st_mode=S_IFDIR|0755, st_size=4096, ...}) = 0
open("/etc/pam.d/common-password", O_RDONLY) = 5
fstat(5, {st_mode=S_IFREG|0644, st_size=1782, ...}) = 0
read(5, "#\n# /etc/pam.d/common-password -"..., 4096) = 1782
futex(0x7ffa965330a8, FUTEX_WAKE_PRIVATE, 2147483647) = 0
open("/lib/x86_64-linux-gnu/security/pam_pwquality.so", O_RDONLY|O_CLOEXEC) = 6
read(6, "\177ELF\2\1\1\0\0\0\0\0\0\0\0\0\3\0>\0\1\0\0\0\220\r\0\0\0\0\0\0"..., 832) = 832
fstat(6, {st_mode=S_IFREG|0644, st_size=10424, ...}) = 0
mmap(NULL, 2105568, PROT_READ|PROT_EXEC, MAP_PRIVATE|MAP_DENYWRITE, 6, 0) = 0x7ffa9477a000
mprotect(0x7ffa9477c000, 2093056, PROT_NONE) = 0
mmap(0x7ffa9497b000, 8192, PROT_READ|PROT_WRITE, MAP_PRIVATE|MAP_FIXED|MAP_DENYWRITE, 6, 0x1000) = 0x7ffa9497b000
close(6)                                = 0
open("/etc/ld.so.cache", O_RDONLY|O_CLOEXEC) = 6
fstat(6, {st_mode=S_IFREG|0644, st_size=40227, ...}) = 0
mmap(NULL, 40227, PROT_READ, MAP_PRIVATE, 6, 0) = 0x7ffa97374000
close(6)                                = 0
access("/etc/ld.so.nohwcap", F_OK)      = -1 ENOENT (No such file or directory)
open("/usr/lib/x86_64-linux-gnu/libpwquality.so.1", O_RDONLY|O_CLOEXEC) = 6
read(6, "\177ELF\2\1\1\0\0\0\0\0\0\0\0\0\3\0>\0\1\0\0\0000\22\0\0\0\0\0\0"..., 832) = 832
fstat(6, {st_mode=S_IFREG|0644, st_size=22936, ...}) = 0
mmap(NULL, 2118208, PROT_READ|PROT_EXEC, MAP_PRIVATE|MAP_DENYWRITE, 6, 0) = 0x7ffa94574000
mprotect(0x7ffa94579000, 2093056, PROT_NONE) = 0
mmap(0x7ffa94778000, 8192, PROT_READ|PROT_WRITE, MAP_PRIVATE|MAP_FIXED|MAP_DENYWRITE, 6, 0x4000) = 0x7ffa94778000
close(6)                                = 0
access("/etc/ld.so.nohwcap", F_OK)      = -1 ENOENT (No such file or directory)
open("/usr/lib/x86_64-linux-gnu/libcrack.so.2", O_RDONLY|O_CLOEXEC) = 6
read(6, "\177ELF\2\1\1\0\0\0\0\0\0\0\0\0\3\0>\0\1\0\0\0 7\0\0\0\0\0\0"..., 832) = 832
fstat(6, {st_mode=S_IFREG|0644, st_size=39256, ...}) = 0
mmap(NULL, 2149856, PROT_READ|PROT_EXEC, MAP_PRIVATE|MAP_DENYWRITE, 6, 0) = 0x7ffa94367000
mprotect(0x7ffa9436f000, 2097152, PROT_NONE) = 0
mmap(0x7ffa9456f000, 8192, PROT_READ|PROT_WRITE, MAP_PRIVATE|MAP_FIXED|MAP_DENYWRITE, 6, 0x8000) = 0x7ffa9456f000
mmap(0x7ffa94571000, 11744, PROT_READ|PROT_WRITE, MAP_PRIVATE|MAP_FIXED|MAP_ANONYMOUS, -1, 0) = 0x7ffa94571000
close(6)                                = 0
mprotect(0x7ffa9456f000, 4096, PROT_READ) = 0
mprotect(0x7ffa94778000, 4096, PROT_READ) = 0
mprotect(0x7ffa9497b000, 4096, PROT_READ) = 0
munmap(0x7ffa97374000, 40227)           = 0
open("/lib/x86_64-linux-gnu/security/pam_krb5.so", O_RDONLY|O_CLOEXEC) = 6
read(6, "\177ELF\2\1\1\0\0\0\0\0\0\0\0\0\3\0>\0\1\0\0\0\0.\0\0\0\0\0\0"..., 832) = 832
fstat(6, {st_mode=S_IFREG|0644, st_size=59304, ...}) = 0
mmap(NULL, 2154512, PROT_READ|PROT_EXEC, MAP_PRIVATE|MAP_DENYWRITE, 6, 0) = 0x7ffa94158000
mprotect(0x7ffa94165000, 2097152, PROT_NONE) = 0
mmap(0x7ffa94365000, 8192, PROT_READ|PROT_WRITE, MAP_PRIVATE|MAP_FIXED|MAP_DENYWRITE, 6, 0xd000) = 0x7ffa94365000
close(6)                                = 0
open("/etc/ld.so.cache", O_RDONLY|O_CLOEXEC) = 6
fstat(6, {st_mode=S_IFREG|0644, st_size=40227, ...}) = 0
mmap(NULL, 40227, PROT_READ, MAP_PRIVATE, 6, 0) = 0x7ffa97374000
close(6)                                = 0
access("/etc/ld.so.nohwcap", F_OK)      = -1 ENOENT (No such file or directory)
open("/usr/lib/x86_64-linux-gnu/libkrb5.so.3", O_RDONLY|O_CLOEXEC) = 6
read(6, "\177ELF\2\1\1\0\0\0\0\0\0\0\0\0\3\0>\0\1\0\0\0\20\v\2\0\0\0\0\0"..., 832) = 832
fstat(6, {st_mode=S_IFREG|0644, st_size=860392, ...}) = 0
mmap(NULL, 2956192, PROT_READ|PROT_EXEC, MAP_PRIVATE|MAP_DENYWRITE, 6, 0) = 0x7ffa93e86000
mprotect(0x7ffa93f49000, 2097152, PROT_NONE) = 0
mmap(0x7ffa94149000, 61440, PROT_READ|PROT_WRITE, MAP_PRIVATE|MAP_FIXED|MAP_DENYWRITE, 6, 0xc3000) = 0x7ffa94149000
close(6)                                = 0
access("/etc/ld.so.nohwcap", F_OK)      = -1 ENOENT (No such file or directory)
open("/usr/lib/x86_64-linux-gnu/libk5crypto.so.3", O_RDONLY|O_CLOEXEC) = 6
read(6, "\177ELF\2\1\1\0\0\0\0\0\0\0\0\0\3\0>\0\1\0\0\0\220?\0\0\0\0\0\0"..., 832) = 832
fstat(6, {st_mode=S_IFREG|0644, st_size=186872, ...}) = 0
mmap(NULL, 2285688, PROT_READ|PROT_EXEC, MAP_PRIVATE|MAP_DENYWRITE, 6, 0) = 0x7ffa93c57000
mprotect(0x7ffa93c83000, 2093056, PROT_NONE) = 0
mmap(0x7ffa93e82000, 12288, PROT_READ|PROT_WRITE, MAP_PRIVATE|MAP_FIXED|MAP_DENYWRITE, 6, 0x2b000) = 0x7ffa93e82000
mmap(0x7ffa93e85000, 120, PROT_READ|PROT_WRITE, MAP_PRIVATE|MAP_FIXED|MAP_ANONYMOUS, -1, 0) = 0x7ffa93e85000
close(6)                                = 0
access("/etc/ld.so.nohwcap", F_OK)      = -1 ENOENT (No such file or directory)
open("/lib/x86_64-linux-gnu/libcom_err.so.2", O_RDONLY|O_CLOEXEC) = 6
read(6, "\177ELF\2\1\1\0\0\0\0\0\0\0\0\0\3\0>\0\1\0\0\0@\24\0\0\0\0\0\0"..., 832) = 832
fstat(6, {st_mode=S_IFREG|0644, st_size=14648, ...}) = 0
mmap(NULL, 2109896, PROT_READ|PROT_EXEC, MAP_PRIVATE|MAP_DENYWRITE, 6, 0) = 0x7ffa93a53000
mprotect(0x7ffa93a56000, 2093056, PROT_NONE) = 0
mmap(0x7ffa93c55000, 8192, PROT_READ|PROT_WRITE, MAP_PRIVATE|MAP_FIXED|MAP_DENYWRITE, 6, 0x2000) = 0x7ffa93c55000
close(6)                                = 0
access("/etc/ld.so.nohwcap", F_OK)      = -1 ENOENT (No such file or directory)
open("/usr/lib/x86_64-linux-gnu/libkrb5support.so.0", O_RDONLY|O_CLOEXEC) = 6
read(6, "\177ELF\2\1\1\0\0\0\0\0\0\0\0\0\3\0>\0\1\0\0\0\320&\0\0\0\0\0\0"..., 832) = 832
fstat(6, {st_mode=S_IFREG|0644, st_size=43664, ...}) = 0
mmap(NULL, 2139080, PROT_READ|PROT_EXEC, MAP_PRIVATE|MAP_DENYWRITE, 6, 0) = 0x7ffa93848000
mprotect(0x7ffa93852000, 2093056, PROT_NONE) = 0
mmap(0x7ffa93a51000, 8192, PROT_READ|PROT_WRITE, MAP_PRIVATE|MAP_FIXED|MAP_DENYWRITE, 6, 0x9000) = 0x7ffa93a51000
close(6)                                = 0
access("/etc/ld.so.nohwcap", F_OK)      = -1 ENOENT (No such file or directory)
open("/lib/x86_64-linux-gnu/libkeyutils.so.1", O_RDONLY|O_CLOEXEC) = 6
read(6, "\177ELF\2\1\1\0\0\0\0\0\0\0\0\0\3\0>\0\1\0\0\0\300\22\0\0\0\0\0\0"..., 832) = 832
fstat(6, {st_mode=S_IFREG|0644, st_size=14256, ...}) = 0
mmap(NULL, 2109456, PROT_READ|PROT_EXEC, MAP_PRIVATE|MAP_DENYWRITE, 6, 0) = 0x7ffa93644000
mprotect(0x7ffa93647000, 2093056, PROT_NONE) = 0
mmap(0x7ffa93846000, 8192, PROT_READ|PROT_WRITE, MAP_PRIVATE|MAP_FIXED|MAP_DENYWRITE, 6, 0x2000) = 0x7ffa93846000
close(6)                                = 0
access("/etc/ld.so.nohwcap", F_OK)      = -1 ENOENT (No such file or directory)
open("/lib/x86_64-linux-gnu/libresolv.so.2", O_RDONLY|O_CLOEXEC) = 6
read(6, "\177ELF\2\1\1\0\0\0\0\0\0\0\0\0\3\0>\0\1\0\0\0P9\0\0\0\0\0\0"..., 832) = 832
fstat(6, {st_mode=S_IFREG|0644, st_size=101200, ...}) = 0
mmap(NULL, 2206280, PROT_READ|PROT_EXEC, MAP_PRIVATE|MAP_DENYWRITE, 6, 0) = 0x7ffa93429000
mprotect(0x7ffa93440000, 2097152, PROT_NONE) = 0
mmap(0x7ffa93640000, 8192, PROT_READ|PROT_WRITE, MAP_PRIVATE|MAP_FIXED|MAP_DENYWRITE, 6, 0x17000) = 0x7ffa93640000
mmap(0x7ffa93642000, 6728, PROT_READ|PROT_WRITE, MAP_PRIVATE|MAP_FIXED|MAP_ANONYMOUS, -1, 0) = 0x7ffa93642000
close(6)                                = 0
mprotect(0x7ffa93640000, 4096, PROT_READ) = 0
mprotect(0x7ffa93846000, 4096, PROT_READ) = 0
mprotect(0x7ffa93a51000, 4096, PROT_READ) = 0
mprotect(0x7ffa93c55000, 4096, PROT_READ) = 0
mprotect(0x7ffa93e82000, 8192, PROT_READ) = 0
mprotect(0x7ffa94149000, 53248, PROT_READ) = 0
mprotect(0x7ffa94365000, 4096, PROT_READ) = 0
munmap(0x7ffa97374000, 40227)           = 0
open("/lib/x86_64-linux-gnu/security/pam_unix.so", O_RDONLY|O_CLOEXEC) = 6
read(6, "\177ELF\2\1\1\0\0\0\0\0\0\0\0\0\3\0>\0\1\0\0\0`)\0\0\0\0\0\0"..., 832) = 832
fstat(6, {st_mode=S_IFREG|0644, st_size=60336, ...}) = 0
mmap(NULL, 2204640, PROT_READ|PROT_EXEC, MAP_PRIVATE|MAP_DENYWRITE, 6, 0) = 0x7ffa9320e000
mprotect(0x7ffa9321c000, 2093056, PROT_NONE) = 0
mmap(0x7ffa9341b000, 8192, PROT_READ|PROT_WRITE, MAP_PRIVATE|MAP_FIXED|MAP_DENYWRITE, 6, 0xd000) = 0x7ffa9341b000
mmap(0x7ffa9341d000, 46048, PROT_READ|PROT_WRITE, MAP_PRIVATE|MAP_FIXED|MAP_ANONYMOUS, -1, 0) = 0x7ffa9341d000
close(6)                                = 0
open("/etc/ld.so.cache", O_RDONLY|O_CLOEXEC) = 6
fstat(6, {st_mode=S_IFREG|0644, st_size=40227, ...}) = 0
mmap(NULL, 40227, PROT_READ, MAP_PRIVATE, 6, 0) = 0x7ffa97374000
close(6)                                = 0
access("/etc/ld.so.nohwcap", F_OK)      = -1 ENOENT (No such file or directory)
open("/lib/x86_64-linux-gnu/libcrypt.so.1", O_RDONLY|O_CLOEXEC) = 6
read(6, "\177ELF\2\1\1\0\0\0\0\0\0\0\0\0\3\0>\0\1\0\0\0@\v\0\0\0\0\0\0"..., 832) = 832
fstat(6, {st_mode=S_IFREG|0644, st_size=39224, ...}) = 0
mmap(NULL, 2322912, PROT_READ|PROT_EXEC, MAP_PRIVATE|MAP_DENYWRITE, 6, 0) = 0x7ffa92fd6000
mprotect(0x7ffa92fdf000, 2093056, PROT_NONE) = 0
mmap(0x7ffa931de000, 8192, PROT_READ|PROT_WRITE, MAP_PRIVATE|MAP_FIXED|MAP_DENYWRITE, 6, 0x8000) = 0x7ffa931de000
mmap(0x7ffa931e0000, 184800, PROT_READ|PROT_WRITE, MAP_PRIVATE|MAP_FIXED|MAP_ANONYMOUS, -1, 0) = 0x7ffa931e0000
close(6)                                = 0
mprotect(0x7ffa931de000, 4096, PROT_READ) = 0
mprotect(0x7ffa9341b000, 4096, PROT_READ) = 0
munmap(0x7ffa97374000, 40227)           = 0
open("/lib/x86_64-linux-gnu/security/pam_sss.so", O_RDONLY|O_CLOEXEC) = 6
read(6, "\177ELF\2\1\1\0\0\0\0\0\0\0\0\0\3\0>\0\1\0\0\0\360\35\0\0\0\0\0\0"..., 832) = 832
fstat(6, {st_mode=S_IFREG|0644, st_size=35512, ...}) = 0
mmap(NULL, 2130832, PROT_READ|PROT_EXEC, MAP_PRIVATE|MAP_DENYWRITE, 6, 0) = 0x7ffa92dcd000
mprotect(0x7ffa92dd5000, 2093056, PROT_NONE) = 0
mmap(0x7ffa92fd4000, 8192, PROT_READ|PROT_WRITE, MAP_PRIVATE|MAP_FIXED|MAP_DENYWRITE, 6, 0x7000) = 0x7ffa92fd4000
close(6)                                = 0
mprotect(0x7ffa92fd4000, 4096, PROT_READ) = 0
open("/lib/x86_64-linux-gnu/security/pam_ldap.so", O_RDONLY|O_CLOEXEC) = 6
read(6, "\177ELF\2\1\1\0\0\0\0\0\0\0\0\0\3\0>\0\1\0\0\0\360\37\0\0\0\0\0\0"..., 832) = 832
fstat(6, {st_mode=S_IFREG|0644, st_size=47792, ...}) = 0
mmap(NULL, 2142888, PROT_READ|PROT_EXEC, MAP_PRIVATE|MAP_DENYWRITE, 6, 0) = 0x7ffa92bc1000
mprotect(0x7ffa92bcb000, 2097152, PROT_NONE) = 0
mmap(0x7ffa92dcb000, 8192, PROT_READ|PROT_WRITE, MAP_PRIVATE|MAP_FIXED|MAP_DENYWRITE, 6, 0xa000) = 0x7ffa92dcb000
close(6)                                = 0
open("/etc/ld.so.cache", O_RDONLY|O_CLOEXEC) = 6
fstat(6, {st_mode=S_IFREG|0644, st_size=40227, ...}) = 0
mmap(NULL, 40227, PROT_READ, MAP_PRIVATE, 6, 0) = 0x7ffa97374000
close(6)                                = 0
access("/etc/ld.so.nohwcap", F_OK)      = -1 ENOENT (No such file or directory)
open("/usr/lib/x86_64-linux-gnu/libldap_r-2.4.so.2", O_RDONLY|O_CLOEXEC) = 6
read(6, "\177ELF\2\1\1\0\0\0\0\0\0\0\0\0\3\0>\0\1\0\0\0\360\307\0\0\0\0\0\0"..., 832) = 832
fstat(6, {st_mode=S_IFREG|0644, st_size=322928, ...}) = 0
mmap(NULL, 2427592, PROT_READ|PROT_EXEC, MAP_PRIVATE|MAP_DENYWRITE, 6, 0) = 0x7ffa92970000
mprotect(0x7ffa929bd000, 2093056, PROT_NONE) = 0
mmap(0x7ffa92bbc000, 12288, PROT_READ|PROT_WRITE, MAP_PRIVATE|MAP_FIXED|MAP_DENYWRITE, 6, 0x4c000) = 0x7ffa92bbc000
mmap(0x7ffa92bbf000, 6856, PROT_READ|PROT_WRITE, MAP_PRIVATE|MAP_FIXED|MAP_ANONYMOUS, -1, 0) = 0x7ffa92bbf000
close(6)                                = 0
access("/etc/ld.so.nohwcap", F_OK)      = -1 ENOENT (No such file or directory)
open("/usr/lib/x86_64-linux-gnu/liblber-2.4.so.2", O_RDONLY|O_CLOEXEC) = 6
read(6, "\177ELF\2\1\1\0\0\0\0\0\0\0\0\0\3\0>\0\1\0\0\0\340)\0\0\0\0\0\0"..., 832) = 832
fstat(6, {st_mode=S_IFREG|0644, st_size=59640, ...}) = 0
mmap(NULL, 2154984, PROT_READ|PROT_EXEC, MAP_PRIVATE|MAP_DENYWRITE, 6, 0) = 0x7ffa92761000
mprotect(0x7ffa9276e000, 2097152, PROT_NONE) = 0
mmap(0x7ffa9296e000, 8192, PROT_READ|PROT_WRITE, MAP_PRIVATE|MAP_FIXED|MAP_DENYWRITE, 6, 0xd000) = 0x7ffa9296e000
close(6)                                = 0
access("/etc/ld.so.nohwcap", F_OK)      = -1 ENOENT (No such file or directory)
open("/usr/lib/x86_64-linux-gnu/libsasl2.so.2", O_RDONLY|O_CLOEXEC) = 6
read(6, "\177ELF\2\1\1\0\0\0\0\0\0\0\0\0\3\0>\0\1\0\0\0@)\0\0\0\0\0\0"..., 832) = 832
fstat(6, {st_mode=S_IFREG|0644, st_size=109296, ...}) = 0
mmap(NULL, 2204648, PROT_READ|PROT_EXEC, MAP_PRIVATE|MAP_DENYWRITE, 6, 0) = 0x7ffa92546000
mprotect(0x7ffa9255f000, 2097152, PROT_NONE) = 0
mmap(0x7ffa9275f000, 8192, PROT_READ|PROT_WRITE, MAP_PRIVATE|MAP_FIXED|MAP_DENYWRITE, 6, 0x19000) = 0x7ffa9275f000
close(6)                                = 0
access("/etc/ld.so.nohwcap", F_OK)      = -1 ENOENT (No such file or directory)
open("/usr/lib/x86_64-linux-gnu/libgssapi.so.3", O_RDONLY|O_CLOEXEC) = 6
read(6, "\177ELF\2\1\1\0\0\0\0\0\0\0\0\0\3\0>\0\1\0\0\0\340\331\0\0\0\0\0\0"..., 832) = 832
fstat(6, {st_mode=S_IFREG|0644, st_size=264256, ...}) = 0
mmap(NULL, 2359640, PROT_READ|PROT_EXEC, MAP_PRIVATE|MAP_DENYWRITE, 6, 0) = 0x7ffa92305000
mprotect(0x7ffa92342000, 2097152, PROT_NONE) = 0
mmap(0x7ffa92542000, 12288, PROT_READ|PROT_WRITE, MAP_PRIVATE|MAP_FIXED|MAP_DENYWRITE, 6, 0x3d000) = 0x7ffa92542000
mmap(0x7ffa92545000, 344, PROT_READ|PROT_WRITE, MAP_PRIVATE|MAP_FIXED|MAP_ANONYMOUS, -1, 0) = 0x7ffa92545000
close(6)                                = 0
access("/etc/ld.so.nohwcap", F_OK)      = -1 ENOENT (No such file or directory)
open("/usr/lib/x86_64-linux-gnu/libgnutls.so.30", O_RDONLY|O_CLOEXEC) = 6
read(6, "\177ELF\2\1\1\0\0\0\0\0\0\0\0\0\3\0>\0\1\0\0\0\300R\2\0\0\0\0\0"..., 832) = 832
fstat(6, {st_mode=S_IFREG|0644, st_size=1239440, ...}) = 0
mmap(NULL, 3338624, PROT_READ|PROT_EXEC, MAP_PRIVATE|MAP_DENYWRITE, 6, 0) = 0x7ffa91fd5000
mprotect(0x7ffa920f8000, 2093056, PROT_NONE) = 0
mmap(0x7ffa922f7000, 53248, PROT_READ|PROT_WRITE, MAP_PRIVATE|MAP_FIXED|MAP_DENYWRITE, 6, 0x122000) = 0x7ffa922f7000
mmap(0x7ffa92304000, 384, PROT_READ|PROT_WRITE, MAP_PRIVATE|MAP_FIXED|MAP_ANONYMOUS, -1, 0) = 0x7ffa92304000
close(6)                                = 0
access("/etc/ld.so.nohwcap", F_OK)      = -1 ENOENT (No such file or directory)
open("/usr/lib/x86_64-linux-gnu/libheimntlm.so.0", O_RDONLY|O_CLOEXEC) = 6
read(6, "\177ELF\2\1\1\0\0\0\0\0\0\0\0\0\3\0>\0\1\0\0\0p*\0\0\0\0\0\0"..., 832) = 832
fstat(6, {st_mode=S_IFREG|0644, st_size=35920, ...}) = 0
mmap(NULL, 2130928, PROT_READ|PROT_EXEC, MAP_PRIVATE|MAP_DENYWRITE, 6, 0) = 0x7ffa91dcc000
mprotect(0x7ffa91dd4000, 2093056, PROT_NONE) = 0
mmap(0x7ffa91fd3000, 8192, PROT_READ|PROT_WRITE, MAP_PRIVATE|MAP_FIXED|MAP_DENYWRITE, 6, 0x7000) = 0x7ffa91fd3000
close(6)                                = 0
access("/etc/ld.so.nohwcap", F_OK)      = -1 ENOENT (No such file or directory)
open("/usr/lib/x86_64-linux-gnu/libkrb5.so.26", O_RDONLY|O_CLOEXEC) = 6
read(6, "\177ELF\2\1\1\0\0\0\0\0\0\0\0\0\3\0>\0\1\0\0\0\300\302\1\0\0\0\0\0"..., 832) = 832
fstat(6, {st_mode=S_IFREG|0644, st_size=560808, ...}) = 0
mmap(NULL, 2658672, PROT_READ|PROT_EXEC, MAP_PRIVATE|MAP_DENYWRITE, 6, 0) = 0x7ffa91b42000
mprotect(0x7ffa91bc6000, 2093056, PROT_NONE) = 0
mmap(0x7ffa91dc5000, 24576, PROT_READ|PROT_WRITE, MAP_PRIVATE|MAP_FIXED|MAP_DENYWRITE, 6, 0x83000) = 0x7ffa91dc5000
mmap(0x7ffa91dcb000, 368, PROT_READ|PROT_WRITE, MAP_PRIVATE|MAP_FIXED|MAP_ANONYMOUS, -1, 0) = 0x7ffa91dcb000
close(6)                                = 0
access("/etc/ld.so.nohwcap", F_OK)      = -1 ENOENT (No such file or directory)
open("/usr/lib/x86_64-linux-gnu/libasn1.so.8", O_RDONLY|O_CLOEXEC) = 6
read(6, "\177ELF\2\1\1\0\0\0\0\0\0\0\0\0\3\0>\0\1\0\0\0\0\232\1\0\0\0\0\0"..., 832) = 832
fstat(6, {st_mode=S_IFREG|0644, st_size=661872, ...}) = 0
mmap(NULL, 2756880, PROT_READ|PROT_EXEC, MAP_PRIVATE|MAP_DENYWRITE, 6, 0) = 0x7ffa918a0000
mprotect(0x7ffa9193f000, 2093056, PROT_NONE) = 0
mmap(0x7ffa91b3e000, 16384, PROT_READ|PROT_WRITE, MAP_PRIVATE|MAP_FIXED|MAP_DENYWRITE, 6, 0x9e000) = 0x7ffa91b3e000
close(6)                                = 0
access("/etc/ld.so.nohwcap", F_OK)      = -1 ENOENT (No such file or directory)
open("/usr/lib/x86_64-linux-gnu/libhcrypto.so.4", O_RDONLY|O_CLOEXEC) = 6
read(6, "\177ELF\2\1\1\0\0\0\0\0\0\0\0\0\3\0>\0\1\0\0\0pg\0\0\0\0\0\0"..., 832) = 832
fstat(6, {st_mode=S_IFREG|0644, st_size=204168, ...}) = 0
mmap(NULL, 2303016, PROT_READ|PROT_EXEC, MAP_PRIVATE|MAP_DENYWRITE, 6, 0) = 0x7ffa9166d000
mprotect(0x7ffa9169d000, 2097152, PROT_NONE) = 0
mmap(0x7ffa9189d000, 8192, PROT_READ|PROT_WRITE, MAP_PRIVATE|MAP_FIXED|MAP_DENYWRITE, 6, 0x30000) = 0x7ffa9189d000
mmap(0x7ffa9189f000, 1064, PROT_READ|PROT_WRITE, MAP_PRIVATE|MAP_FIXED|MAP_ANONYMOUS, -1, 0) = 0x7ffa9189f000
close(6)                                = 0
access("/etc/ld.so.nohwcap", F_OK)      = -1 ENOENT (No such file or directory)
open("/usr/lib/x86_64-linux-gnu/libroken.so.18", O_RDONLY|O_CLOEXEC) = 6
read(6, "\177ELF\2\1\1\0\0\0\0\0\0\0\0\0\3\0>\0\1\0\0\0\320N\0\0\0\0\0\0"..., 832) = 832
fstat(6, {st_mode=S_IFREG|0644, st_size=89904, ...}) = 0
mmap(NULL, 2185320, PROT_READ|PROT_EXEC, MAP_PRIVATE|MAP_DENYWRITE, 6, 0) = 0x7ffa91457000
mprotect(0x7ffa9146c000, 2093056, PROT_NONE) = 0
mmap(0x7ffa9166b000, 8192, PROT_READ|PROT_WRITE, MAP_PRIVATE|MAP_FIXED|MAP_DENYWRITE, 6, 0x14000) = 0x7ffa9166b000
close(6)                                = 0
access("/etc/ld.so.nohwcap", F_OK)      = -1 ENOENT (No such file or directory)
open("/lib/x86_64-linux-gnu/libz.so.1", O_RDONLY|O_CLOEXEC) = 6
read(6, "\177ELF\2\1\1\0\0\0\0\0\0\0\0\0\3\0>\0\1\0\0\0\260\35\0\0\0\0\0\0"..., 832) = 832
fstat(6, {st_mode=S_IFREG|0644, st_size=104864, ...}) = 0
mmap(NULL, 2199848, PROT_READ|PROT_EXEC, MAP_PRIVATE|MAP_DENYWRITE, 6, 0) = 0x7ffa9123d000
mprotect(0x7ffa91256000, 2093056, PROT_NONE) = 0
mmap(0x7ffa91455000, 8192, PROT_READ|PROT_WRITE, MAP_PRIVATE|MAP_FIXED|MAP_DENYWRITE, 6, 0x18000) = 0x7ffa91455000
close(6)                                = 0
access("/etc/ld.so.nohwcap", F_OK)      = -1 ENOENT (No such file or directory)
open("/usr/lib/x86_64-linux-gnu/libp11-kit.so.0", O_RDONLY|O_CLOEXEC) = 6
read(6, "\177ELF\2\1\1\0\0\0\0\0\0\0\0\0\3\0>\0\1\0\0\0p\24\1\0\0\0\0\0"..., 832) = 832
fstat(6, {st_mode=S_IFREG|0644, st_size=408472, ...}) = 0
mmap(NULL, 2504592, PROT_READ|PROT_EXEC, MAP_PRIVATE|MAP_DENYWRITE, 6, 0) = 0x7ffa90fd9000
mprotect(0x7ffa91032000, 2093056, PROT_NONE) = 0
mmap(0x7ffa91231000, 49152, PROT_READ|PROT_WRITE, MAP_PRIVATE|MAP_FIXED|MAP_DENYWRITE, 6, 0x58000) = 0x7ffa91231000
close(6)                                = 0
access("/etc/ld.so.nohwcap", F_OK)      = -1 ENOENT (No such file or directory)
open("/usr/lib/x86_64-linux-gnu/libidn.so.11", O_RDONLY|O_CLOEXEC) = 6
read(6, "\177ELF\2\1\1\0\0\0\0\0\0\0\0\0\3\0>\0\1\0\0\0p+\0\0\0\0\0\0"..., 832) = 832
fstat(6, {st_mode=S_IFREG|0644, st_size=207208, ...}) = 0
mmap(NULL, 2302192, PROT_READ|PROT_EXEC, MAP_PRIVATE|MAP_DENYWRITE, 6, 0) = 0x7ffa90da6000
mprotect(0x7ffa90dd7000, 2097152, PROT_NONE) = 0
mmap(0x7ffa90fd7000, 8192, PROT_READ|PROT_WRITE, MAP_PRIVATE|MAP_FIXED|MAP_DENYWRITE, 6, 0x31000) = 0x7ffa90fd7000
close(6)                                = 0
access("/etc/ld.so.nohwcap", F_OK)      = -1 ENOENT (No such file or directory)
open("/usr/lib/x86_64-linux-gnu/libtasn1.so.6", O_RDONLY|O_CLOEXEC) = 6
read(6, "\177ELF\2\1\1\0\0\0\0\0\0\0\0\0\3\0>\0\1\0\0\0\340)\0\0\0\0\0\0"..., 832) = 832
fstat(6, {st_mode=S_IFREG|0644, st_size=76192, ...}) = 0
mmap(NULL, 2171912, PROT_READ|PROT_EXEC, MAP_PRIVATE|MAP_DENYWRITE, 6, 0) = 0x7ffa90b93000
mprotect(0x7ffa90ba4000, 2097152, PROT_NONE) = 0
mmap(0x7ffa90da4000, 8192, PROT_READ|PROT_WRITE, MAP_PRIVATE|MAP_FIXED|MAP_DENYWRITE, 6, 0x11000) = 0x7ffa90da4000
close(6)                                = 0
access("/etc/ld.so.nohwcap", F_OK)      = -1 ENOENT (No such file or directory)
open("/usr/lib/x86_64-linux-gnu/libnettle.so.6", O_RDONLY|O_CLOEXEC) = 6
read(6, "\177ELF\2\1\1\0\0\0\0\0\0\0\0\0\3\0>\0\1\0\0\0`~\0\0\0\0\0\0"..., 832) = 832
fstat(6, {st_mode=S_IFREG|0644, st_size=219336, ...}) = 0
mmap(NULL, 2314384, PROT_READ|PROT_EXEC, MAP_PRIVATE|MAP_DENYWRITE, 6, 0) = 0x7ffa9095d000
mprotect(0x7ffa90991000, 2093056, PROT_NONE) = 0
mmap(0x7ffa90b90000, 12288, PROT_READ|PROT_WRITE, MAP_PRIVATE|MAP_FIXED|MAP_DENYWRITE, 6, 0x33000) = 0x7ffa90b90000
close(6)                                = 0
access("/etc/ld.so.nohwcap", F_OK)      = -1 ENOENT (No such file or directory)
open("/usr/lib/x86_64-linux-gnu/libhogweed.so.4", O_RDONLY|O_CLOEXEC) = 6
read(6, "\177ELF\2\1\1\0\0\0\0\0\0\0\0\0\3\0>\0\1\0\0\0\340e\0\0\0\0\0\0"..., 832) = 832
fstat(6, {st_mode=S_IFREG|0644, st_size=207640, ...}) = 0
mmap(NULL, 2302656, PROT_READ|PROT_EXEC, MAP_PRIVATE|MAP_DENYWRITE, 6, 0) = 0x7ffa9072a000
mprotect(0x7ffa9075c000, 2093056, PROT_NONE) = 0
mmap(0x7ffa9095b000, 8192, PROT_READ|PROT_WRITE, MAP_PRIVATE|MAP_FIXED|MAP_DENYWRITE, 6, 0x31000) = 0x7ffa9095b000
close(6)                                = 0
access("/etc/ld.so.nohwcap", F_OK)      = -1 ENOENT (No such file or directory)
open("/usr/lib/x86_64-linux-gnu/libgmp.so.10", O_RDONLY|O_CLOEXEC) = 6
read(6, "\177ELF\2\1\1\0\0\0\0\0\0\0\0\0\3\0>\0\1\0\0\0\300\223\0\0\0\0\0\0"..., 832) = 832
fstat(6, {st_mode=S_IFREG|0644, st_size=522664, ...}) = 0
mmap(NULL, 2617792, PROT_READ|PROT_EXEC, MAP_PRIVATE|MAP_DENYWRITE, 6, 0) = 0x7ffa904aa000
mprotect(0x7ffa90529000, 2093056, PROT_NONE) = 0
mmap(0x7ffa90728000, 8192, PROT_READ|PROT_WRITE, MAP_PRIVATE|MAP_FIXED|MAP_DENYWRITE, 6, 0x7e000) = 0x7ffa90728000
close(6)                                = 0
access("/etc/ld.so.nohwcap", F_OK)      = -1 ENOENT (No such file or directory)
open("/usr/lib/x86_64-linux-gnu/libwind.so.0", O_RDONLY|O_CLOEXEC) = 6
read(6, "\177ELF\2\1\1\0\0\0\0\0\0\0\0\0\3\0>\0\1\0\0\0\240\16\0\0\0\0\0\0"..., 832) = 832
fstat(6, {st_mode=S_IFREG|0644, st_size=166128, ...}) = 0
mmap(NULL, 2261136, PROT_READ|PROT_EXEC, MAP_PRIVATE|MAP_DENYWRITE, 6, 0) = 0x7ffa90281000
mprotect(0x7ffa902a8000, 2097152, PROT_NONE) = 0
mmap(0x7ffa904a8000, 8192, PROT_READ|PROT_WRITE, MAP_PRIVATE|MAP_FIXED|MAP_DENYWRITE, 6, 0x27000) = 0x7ffa904a8000
close(6)                                = 0
access("/etc/ld.so.nohwcap", F_OK)      = -1 ENOENT (No such file or directory)
open("/usr/lib/x86_64-linux-gnu/libheimbase.so.1", O_RDONLY|O_CLOEXEC) = 6
read(6, "\177ELF\2\1\1\0\0\0\0\0\0\0\0\0\3\0>\0\1\0\0\0\300(\0\0\0\0\0\0"..., 832) = 832
fstat(6, {st_mode=S_IFREG|0644, st_size=60928, ...}) = 0
mmap(NULL, 2157176, PROT_READ|PROT_EXEC, MAP_PRIVATE|MAP_DENYWRITE, 6, 0) = 0x7ffa90072000
mprotect(0x7ffa90080000, 2093056, PROT_NONE) = 0
mmap(0x7ffa9027f000, 8192, PROT_READ|PROT_WRITE, MAP_PRIVATE|MAP_FIXED|MAP_DENYWRITE, 6, 0xd000) = 0x7ffa9027f000
close(6)                                = 0
access("/etc/ld.so.nohwcap", F_OK)      = -1 ENOENT (No such file or directory)
open("/usr/lib/x86_64-linux-gnu/libhx509.so.5", O_RDONLY|O_CLOEXEC) = 6
read(6, "\177ELF\2\1\1\0\0\0\0\0\0\0\0\0\3\0>\0\1\0\0\0 \20\1\0\0\0\0\0"..., 832) = 832
fstat(6, {st_mode=S_IFREG|0644, st_size=304072, ...}) = 0
mmap(NULL, 2400264, PROT_READ|PROT_EXEC, MAP_PRIVATE|MAP_DENYWRITE, 6, 0) = 0x7ffa8fe27000
mprotect(0x7ffa8fe6e000, 2093056, PROT_NONE) = 0
mmap(0x7ffa9006d000, 16384, PROT_READ|PROT_WRITE, MAP_PRIVATE|MAP_FIXED|MAP_DENYWRITE, 6, 0x46000) = 0x7ffa9006d000
mmap(0x7ffa90071000, 8, PROT_READ|PROT_WRITE, MAP_PRIVATE|MAP_FIXED|MAP_ANONYMOUS, -1, 0) = 0x7ffa90071000
close(6)                                = 0
access("/etc/ld.so.nohwcap", F_OK)      = -1 ENOENT (No such file or directory)
open("/usr/lib/x86_64-linux-gnu/libsqlite3.so.0", O_RDONLY|O_CLOEXEC) = 6
read(6, "\177ELF\2\1\1\0\0\0\0\0\0\0\0\0\3\0>\0\1\0\0\0\360\257\0\0\0\0\0\0"..., 832) = 832
fstat(6, {st_mode=S_IFREG|0644, st_size=866144, ...}) = 0
mmap(NULL, 2963160, PROT_READ|PROT_EXEC, MAP_PRIVATE|MAP_DENYWRITE, 6, 0) = 0x7ffa8fb53000
mprotect(0x7ffa8fc22000, 2093056, PROT_NONE) = 0
mmap(0x7ffa8fe21000, 20480, PROT_READ|PROT_WRITE, MAP_PRIVATE|MAP_FIXED|MAP_DENYWRITE, 6, 0xce000) = 0x7ffa8fe21000
mmap(0x7ffa8fe26000, 1752, PROT_READ|PROT_WRITE, MAP_PRIVATE|MAP_FIXED|MAP_ANONYMOUS, -1, 0) = 0x7ffa8fe26000
close(6)                                = 0
access("/etc/ld.so.nohwcap", F_OK)      = -1 ENOENT (No such file or directory)
open("/usr/lib/x86_64-linux-gnu/libffi.so.6", O_RDONLY|O_CLOEXEC) = 6
read(6, "\177ELF\2\1\1\0\0\0\0\0\0\0\0\0\3\0>\0\1\0\0\0\360\27\0\0\0\0\0\0"..., 832) = 832
fstat(6, {st_mode=S_IFREG|0644, st_size=31104, ...}) = 0
mmap(NULL, 2127368, PROT_READ|PROT_EXEC, MAP_PRIVATE|MAP_DENYWRITE, 6, 0) = 0x7ffa8f94b000
mprotect(0x7ffa8f952000, 2093056, PROT_NONE) = 0
mmap(0x7ffa8fb51000, 8192, PROT_READ|PROT_WRITE, MAP_PRIVATE|MAP_FIXED|MAP_DENYWRITE, 6, 0x6000) = 0x7ffa8fb51000
close(6)                                = 0
mprotect(0x7ffa8fb51000, 4096, PROT_READ) = 0
mprotect(0x7ffa8fe21000, 12288, PROT_READ) = 0
mprotect(0x7ffa9166b000, 4096, PROT_READ) = 0
mprotect(0x7ffa91b3e000, 4096, PROT_READ) = 0
mprotect(0x7ffa9189d000, 4096, PROT_READ) = 0
mprotect(0x7ffa904a8000, 4096, PROT_READ) = 0
mprotect(0x7ffa9027f000, 4096, PROT_READ) = 0
mprotect(0x7ffa9006d000, 8192, PROT_READ) = 0
mprotect(0x7ffa90728000, 4096, PROT_READ) = 0
mprotect(0x7ffa90b90000, 8192, PROT_READ) = 0
mprotect(0x7ffa9095b000, 4096, PROT_READ) = 0
mprotect(0x7ffa90da4000, 4096, PROT_READ) = 0
mprotect(0x7ffa90fd7000, 4096, PROT_READ) = 0
mprotect(0x7ffa91231000, 40960, PROT_READ) = 0
mprotect(0x7ffa91455000, 4096, PROT_READ) = 0
mprotect(0x7ffa91dc5000, 12288, PROT_READ) = 0
mprotect(0x7ffa91fd3000, 4096, PROT_READ) = 0
mprotect(0x7ffa922f7000, 45056, PROT_READ) = 0
mprotect(0x7ffa92542000, 4096, PROT_READ) = 0
mprotect(0x7ffa9275f000, 4096, PROT_READ) = 0
mprotect(0x7ffa9296e000, 4096, PROT_READ) = 0
mprotect(0x7ffa92bbc000, 8192, PROT_READ) = 0
mprotect(0x7ffa92dcb000, 4096, PROT_READ) = 0
futex(0x7ffa9123c740, FUTEX_WAKE_PRIVATE, 2147483647) = 0
brk(0x55927db61000)                     = 0x55927db61000
open("/dev/urandom", O_RDONLY)          = 6
fcntl(6, F_GETFD)                       = 0
fcntl(6, F_SETFD, FD_CLOEXEC)           = 0
fstat(6, {st_mode=S_IFCHR|0666, st_rdev=makedev(1, 9), ...}) = 0
getrusage(0x1 /* RUSAGE_??? */, {ru_utime={0, 8000}, ru_stime={0, 0}, ...}) = 0
read(6, "\2670\207CV!o\272\16\232yhK\224\205S^\357\227x\326\340\217\3502\266H\t\353\361\362a", 32) = 32
read(6, "\35,V\356\230\362\301\7f#_\373z^C\264\3707\226\25\201\301\241L\340\31,YT\365\342\251", 32) = 32
read(6, "\200p\275\226J\35\207)", 8)    = 8
munmap(0x7ffa97374000, 40227)           = 0
open("/lib/x86_64-linux-gnu/security/pam_deny.so", O_RDONLY|O_CLOEXEC) = 7
read(7, "\177ELF\2\1\1\0\0\0\0\0\0\0\0\0\3\0>\0\1\0\0\0\260\5\0\0\0\0\0\0"..., 832) = 832
fstat(7, {st_mode=S_IFREG|0644, st_size=6000, ...}) = 0
mmap(NULL, 2101288, PROT_READ|PROT_EXEC, MAP_PRIVATE|MAP_DENYWRITE, 7, 0) = 0x7ffa8f749000
mprotect(0x7ffa8f74a000, 2093056, PROT_NONE) = 0
mmap(0x7ffa8f949000, 8192, PROT_READ|PROT_WRITE, MAP_PRIVATE|MAP_FIXED|MAP_DENYWRITE, 7, 0) = 0x7ffa8f949000
close(7)                                = 0
mprotect(0x7ffa8f949000, 4096, PROT_READ) = 0
open("/lib/x86_64-linux-gnu/security/pam_permit.so", O_RDONLY|O_CLOEXEC) = 7
read(7, "\177ELF\2\1\1\0\0\0\0\0\0\0\0\0\3\0>\0\1\0\0\0\360\6\0\0\0\0\0\0"..., 832) = 832
fstat(7, {st_mode=S_IFREG|0644, st_size=6168, ...}) = 0
mmap(NULL, 2101312, PROT_READ|PROT_EXEC, MAP_PRIVATE|MAP_DENYWRITE, 7, 0) = 0x7ffa8f547000
mprotect(0x7ffa8f548000, 2093056, PROT_NONE) = 0
mmap(0x7ffa8f747000, 8192, PROT_READ|PROT_WRITE, MAP_PRIVATE|MAP_FIXED|MAP_DENYWRITE, 7, 0) = 0x7ffa8f747000
close(7)                                = 0
mprotect(0x7ffa8f747000, 4096, PROT_READ) = 0
open("/lib/x86_64-linux-gnu/security/pam_gnome_keyring.so", O_RDONLY|O_CLOEXEC) = -1 ENOENT (No such file or directory)
open("/lib/security/pam_gnome_keyring.so", O_RDONLY|O_CLOEXEC) = -1 ENOENT (No such file or directory)
open("/usr/share/locale/locale.alias", O_RDONLY|O_CLOEXEC) = 7
fstat(7, {st_mode=S_IFREG|0644, st_size=2995, ...}) = 0
read(7, "# Locale name alias data base.\n#"..., 4096) = 2995
read(7, "", 4096)                       = 0
close(7)                                = 0
open("/usr/share/locale/en_US/LC_MESSAGES/libc.mo", O_RDONLY) = -1 ENOENT (No such file or directory)
open("/usr/share/locale/en/LC_MESSAGES/libc.mo", O_RDONLY) = -1 ENOENT (No such file or directory)
open("/usr/share/locale-langpack/en_US/LC_MESSAGES/libc.mo", O_RDONLY) = -1 ENOENT (No such file or directory)
open("/usr/share/locale-langpack/en/LC_MESSAGES/libc.mo", O_RDONLY) = -1 ENOENT (No such file or directory)
open("/etc/localtime", O_RDONLY|O_CLOEXEC) = 7
fstat(7, {st_mode=S_IFREG|0644, st_size=3585, ...}) = 0
fstat(7, {st_mode=S_IFREG|0644, st_size=3585, ...}) = 0
read(7, "TZif2\0\0\0\0\0\0\0\0\0\0\0\0\0\0\0\0\0\0\7\0\0\0\7\0\0\0\0"..., 4096) = 3585
lseek(7, -2281, SEEK_CUR)               = 1304
read(7, "TZif2\0\0\0\0\0\0\0\0\0\0\0\0\0\0\0\0\0\0\7\0\0\0\7\0\0\0\0"..., 4096) = 2281
close(7)                                = 0
socket(PF_LOCAL, SOCK_DGRAM|SOCK_CLOEXEC, 0) = 7
connect(7, {sa_family=AF_LOCAL, sun_path="/dev/log"}, 110) = 0
sendto(7, "<83>May  5 15:34:46 passwd[1669]"..., 171, MSG_NOSIGNAL, NULL, 0) = 171
sendto(7, "<83>May  5 15:34:46 passwd[1669]"..., 80, MSG_NOSIGNAL, NULL, 0) = 80
read(5, "", 4096)                       = 0
close(5)                                = 0
read(4, "", 4096)                       = 0
close(4)                                = 0
open("/etc/pam.d/other", O_RDONLY)      = 4
fstat(4, {st_mode=S_IFREG|0644, st_size=520, ...}) = 0
read(4, "#\n# /etc/pam.d/other - specify t"..., 4096) = 520
stat("/etc/pam.d", {st_mode=S_IFDIR|0755, st_size=4096, ...}) = 0
open("/etc/pam.d/common-auth", O_RDONLY) = 5
fstat(5, {st_mode=S_IFREG|0644, st_size=1414, ...}) = 0
read(5, "#\n# /etc/pam.d/common-auth - aut"..., 4096) = 1414
read(5, "", 4096)                       = 0
close(5)                                = 0
stat("/etc/pam.d", {st_mode=S_IFDIR|0755, st_size=4096, ...}) = 0
open("/etc/pam.d/common-account", O_RDONLY) = 5
fstat(5, {st_mode=S_IFREG|0644, st_size=1408, ...}) = 0
read(5, "#\n# /etc/pam.d/common-account - "..., 4096) = 1408
open("/lib/x86_64-linux-gnu/security/pam_localuser.so", O_RDONLY|O_CLOEXEC) = 8
read(8, "\177ELF\2\1\1\0\0\0\0\0\0\0\0\0\3\0>\0\1\0\0\0\260\10\0\0\0\0\0\0"..., 832) = 832
fstat(8, {st_mode=S_IFREG|0644, st_size=10304, ...}) = 0
mmap(NULL, 2105448, PROT_READ|PROT_EXEC, MAP_PRIVATE|MAP_DENYWRITE, 8, 0) = 0x7ffa8f344000
mprotect(0x7ffa8f345000, 2097152, PROT_NONE) = 0
mmap(0x7ffa8f545000, 8192, PROT_READ|PROT_WRITE, MAP_PRIVATE|MAP_FIXED|MAP_DENYWRITE, 8, 0x1000) = 0x7ffa8f545000
close(8)                                = 0
mprotect(0x7ffa8f545000, 4096, PROT_READ) = 0
read(5, "", 4096)                       = 0
close(5)                                = 0
stat("/etc/pam.d", {st_mode=S_IFDIR|0755, st_size=4096, ...}) = 0
open("/etc/pam.d/common-password", O_RDONLY) = 5
fstat(5, {st_mode=S_IFREG|0644, st_size=1782, ...}) = 0
read(5, "#\n# /etc/pam.d/common-password -"..., 4096) = 1782
read(5, "", 4096)                       = 0
close(5)                                = 0
stat("/etc/pam.d", {st_mode=S_IFDIR|0755, st_size=4096, ...}) = 0
open("/etc/pam.d/common-session", O_RDONLY) = 5
fstat(5, {st_mode=S_IFREG|0644, st_size=1642, ...}) = 0
read(5, "#\n# /etc/pam.d/common-session - "..., 4096) = 1642
open("/lib/x86_64-linux-gnu/security/pam_umask.so", O_RDONLY|O_CLOEXEC) = 8
read(8, "\177ELF\2\1\1\0\0\0\0\0\0\0\0\0\3\0>\0\1\0\0\0\300\f\0\0\0\0\0\0"..., 832) = 832
fstat(8, {st_mode=S_IFREG|0644, st_size=10432, ...}) = 0
mmap(NULL, 2105576, PROT_READ|PROT_EXEC, MAP_PRIVATE|MAP_DENYWRITE, 8, 0) = 0x7ffa8f141000
mprotect(0x7ffa8f143000, 2093056, PROT_NONE) = 0
mmap(0x7ffa8f342000, 8192, PROT_READ|PROT_WRITE, MAP_PRIVATE|MAP_FIXED|MAP_DENYWRITE, 8, 0x1000) = 0x7ffa8f342000
close(8)                                = 0
mprotect(0x7ffa8f342000, 4096, PROT_READ) = 0
open("/lib/x86_64-linux-gnu/security/pam_systemd.so", O_RDONLY|O_CLOEXEC) = 8
read(8, "\177ELF\2\1\1\0\0\0\0\0\0\0\0\0\3\0>\0\1\0\0\0\0\0\0\0\0\0\0\0"..., 832) = 832
fstat(8, {st_mode=S_IFREG|0644, st_size=274376, ...}) = 0
mmap(NULL, 278113, PROT_READ|PROT_EXEC, MAP_PRIVATE|MAP_DENYWRITE, 8, 0) = 0x7ffa9732a000
mmap(0x7ffa9736a000, 16384, PROT_READ|PROT_WRITE, MAP_PRIVATE|MAP_FIXED|MAP_DENYWRITE, 8, 0x3f000) = 0x7ffa9736a000
close(8)                                = 0
open("/etc/ld.so.cache", O_RDONLY|O_CLOEXEC) = 8
fstat(8, {st_mode=S_IFREG|0644, st_size=40227, ...}) = 0
mmap(NULL, 40227, PROT_READ, MAP_PRIVATE, 8, 0) = 0x7ffa97374000
close(8)                                = 0
access("/etc/ld.so.nohwcap", F_OK)      = -1 ENOENT (No such file or directory)
open("/lib/x86_64-linux-gnu/librt.so.1", O_RDONLY|O_CLOEXEC) = 8
read(8, "\177ELF\2\1\1\0\0\0\0\0\0\0\0\0\3\0>\0\1\0\0\0\0!\0\0\0\0\0\0"..., 832) = 832
fstat(8, {st_mode=S_IFREG|0644, st_size=31712, ...}) = 0
mmap(NULL, 2128832, PROT_READ|PROT_EXEC, MAP_PRIVATE|MAP_DENYWRITE, 8, 0) = 0x7ffa8ef39000
mprotect(0x7ffa8ef40000, 2093056, PROT_NONE) = 0
mmap(0x7ffa8f13f000, 8192, PROT_READ|PROT_WRITE, MAP_PRIVATE|MAP_FIXED|MAP_DENYWRITE, 8, 0x6000) = 0x7ffa8f13f000
close(8)                                = 0
mprotect(0x7ffa8f13f000, 4096, PROT_READ) = 0
mprotect(0x7ffa9736a000, 12288, PROT_READ) = 0
munmap(0x7ffa97374000, 40227)           = 0
open("/lib/x86_64-linux-gnu/security/pam_mkhomedir.so", O_RDONLY|O_CLOEXEC) = 8
read(8, "\177ELF\2\1\1\0\0\0\0\0\0\0\0\0\3\0>\0\1\0\0\0\220\n\0\0\0\0\0\0"..., 832) = 832
fstat(8, {st_mode=S_IFREG|0644, st_size=10376, ...}) = 0
mmap(NULL, 2105528, PROT_READ|PROT_EXEC, MAP_PRIVATE|MAP_DENYWRITE, 8, 0) = 0x7ffa8ed36000
mprotect(0x7ffa8ed38000, 2093056, PROT_NONE) = 0
mmap(0x7ffa8ef37000, 8192, PROT_READ|PROT_WRITE, MAP_PRIVATE|MAP_FIXED|MAP_DENYWRITE, 8, 0x1000) = 0x7ffa8ef37000
close(8)                                = 0
mprotect(0x7ffa8ef37000, 4096, PROT_READ) = 0
read(5, "", 4096)                       = 0
close(5)                                = 0
read(4, "", 4096)                       = 0
close(4)                                = 0
open("/etc/security/pwquality.conf.d", O_RDONLY|O_NONBLOCK|O_DIRECTORY|O_CLOEXEC) = -1 ENOENT (No such file or directory)
open("/etc/security/pwquality.conf", O_RDONLY) = 4
fstat(4, {st_mode=S_IFREG|0644, st_size=1718, ...}) = 0
read(4, "# Configuration for systemwide p"..., 4096) = 1718
read(4, "", 4096)                       = 0
close(4)                                = 0
getuid()                                = 0
geteuid()                               = 0
getgid()                                = 0
getegid()                               = 0
futex(0x7ffa93a522b0, FUTEX_WAKE_PRIVATE, 2147483647) = 0
futex(0x7ffa93a52150, FUTEX_WAKE_PRIVATE, 2147483647) = 0
futex(0x7ffa941567b0, FUTEX_WAKE_PRIVATE, 2147483647) = 0
futex(0x7ffa94157870, FUTEX_WAKE_PRIVATE, 2147483647) = 0
stat("/etc/krb5.conf", {st_mode=S_IFREG|0644, st_size=5192, ...}) = 0
open("/etc/krb5.conf", O_RDONLY)        = 4
fcntl(4, F_SETFD, FD_CLOEXEC)           = 0
fstat(4, {st_mode=S_IFREG|0644, st_size=5192, ...}) = 0
read(4, "[libdefaults]\n     default_realm"..., 4096) = 4096
read(4, "\n        admin_server = krb5-adm"..., 4096) = 1096
read(4, "", 4096)                       = 0
close(4)                                = 0
open("/dev/urandom", O_RDONLY)          = 4
fcntl(4, F_SETFD, FD_CLOEXEC)           = 0
fstat(4, {st_mode=S_IFCHR|0666, st_rdev=makedev(1, 9), ...}) = 0
read(4, "?=\305\326\365\233\270.\310\263M\n\306\242j\257\357\17\244K\rw\254\370\33]\376\321\354\324wx"..., 64) = 64
close(4)                                = 0
open("/dev/urandom", O_RDONLY)          = 4
fcntl(4, F_SETFD, FD_CLOEXEC)           = 0
fstat(4, {st_mode=S_IFCHR|0666, st_rdev=makedev(1, 9), ...}) = 0
read(4, "\353G\275]\31\365\274\267\365\227\204\316B\242lD\265\334s\20DY\236~\376.H\240U\360\273\v"..., 64) = 64
close(4)                                = 0
futex(0x7ffa93e84180, FUTEX_WAKE_PRIVATE, 2147483647) = 0
open("/etc/passwd", O_RDONLY|O_CLOEXEC) = 4
lseek(4, 0, SEEK_CUR)                   = 0
fstat(4, {st_mode=S_IFREG|0644, st_size=1785, ...}) = 0
mmap(NULL, 1785, PROT_READ, MAP_SHARED, 4, 0) = 0x7ffa9737d000
lseek(4, 1785, SEEK_SET)                = 1785
munmap(0x7ffa9737d000, 1785)            = 0
close(4)                                = 0
ioctl(0, TCGETS, {B9600 opost isig icanon echo ...}) = 0
ioctl(0, TCGETS, {B9600 opost isig icanon echo ...}) = 0
rt_sigprocmask(SIG_BLOCK, [TSTP], [], 8) = 0
ioctl(0, TCGETS, {B9600 opost isig icanon echo ...}) = 0
ioctl(0, SNDCTL_TMR_CONTINUE or TCSETSF, {B9600 opost isig icanon -echo ...}) = 0
ioctl(0, TCGETS, {B9600 opost isig icanon -echo ...}) = 0
write(2, "Current Kerberos password: ", 27) = 27
read(0, "\n", 511)                      = 1
ioctl(0, TCGETS, {B9600 opost isig icanon -echo ...}) = 0
ioctl(0, SNDCTL_TMR_STOP or TCSETSW, {B9600 opost isig icanon echo ...}) = 0
ioctl(0, TCGETS, {B9600 opost isig icanon echo ...}) = 0
write(2, "\n", 1)                       = 1
rt_sigprocmask(SIG_SETMASK, [], NULL, 8) = 0
ioctl(0, TCGETS, {B9600 opost isig icanon echo ...}) = 0
ioctl(0, SNDCTL_TMR_STOP or TCSETSW, {B9600 opost isig icanon echo ...}) = 0
ioctl(0, TCGETS, {B9600 opost isig icanon echo ...}) = 0
getuid()                                = 0
open("/etc/login.defs", O_RDONLY)       = 4
fstat(4, {st_mode=S_IFREG|0644, st_size=10551, ...}) = 0
read(4, "#\n# /etc/login.defs - Configurat"..., 4096) = 4096
read(4, " issuing \n# the \"mesg y\" command"..., 4096) = 4096
read(4, " algorithm compatible with the o"..., 4096) = 2359
close(4)                                = 0
open("/etc/login.defs", O_RDONLY)       = 4
fstat(4, {st_mode=S_IFREG|0644, st_size=10551, ...}) = 0
read(4, "#\n# /etc/login.defs - Configurat"..., 4096) = 4096
read(4, " issuing \n# the \"mesg y\" command"..., 4096) = 4096
read(4, " algorithm compatible with the o"..., 4096) = 2359
read(4, "", 4096)                       = 0
close(4)                                = 0
open("/etc/passwd", O_RDONLY)           = 4
fstat(4, {st_mode=S_IFREG|0644, st_size=1785, ...}) = 0
read(4, "root:x:0:0:root:/root:/bin/bash\n"..., 4096) = 1785
close(4)                                = 0
open("/etc/passwd", O_RDONLY)           = 4
fstat(4, {st_mode=S_IFREG|0644, st_size=1785, ...}) = 0
read(4, "root:x:0:0:root:/root:/bin/bash\n"..., 4096) = 1785
close(4)                                = 0
open("/etc/passwd", O_RDONLY|O_CLOEXEC) = 4
lseek(4, 0, SEEK_CUR)                   = 0
fstat(4, {st_mode=S_IFREG|0644, st_size=1785, ...}) = 0
mmap(NULL, 1785, PROT_READ, MAP_SHARED, 4, 0) = 0x7ffa9737d000
lseek(4, 1785, SEEK_SET)                = 1785
munmap(0x7ffa9737d000, 1785)            = 0
close(4)                                = 0
open("/etc/shadow", O_RDONLY|O_CLOEXEC) = 4
lseek(4, 0, SEEK_CUR)                   = 0
fstat(4, {st_mode=S_IFREG|0640, st_size=1276, ...}) = 0
mmap(NULL, 1276, PROT_READ, MAP_SHARED, 4, 0) = 0x7ffa9737d000
lseek(4, 1276, SEEK_SET)                = 1276
munmap(0x7ffa9737d000, 1276)            = 0
close(4)                                = 0
open("/etc/passwd", O_RDONLY|O_CLOEXEC) = 4
lseek(4, 0, SEEK_CUR)                   = 0
fstat(4, {st_mode=S_IFREG|0644, st_size=1785, ...}) = 0
mmap(NULL, 1785, PROT_READ, MAP_SHARED, 4, 0) = 0x7ffa9737d000
lseek(4, 1785, SEEK_SET)                = 1785
munmap(0x7ffa9737d000, 1785)            = 0
close(4)                                = 0
open("/etc/shadow", O_RDONLY|O_CLOEXEC) = 4
lseek(4, 0, SEEK_CUR)                   = 0
fstat(4, {st_mode=S_IFREG|0640, st_size=1276, ...}) = 0
mmap(NULL, 1276, PROT_READ, MAP_SHARED, 4, 0) = 0x7ffa9737d000
lseek(4, 1276, SEEK_SET)                = 1276
munmap(0x7ffa9737d000, 1276)            = 0
close(4)                                = 0
open("/etc/security/pwquality.conf.d", O_RDONLY|O_NONBLOCK|O_DIRECTORY|O_CLOEXEC) = -1 ENOENT (No such file or directory)
open("/etc/security/pwquality.conf", O_RDONLY) = 4
fstat(4, {st_mode=S_IFREG|0644, st_size=1718, ...}) = 0
read(4, "# Configuration for systemwide p"..., 4096) = 1718
read(4, "", 4096)                       = 0
close(4)                                = 0
open("/usr/share/locale/en_US/LC_MESSAGES/Linux-PAM.mo", O_RDONLY) = -1 ENOENT (No such file or directory)
open("/usr/share/locale/en/LC_MESSAGES/Linux-PAM.mo", O_RDONLY) = -1 ENOENT (No such file or directory)
open("/usr/share/locale-langpack/en_US/LC_MESSAGES/Linux-PAM.mo", O_RDONLY) = -1 ENOENT (No such file or directory)
open("/usr/share/locale-langpack/en/LC_MESSAGES/Linux-PAM.mo", O_RDONLY) = -1 ENOENT (No such file or directory)
ioctl(0, TCGETS, {B9600 opost isig icanon echo ...}) = 0
ioctl(0, TCGETS, {B9600 opost isig icanon echo ...}) = 0
rt_sigprocmask(SIG_BLOCK, [TSTP], [], 8) = 0
ioctl(0, TCGETS, {B9600 opost isig icanon echo ...}) = 0
ioctl(0, SNDCTL_TMR_CONTINUE or TCSETSF, {B9600 opost isig icanon -echo ...}) = 0
ioctl(0, TCGETS, {B9600 opost isig icanon -echo ...}) = 0
write(2, "New password: ", 14)          = 14
read(0, "222\n", 511)                   = 4
ioctl(0, TCGETS, {B9600 opost isig icanon -echo ...}) = 0
ioctl(0, SNDCTL_TMR_STOP or TCSETSW, {B9600 opost isig icanon echo ...}) = 0
ioctl(0, TCGETS, {B9600 opost isig icanon echo ...}) = 0
write(2, "\n", 1)                       = 1
rt_sigprocmask(SIG_SETMASK, [], NULL, 8) = 0
ioctl(0, TCGETS, {B9600 opost isig icanon echo ...}) = 0
ioctl(0, SNDCTL_TMR_STOP or TCSETSW, {B9600 opost isig icanon echo ...}) = 0
ioctl(0, TCGETS, {B9600 opost isig icanon echo ...}) = 0
open("/usr/share/locale/en_US/LC_MESSAGES/libpwquality.mo", O_RDONLY) = -1 ENOENT (No such file or directory)
open("/usr/share/locale/en/LC_MESSAGES/libpwquality.mo", O_RDONLY) = -1 ENOENT (No such file or directory)
open("/usr/share/locale-langpack/en_US/LC_MESSAGES/libpwquality.mo", O_RDONLY) = -1 ENOENT (No such file or directory)
open("/usr/share/locale-langpack/en/LC_MESSAGES/libpwquality.mo", O_RDONLY) = -1 ENOENT (No such file or directory)
write(2, "BAD PASSWORD: The password is a "..., 43) = 43
getuid()                                = 0
ioctl(0, TCGETS, {B9600 opost isig icanon echo ...}) = 0
ioctl(0, TCGETS, {B9600 opost isig icanon echo ...}) = 0
rt_sigprocmask(SIG_BLOCK, [TSTP], [], 8) = 0
ioctl(0, TCGETS, {B9600 opost isig icanon echo ...}) = 0
ioctl(0, SNDCTL_TMR_CONTINUE or TCSETSF, {B9600 opost isig icanon -echo ...}) = 0
ioctl(0, TCGETS, {B9600 opost isig icanon -echo ...}) = 0
write(2, "Retype new password: ", 21)   = 21
read(0, "222\n", 511)                   = 4
ioctl(0, TCGETS, {B9600 opost isig icanon -echo ...}) = 0
ioctl(0, SNDCTL_TMR_STOP or TCSETSW, {B9600 opost isig icanon echo ...}) = 0
ioctl(0, TCGETS, {B9600 opost isig icanon echo ...}) = 0
write(2, "\n", 1)                       = 1
rt_sigprocmask(SIG_SETMASK, [], NULL, 8) = 0
ioctl(0, TCGETS, {B9600 opost isig icanon echo ...}) = 0
ioctl(0, SNDCTL_TMR_STOP or TCSETSW, {B9600 opost isig icanon echo ...}) = 0
ioctl(0, TCGETS, {B9600 opost isig icanon echo ...}) = 0
getuid()                                = 0
geteuid()                               = 0
getgid()                                = 0
getegid()                               = 0
access("/etc/krb5.conf", R_OK)          = 0
stat("/etc/krb5.conf", {st_mode=S_IFREG|0644, st_size=5192, ...}) = 0
open("/dev/urandom", O_RDONLY)          = 4
fcntl(4, F_SETFD, FD_CLOEXEC)           = 0
fstat(4, {st_mode=S_IFCHR|0666, st_rdev=makedev(1, 9), ...}) = 0
read(4, "\21E\343i\250\10G\314\233\225\340\3138i{\322e\367\303I\246\0\0029\303\333b\360\222f\335\336"..., 64) = 64
close(4)                                = 0
open("/etc/passwd", O_RDONLY|O_CLOEXEC) = 4
lseek(4, 0, SEEK_CUR)                   = 0
fstat(4, {st_mode=S_IFREG|0644, st_size=1785, ...}) = 0
mmap(NULL, 1785, PROT_READ, MAP_SHARED, 4, 0) = 0x7ffa9737d000
lseek(4, 1785, SEEK_SET)                = 1785
munmap(0x7ffa9737d000, 1785)            = 0
close(4)                                = 0
ioctl(0, TCGETS, {B9600 opost isig icanon echo ...}) = 0
ioctl(0, TCGETS, {B9600 opost isig icanon echo ...}) = 0
rt_sigprocmask(SIG_BLOCK, [TSTP], [], 8) = 0
ioctl(0, TCGETS, {B9600 opost isig icanon echo ...}) = 0
ioctl(0, SNDCTL_TMR_CONTINUE or TCSETSF, {B9600 opost isig icanon -echo ...}) = 0
ioctl(0, TCGETS, {B9600 opost isig icanon -echo ...}) = 0
write(2, "Current Kerberos password: ", 27) = 27
read(0, "\n", 511)                      = 1
ioctl(0, TCGETS, {B9600 opost isig icanon -echo ...}) = 0
ioctl(0, SNDCTL_TMR_STOP or TCSETSW, {B9600 opost isig icanon echo ...}) = 0
ioctl(0, TCGETS, {B9600 opost isig icanon echo ...}) = 0
write(2, "\n", 1)                       = 1
rt_sigprocmask(SIG_SETMASK, [], NULL, 8) = 0
ioctl(0, TCGETS, {B9600 opost isig icanon echo ...}) = 0
ioctl(0, SNDCTL_TMR_STOP or TCSETSW, {B9600 opost isig icanon echo ...}) = 0
ioctl(0, TCGETS, {B9600 opost isig icanon echo ...}) = 0
getuid()                                = 0
open("/etc/login.defs", O_RDONLY)       = 4
fstat(4, {st_mode=S_IFREG|0644, st_size=10551, ...}) = 0
read(4, "#\n# /etc/login.defs - Configurat"..., 4096) = 4096
read(4, " issuing \n# the \"mesg y\" command"..., 4096) = 4096
read(4, " algorithm compatible with the o"..., 4096) = 2359
close(4)                                = 0
open("/etc/login.defs", O_RDONLY)       = 4
fstat(4, {st_mode=S_IFREG|0644, st_size=10551, ...}) = 0
read(4, "#\n# /etc/login.defs - Configurat"..., 4096) = 4096
read(4, " issuing \n# the \"mesg y\" command"..., 4096) = 4096
read(4, " algorithm compatible with the o"..., 4096) = 2359
read(4, "", 4096)                       = 0
close(4)                                = 0
open("/etc/passwd", O_RDONLY)           = 4
fstat(4, {st_mode=S_IFREG|0644, st_size=1785, ...}) = 0
read(4, "root:x:0:0:root:/root:/bin/bash\n"..., 4096) = 1785
close(4)                                = 0
open("/etc/passwd", O_RDONLY)           = 4
fstat(4, {st_mode=S_IFREG|0644, st_size=1785, ...}) = 0
read(4, "root:x:0:0:root:/root:/bin/bash\n"..., 4096) = 1785
close(4)                                = 0
open("/etc/.pwd.lock", O_WRONLY|O_CREAT|O_CLOEXEC, 0600) = 4
rt_sigaction(SIGALRM, {0x7ffa96867c30, ~[], SA_RESTORER, 0x7ffa967904b0}, {SIG_IGN, [ALRM], SA_RESTORER|SA_RESTART, 0x7ffa967904b0}, 8) = 0
rt_sigprocmask(SIG_UNBLOCK, [ALRM], [], 8) = 0
alarm(15)                               = 0
fcntl(4, F_SETLKW, {l_type=F_WRLCK, l_whence=SEEK_SET, l_start=0, l_len=0}) = 0
alarm(0)                                = 15
rt_sigprocmask(SIG_SETMASK, [], NULL, 8) = 0
rt_sigaction(SIGALRM, {SIG_IGN, [ALRM], SA_RESTORER|SA_RESTART, 0x7ffa967904b0}, NULL, 8) = 0
open("/etc/passwd", O_RDONLY|O_CLOEXEC) = 5
lseek(5, 0, SEEK_CUR)                   = 0
fstat(5, {st_mode=S_IFREG|0644, st_size=1785, ...}) = 0
mmap(NULL, 1785, PROT_READ, MAP_SHARED, 5, 0) = 0x7ffa9737d000
lseek(5, 1785, SEEK_SET)                = 1785
munmap(0x7ffa9737d000, 1785)            = 0
close(5)                                = 0
open("/etc/shadow", O_RDONLY|O_CLOEXEC) = 5
lseek(5, 0, SEEK_CUR)                   = 0
fstat(5, {st_mode=S_IFREG|0640, st_size=1276, ...}) = 0
mmap(NULL, 1276, PROT_READ, MAP_SHARED, 5, 0) = 0x7ffa9737d000
lseek(5, 1276, SEEK_SET)                = 1276
munmap(0x7ffa9737d000, 1276)            = 0
close(5)                                = 0
open("/dev/urandom", O_RDONLY)          = 5
read(5, "\261\22\223\226x1a\246", 8)    = 8
close(5)                                = 0
open("/etc/passwd", O_RDONLY|O_CLOEXEC) = 5
lseek(5, 0, SEEK_CUR)                   = 0
fstat(5, {st_mode=S_IFREG|0644, st_size=1785, ...}) = 0
mmap(NULL, 1785, PROT_READ, MAP_SHARED, 5, 0) = 0x7ffa9737d000
lseek(5, 1785, SEEK_SET)                = 1785
munmap(0x7ffa9737d000, 1785)            = 0
close(5)                                = 0
open("/etc/passwd", O_RDONLY)           = 5
fstat(5, {st_mode=S_IFREG|0644, st_size=1785, ...}) = 0
read(5, "root:x:0:0:root:/root:/bin/bash\n"..., 4096) = 1785
close(5)                                = 0
umask(077)                              = 077
open("/etc/nshadow", O_WRONLY|O_CREAT|O_TRUNC, 0666) = 5
umask(077)                              = 077
open("/etc/shadow", O_RDONLY)           = 8
fstat(8, {st_mode=S_IFREG|0640, st_size=1276, ...}) = 0
fchown(5, 0, 42)                        = 0
fchmod(5, 0100640)                      = 0
lseek(8, 0, SEEK_CUR)                   = 0
fstat(8, {st_mode=S_IFREG|0640, st_size=1276, ...}) = 0
read(8, "root:$6$gsUBOTkf1jMizLXb$B9lUFiX"..., 4096) = 1276
fstat(5, {st_mode=S_IFREG|0640, st_size=0, ...}) = 0
brk(0x55927db82000)                     = 0x55927db82000
lseek(8, 0, SEEK_CUR)                   = 1276
lseek(8, 0, SEEK_CUR)                   = 1276
lseek(8, 0, SEEK_CUR)                   = 1276
lseek(8, 0, SEEK_CUR)                   = 1276
lseek(8, 0, SEEK_CUR)                   = 1276
lseek(8, 0, SEEK_CUR)                   = 1276
lseek(8, 0, SEEK_CUR)                   = 1276
lseek(8, 0, SEEK_CUR)                   = 1276
lseek(8, 0, SEEK_CUR)                   = 1276
lseek(8, 0, SEEK_CUR)                   = 1276
lseek(8, 0, SEEK_CUR)                   = 1276
lseek(8, 0, SEEK_CUR)                   = 1276
lseek(8, 0, SEEK_CUR)                   = 1276
lseek(8, 0, SEEK_CUR)                   = 1276
lseek(8, 0, SEEK_CUR)                   = 1276
lseek(8, 0, SEEK_CUR)                   = 1276
lseek(8, 0, SEEK_CUR)                   = 1276
lseek(8, 0, SEEK_CUR)                   = 1276
lseek(8, 0, SEEK_CUR)                   = 1276
lseek(8, 0, SEEK_CUR)                   = 1276
lseek(8, 0, SEEK_CUR)                   = 1276
lseek(8, 0, SEEK_CUR)                   = 1276
lseek(8, 0, SEEK_CUR)                   = 1276
lseek(8, 0, SEEK_CUR)                   = 1276
lseek(8, 0, SEEK_CUR)                   = 1276
lseek(8, 0, SEEK_CUR)                   = 1276
lseek(8, 0, SEEK_CUR)                   = 1276
lseek(8, 0, SEEK_CUR)                   = 1276
lseek(8, 0, SEEK_CUR)                   = 1276
lseek(8, 0, SEEK_CUR)                   = 1276
lseek(8, 0, SEEK_CUR)                   = 1276
lseek(8, 0, SEEK_CUR)                   = 1276
lseek(8, 0, SEEK_CUR)                   = 1276
lseek(8, 0, SEEK_CUR)                   = 1276
lseek(8, 0, SEEK_CUR)                   = 1276
read(8, "", 4096)                       = 0
close(8)                                = 0
write(5, "root:$6$gsUBOTkf1jMizLXb$B9lUFiX"..., 1276) = 1276
fsync(5)                                = 0
close(5)                                = 0
brk(0x55927db80000)                     = 0x55927db80000
rename("/etc/nshadow", "/etc/shadow")   = 0
sendto(7, "<85>May  5 15:34:50 passwd[1669]"..., 88, MSG_NOSIGNAL, NULL, 0) = 88
close(4)                                = 0
socket(PF_NETLINK, SOCK_RAW, NETLINK_AUDIT) = 4
fcntl(4, F_SETFD, FD_CLOEXEC)           = 0
readlink("/proc/self/exe", "/usr/bin/passwd", 4096) = 15
ioctl(0, TCGETS, {B9600 opost isig icanon echo ...}) = 0
fstat(0, {st_mode=S_IFCHR|0620, st_rdev=makedev(136, 0), ...}) = 0
readlink("/proc/self/fd/0", "/dev/pts/0", 31) = 10
stat("/dev/pts/0", {st_mode=S_IFCHR|0620, st_rdev=makedev(136, 0), ...}) = 0
lstat("/dev/pts/0", {st_mode=S_IFCHR|0620, st_rdev=makedev(136, 0), ...}) = 0
sendto(4, "t\0\0\0T\4\5\0\1\0\0\0\0\0\0\0op=PAM:chauthtok"..., 116, 0, {sa_family=AF_NETLINK, pid=0, groups=00000000}, 12) = 116
poll([{fd=4, events=POLLIN}], 1, 500)   = 1 ([{fd=4, revents=POLLIN}])
recvfrom(4, "$\0\0\0\2\0\0\0\1\0\0\0\205\6\0\0\0\0\0\0t\0\0\0T\4\5\0\1\0\0\0"..., 8988, MSG_PEEK|MSG_DONTWAIT, {sa_family=AF_NETLINK, pid=0, groups=00000000}, [12]) = 36
recvfrom(4, "$\0\0\0\2\0\0\0\1\0\0\0\205\6\0\0\0\0\0\0t\0\0\0T\4\5\0\1\0\0\0"..., 8988, MSG_DONTWAIT, {sa_family=AF_NETLINK, pid=0, groups=00000000}, [12]) = 36
close(4)                                = 0
open("/usr/share/locale/en_US/LC_MESSAGES/shadow.mo", O_RDONLY) = -1 ENOENT (No such file or directory)
open("/usr/share/locale/en/LC_MESSAGES/shadow.mo", O_RDONLY) = -1 ENOENT (No such file or directory)
open("/usr/share/locale-langpack/en_US/LC_MESSAGES/shadow.mo", O_RDONLY) = -1 ENOENT (No such file or directory)
open("/usr/share/locale-langpack/en/LC_MESSAGES/shadow.mo", O_RDONLY) = -1 ENOENT (No such file or directory)
write(2, "passwd: password updated success"..., 38) = 38
munmap(0x7ffa9477a000, 2105568)         = 0
munmap(0x7ffa94574000, 2118208)         = 0
munmap(0x7ffa94367000, 2149856)         = 0
munmap(0x7ffa94158000, 2154512)         = 0
munmap(0x7ffa93e86000, 2956192)         = 0
munmap(0x7ffa93c57000, 2285688)         = 0
munmap(0x7ffa93848000, 2139080)         = 0
munmap(0x7ffa93644000, 2109456)         = 0
munmap(0x7ffa9320e000, 2204640)         = 0
munmap(0x7ffa92dcd000, 2130832)         = 0
close(6)                                = 0
munmap(0x7ffa92bc1000, 2142888)         = 0
munmap(0x7ffa92970000, 2427592)         = 0
munmap(0x7ffa92761000, 2154984)         = 0
munmap(0x7ffa92546000, 2204648)         = 0
munmap(0x7ffa92305000, 2359640)         = 0
munmap(0x7ffa91fd5000, 3338624)         = 0
munmap(0x7ffa91dcc000, 2130928)         = 0
munmap(0x7ffa91b42000, 2658672)         = 0
munmap(0x7ffa9123d000, 2199848)         = 0
munmap(0x7ffa90fd9000, 2504592)         = 0
munmap(0x7ffa90da6000, 2302192)         = 0
munmap(0x7ffa90b93000, 2171912)         = 0
munmap(0x7ffa9072a000, 2302656)         = 0
munmap(0x7ffa9095d000, 2314384)         = 0
munmap(0x7ffa904aa000, 2617792)         = 0
munmap(0x7ffa8fe27000, 2400264)         = 0
munmap(0x7ffa90072000, 2157176)         = 0
munmap(0x7ffa90281000, 2261136)         = 0
munmap(0x7ffa9166d000, 2303016)         = 0
munmap(0x7ffa918a0000, 2756880)         = 0
munmap(0x7ffa91457000, 2185320)         = 0
munmap(0x7ffa93429000, 2206280)         = 0
munmap(0x7ffa92fd6000, 2322912)         = 0
munmap(0x7ffa93a53000, 2109896)         = 0
munmap(0x7ffa8fb53000, 2963160)         = 0
munmap(0x7ffa8f94b000, 2127368)         = 0
munmap(0x7ffa8f749000, 2101288)         = 0
munmap(0x7ffa8f547000, 2101312)         = 0
munmap(0x7ffa8f344000, 2105448)         = 0
munmap(0x7ffa8f141000, 2105576)         = 0
munmap(0x7ffa9732a000, 278113)          = 0
munmap(0x7ffa8ed36000, 2105528)         = 0
exit_group(0)                           = ?
+++ exited with 0 +++
