execve("/usr/bin/passwd", ["passwd", "dummy"], [/* 15 vars */]) = 0
brk(NULL)                               = 0x5616c378c000
access("/etc/ld.so.nohwcap", F_OK)      = -1 ENOENT (No such file or directory)
access("/etc/ld.so.preload", R_OK)      = -1 ENOENT (No such file or directory)
open("/etc/ld.so.cache", O_RDONLY|O_CLOEXEC) = 3
fstat(3, {st_mode=S_IFREG|0644, st_size=40227, ...}) = 0
mmap(NULL, 40227, PROT_READ, MAP_PRIVATE, 3, 0) = 0x7f5c93772000
close(3)                                = 0
access("/etc/ld.so.nohwcap", F_OK)      = -1 ENOENT (No such file or directory)
open("/lib/x86_64-linux-gnu/libpam.so.0", O_RDONLY|O_CLOEXEC) = 3
read(3, "\177ELF\2\1\1\0\0\0\0\0\0\0\0\0\3\0>\0\1\0\0\0\200$\0\0\0\0\0\0"..., 832) = 832
fstat(3, {st_mode=S_IFREG|0644, st_size=55904, ...}) = 0
mmap(NULL, 4096, PROT_READ|PROT_WRITE, MAP_PRIVATE|MAP_ANONYMOUS, -1, 0) = 0x7f5c93771000
mmap(NULL, 2150888, PROT_READ|PROT_EXEC, MAP_PRIVATE|MAP_DENYWRITE, 3, 0) = 0x7f5c93349000
mprotect(0x7f5c93356000, 2093056, PROT_NONE) = 0
mmap(0x7f5c93555000, 8192, PROT_READ|PROT_WRITE, MAP_PRIVATE|MAP_FIXED|MAP_DENYWRITE, 3, 0xc000) = 0x7f5c93555000
close(3)                                = 0
access("/etc/ld.so.nohwcap", F_OK)      = -1 ENOENT (No such file or directory)
open("/lib/x86_64-linux-gnu/libpam_misc.so.0", O_RDONLY|O_CLOEXEC) = 3
read(3, "\177ELF\2\1\1\0\0\0\0\0\0\0\0\0\3\0>\0\1\0\0\0\240\20\0\0\0\0\0\0"..., 832) = 832
fstat(3, {st_mode=S_IFREG|0644, st_size=14640, ...}) = 0
mmap(NULL, 2109744, PROT_READ|PROT_EXEC, MAP_PRIVATE|MAP_DENYWRITE, 3, 0) = 0x7f5c93145000
mprotect(0x7f5c93148000, 2093056, PROT_NONE) = 0
mmap(0x7f5c93347000, 8192, PROT_READ|PROT_WRITE, MAP_PRIVATE|MAP_FIXED|MAP_DENYWRITE, 3, 0x2000) = 0x7f5c93347000
close(3)                                = 0
access("/etc/ld.so.nohwcap", F_OK)      = -1 ENOENT (No such file or directory)
open("/lib/x86_64-linux-gnu/libselinux.so.1", O_RDONLY|O_CLOEXEC) = 3
read(3, "\177ELF\2\1\1\0\0\0\0\0\0\0\0\0\3\0>\0\1\0\0\0\260Z\0\0\0\0\0\0"..., 832) = 832
fstat(3, {st_mode=S_IFREG|0644, st_size=130224, ...}) = 0
mmap(NULL, 2234080, PROT_READ|PROT_EXEC, MAP_PRIVATE|MAP_DENYWRITE, 3, 0) = 0x7f5c92f23000
mprotect(0x7f5c92f42000, 2093056, PROT_NONE) = 0
mmap(0x7f5c93141000, 8192, PROT_READ|PROT_WRITE, MAP_PRIVATE|MAP_FIXED|MAP_DENYWRITE, 3, 0x1e000) = 0x7f5c93141000
mmap(0x7f5c93143000, 5856, PROT_READ|PROT_WRITE, MAP_PRIVATE|MAP_FIXED|MAP_ANONYMOUS, -1, 0) = 0x7f5c93143000
close(3)                                = 0
access("/etc/ld.so.nohwcap", F_OK)      = -1 ENOENT (No such file or directory)
open("/lib/x86_64-linux-gnu/libc.so.6", O_RDONLY|O_CLOEXEC) = 3
read(3, "\177ELF\2\1\1\3\0\0\0\0\0\0\0\0\3\0>\0\1\0\0\0P\t\2\0\0\0\0\0"..., 832) = 832
fstat(3, {st_mode=S_IFREG|0755, st_size=1868984, ...}) = 0
mmap(NULL, 4096, PROT_READ|PROT_WRITE, MAP_PRIVATE|MAP_ANONYMOUS, -1, 0) = 0x7f5c93770000
mmap(NULL, 3971488, PROT_READ|PROT_EXEC, MAP_PRIVATE|MAP_DENYWRITE, 3, 0) = 0x7f5c92b59000
mprotect(0x7f5c92d19000, 2097152, PROT_NONE) = 0
mmap(0x7f5c92f19000, 24576, PROT_READ|PROT_WRITE, MAP_PRIVATE|MAP_FIXED|MAP_DENYWRITE, 3, 0x1c0000) = 0x7f5c92f19000
mmap(0x7f5c92f1f000, 14752, PROT_READ|PROT_WRITE, MAP_PRIVATE|MAP_FIXED|MAP_ANONYMOUS, -1, 0) = 0x7f5c92f1f000
close(3)                                = 0
access("/etc/ld.so.nohwcap", F_OK)      = -1 ENOENT (No such file or directory)
open("/lib/x86_64-linux-gnu/libaudit.so.1", O_RDONLY|O_CLOEXEC) = 3
read(3, "\177ELF\2\1\1\0\0\0\0\0\0\0\0\0\3\0>\0\1\0\0\0\0*\0\0\0\0\0\0"..., 832) = 832
fstat(3, {st_mode=S_IFREG|0644, st_size=117288, ...}) = 0
mmap(NULL, 2253352, PROT_READ|PROT_EXEC, MAP_PRIVATE|MAP_DENYWRITE, 3, 0) = 0x7f5c92932000
mprotect(0x7f5c9294e000, 2093056, PROT_NONE) = 0
mmap(0x7f5c92b4d000, 8192, PROT_READ|PROT_WRITE, MAP_PRIVATE|MAP_FIXED|MAP_DENYWRITE, 3, 0x1b000) = 0x7f5c92b4d000
mmap(0x7f5c92b4f000, 37416, PROT_READ|PROT_WRITE, MAP_PRIVATE|MAP_FIXED|MAP_ANONYMOUS, -1, 0) = 0x7f5c92b4f000
close(3)                                = 0
access("/etc/ld.so.nohwcap", F_OK)      = -1 ENOENT (No such file or directory)
open("/lib/x86_64-linux-gnu/libdl.so.2", O_RDONLY|O_CLOEXEC) = 3
read(3, "\177ELF\2\1\1\0\0\0\0\0\0\0\0\0\3\0>\0\1\0\0\0\240\r\0\0\0\0\0\0"..., 832) = 832
fstat(3, {st_mode=S_IFREG|0644, st_size=14608, ...}) = 0
mmap(NULL, 2109680, PROT_READ|PROT_EXEC, MAP_PRIVATE|MAP_DENYWRITE, 3, 0) = 0x7f5c9272e000
mprotect(0x7f5c92731000, 2093056, PROT_NONE) = 0
mmap(0x7f5c92930000, 8192, PROT_READ|PROT_WRITE, MAP_PRIVATE|MAP_FIXED|MAP_DENYWRITE, 3, 0x2000) = 0x7f5c92930000
close(3)                                = 0
access("/etc/ld.so.nohwcap", F_OK)      = -1 ENOENT (No such file or directory)
open("/lib/x86_64-linux-gnu/libpcre.so.3", O_RDONLY|O_CLOEXEC) = 3
read(3, "\177ELF\2\1\1\0\0\0\0\0\0\0\0\0\3\0>\0\1\0\0\0000\25\0\0\0\0\0\0"..., 832) = 832
fstat(3, {st_mode=S_IFREG|0644, st_size=456632, ...}) = 0
mmap(NULL, 4096, PROT_READ|PROT_WRITE, MAP_PRIVATE|MAP_ANONYMOUS, -1, 0) = 0x7f5c9376f000
mmap(NULL, 2552072, PROT_READ|PROT_EXEC, MAP_PRIVATE|MAP_DENYWRITE, 3, 0) = 0x7f5c924be000
mprotect(0x7f5c9252c000, 2097152, PROT_NONE) = 0
mmap(0x7f5c9272c000, 8192, PROT_READ|PROT_WRITE, MAP_PRIVATE|MAP_FIXED|MAP_DENYWRITE, 3, 0x6e000) = 0x7f5c9272c000
close(3)                                = 0
access("/etc/ld.so.nohwcap", F_OK)      = -1 ENOENT (No such file or directory)
open("/lib/x86_64-linux-gnu/libpthread.so.0", O_RDONLY|O_CLOEXEC) = 3
read(3, "\177ELF\2\1\1\0\0\0\0\0\0\0\0\0\3\0>\0\1\0\0\0\260`\0\0\0\0\0\0"..., 832) = 832
fstat(3, {st_mode=S_IFREG|0755, st_size=138696, ...}) = 0
mmap(NULL, 2212904, PROT_READ|PROT_EXEC, MAP_PRIVATE|MAP_DENYWRITE, 3, 0) = 0x7f5c922a1000
mprotect(0x7f5c922b9000, 2093056, PROT_NONE) = 0
mmap(0x7f5c924b8000, 8192, PROT_READ|PROT_WRITE, MAP_PRIVATE|MAP_FIXED|MAP_DENYWRITE, 3, 0x17000) = 0x7f5c924b8000
mmap(0x7f5c924ba000, 13352, PROT_READ|PROT_WRITE, MAP_PRIVATE|MAP_FIXED|MAP_ANONYMOUS, -1, 0) = 0x7f5c924ba000
close(3)                                = 0
mmap(NULL, 4096, PROT_READ|PROT_WRITE, MAP_PRIVATE|MAP_ANONYMOUS, -1, 0) = 0x7f5c9376e000
mmap(NULL, 8192, PROT_READ|PROT_WRITE, MAP_PRIVATE|MAP_ANONYMOUS, -1, 0) = 0x7f5c9376c000
arch_prctl(ARCH_SET_FS, 0x7f5c9376c800) = 0
mprotect(0x7f5c92f19000, 16384, PROT_READ) = 0
mprotect(0x7f5c924b8000, 4096, PROT_READ) = 0
mprotect(0x7f5c9272c000, 4096, PROT_READ) = 0
mprotect(0x7f5c92930000, 4096, PROT_READ) = 0
mprotect(0x7f5c92b4d000, 4096, PROT_READ) = 0
mprotect(0x7f5c93141000, 4096, PROT_READ) = 0
mprotect(0x7f5c93555000, 4096, PROT_READ) = 0
mprotect(0x7f5c93347000, 4096, PROT_READ) = 0
mprotect(0x5616c2b38000, 4096, PROT_READ) = 0
mprotect(0x7f5c9377c000, 4096, PROT_READ) = 0
munmap(0x7f5c93772000, 40227)           = 0
set_tid_address(0x7f5c9376cad0)         = 7859
set_robust_list(0x7f5c9376cae0, 24)     = 0
rt_sigaction(SIGRTMIN, {0x7f5c922a6b50, [], SA_RESTORER|SA_SIGINFO, 0x7f5c922b2390}, NULL, 8) = 0
rt_sigaction(SIGRT_1, {0x7f5c922a6be0, [], SA_RESTORER|SA_RESTART|SA_SIGINFO, 0x7f5c922b2390}, NULL, 8) = 0
rt_sigprocmask(SIG_UNBLOCK, [RTMIN RT_1], NULL, 8) = 0
getrlimit(RLIMIT_STACK, {rlim_cur=8192*1024, rlim_max=RLIM64_INFINITY}) = 0
statfs("/sys/fs/selinux", 0x7ffcdcd8bf80) = -1 ENOENT (No such file or directory)
statfs("/selinux", 0x7ffcdcd8bf80)      = -1 ENOENT (No such file or directory)
brk(NULL)                               = 0x5616c378c000
brk(0x5616c37ad000)                     = 0x5616c37ad000
open("/proc/filesystems", O_RDONLY)     = 3
fstat(3, {st_mode=S_IFREG|0444, st_size=0, ...}) = 0
read(3, "nodev\tsysfs\nnodev\trootfs\nnodev\tr"..., 1024) = 388
read(3, "", 1024)                       = 0
close(3)                                = 0
open("/usr/lib/locale/locale-archive", O_RDONLY|O_CLOEXEC) = 3
fstat(3, {st_mode=S_IFREG|0644, st_size=2981280, ...}) = 0
mmap(NULL, 2981280, PROT_READ, MAP_PRIVATE, 3, 0) = 0x7f5c91fc9000
close(3)                                = 0
getuid()                                = 0
open("/proc/self/loginuid", O_RDONLY)   = 3
read(3, "839436", 12)                   = 6
close(3)                                = 0
socket(PF_LOCAL, SOCK_STREAM|SOCK_CLOEXEC|SOCK_NONBLOCK, 0) = 3
connect(3, {sa_family=AF_LOCAL, sun_path="/var/run/nscd/socket"}, 110) = -1 ENOENT (No such file or directory)
close(3)                                = 0
socket(PF_LOCAL, SOCK_STREAM|SOCK_CLOEXEC|SOCK_NONBLOCK, 0) = 3
connect(3, {sa_family=AF_LOCAL, sun_path="/var/run/nscd/socket"}, 110) = -1 ENOENT (No such file or directory)
close(3)                                = 0
open("/etc/nsswitch.conf", O_RDONLY|O_CLOEXEC) = 3
fstat(3, {st_mode=S_IFREG|0644, st_size=543, ...}) = 0
read(3, "# /etc/nsswitch.conf\n#\n# Example"..., 4096) = 543
read(3, "", 4096)                       = 0
close(3)                                = 0
open("/etc/ld.so.cache", O_RDONLY|O_CLOEXEC) = 3
fstat(3, {st_mode=S_IFREG|0644, st_size=40227, ...}) = 0
mmap(NULL, 40227, PROT_READ, MAP_PRIVATE, 3, 0) = 0x7f5c93772000
close(3)                                = 0
access("/etc/ld.so.nohwcap", F_OK)      = -1 ENOENT (No such file or directory)
open("/lib/x86_64-linux-gnu/libnss_compat.so.2", O_RDONLY|O_CLOEXEC) = 3
read(3, "\177ELF\2\1\1\0\0\0\0\0\0\0\0\0\3\0>\0\1\0\0\0\320\22\0\0\0\0\0\0"..., 832) = 832
fstat(3, {st_mode=S_IFREG|0644, st_size=35688, ...}) = 0
mmap(NULL, 2131040, PROT_READ|PROT_EXEC, MAP_PRIVATE|MAP_DENYWRITE, 3, 0) = 0x7f5c91dc0000
mprotect(0x7f5c91dc8000, 2093056, PROT_NONE) = 0
mmap(0x7f5c91fc7000, 8192, PROT_READ|PROT_WRITE, MAP_PRIVATE|MAP_FIXED|MAP_DENYWRITE, 3, 0x7000) = 0x7f5c91fc7000
close(3)                                = 0
access("/etc/ld.so.nohwcap", F_OK)      = -1 ENOENT (No such file or directory)
open("/lib/x86_64-linux-gnu/libnsl.so.1", O_RDONLY|O_CLOEXEC) = 3
read(3, "\177ELF\2\1\1\0\0\0\0\0\0\0\0\0\3\0>\0\1\0\0\0\360?\0\0\0\0\0\0"..., 832) = 832
fstat(3, {st_mode=S_IFREG|0644, st_size=93128, ...}) = 0
mmap(NULL, 2198104, PROT_READ|PROT_EXEC, MAP_PRIVATE|MAP_DENYWRITE, 3, 0) = 0x7f5c91ba7000
mprotect(0x7f5c91bbd000, 2093056, PROT_NONE) = 0
mmap(0x7f5c91dbc000, 8192, PROT_READ|PROT_WRITE, MAP_PRIVATE|MAP_FIXED|MAP_DENYWRITE, 3, 0x15000) = 0x7f5c91dbc000
mmap(0x7f5c91dbe000, 6744, PROT_READ|PROT_WRITE, MAP_PRIVATE|MAP_FIXED|MAP_ANONYMOUS, -1, 0) = 0x7f5c91dbe000
close(3)                                = 0
mprotect(0x7f5c91dbc000, 4096, PROT_READ) = 0
mprotect(0x7f5c91fc7000, 4096, PROT_READ) = 0
munmap(0x7f5c93772000, 40227)           = 0
open("/etc/ld.so.cache", O_RDONLY|O_CLOEXEC) = 3
fstat(3, {st_mode=S_IFREG|0644, st_size=40227, ...}) = 0
mmap(NULL, 40227, PROT_READ, MAP_PRIVATE, 3, 0) = 0x7f5c93772000
close(3)                                = 0
access("/etc/ld.so.nohwcap", F_OK)      = -1 ENOENT (No such file or directory)
open("/lib/x86_64-linux-gnu/libnss_nis.so.2", O_RDONLY|O_CLOEXEC) = 3
read(3, "\177ELF\2\1\1\0\0\0\0\0\0\0\0\0\3\0>\0\1\0\0\0\260 \0\0\0\0\0\0"..., 832) = 832
fstat(3, {st_mode=S_IFREG|0644, st_size=47648, ...}) = 0
mmap(NULL, 2143624, PROT_READ|PROT_EXEC, MAP_PRIVATE|MAP_DENYWRITE, 3, 0) = 0x7f5c9199b000
mprotect(0x7f5c919a6000, 2093056, PROT_NONE) = 0
mmap(0x7f5c91ba5000, 8192, PROT_READ|PROT_WRITE, MAP_PRIVATE|MAP_FIXED|MAP_DENYWRITE, 3, 0xa000) = 0x7f5c91ba5000
close(3)                                = 0
access("/etc/ld.so.nohwcap", F_OK)      = -1 ENOENT (No such file or directory)
open("/lib/x86_64-linux-gnu/libnss_files.so.2", O_RDONLY|O_CLOEXEC) = 3
read(3, "\177ELF\2\1\1\0\0\0\0\0\0\0\0\0\3\0>\0\1\0\0\0\260!\0\0\0\0\0\0"..., 832) = 832
fstat(3, {st_mode=S_IFREG|0644, st_size=47600, ...}) = 0
mmap(NULL, 2168600, PROT_READ|PROT_EXEC, MAP_PRIVATE|MAP_DENYWRITE, 3, 0) = 0x7f5c91789000
mprotect(0x7f5c91794000, 2093056, PROT_NONE) = 0
mmap(0x7f5c91993000, 8192, PROT_READ|PROT_WRITE, MAP_PRIVATE|MAP_FIXED|MAP_DENYWRITE, 3, 0xa000) = 0x7f5c91993000
mmap(0x7f5c91995000, 22296, PROT_READ|PROT_WRITE, MAP_PRIVATE|MAP_FIXED|MAP_ANONYMOUS, -1, 0) = 0x7f5c91995000
close(3)                                = 0
mprotect(0x7f5c91993000, 4096, PROT_READ) = 0
mprotect(0x7f5c91ba5000, 4096, PROT_READ) = 0
munmap(0x7f5c93772000, 40227)           = 0
open("/etc/passwd", O_RDONLY|O_CLOEXEC) = 3
lseek(3, 0, SEEK_CUR)                   = 0
fstat(3, {st_mode=S_IFREG|0644, st_size=1658, ...}) = 0
mmap(NULL, 1658, PROT_READ, MAP_SHARED, 3, 0) = 0x7f5c9377b000
lseek(3, 1658, SEEK_SET)                = 1658
fstat(3, {st_mode=S_IFREG|0644, st_size=1658, ...}) = 0
munmap(0x7f5c9377b000, 1658)            = 0
close(3)                                = 0
open("/etc/ld.so.cache", O_RDONLY|O_CLOEXEC) = 3
fstat(3, {st_mode=S_IFREG|0644, st_size=40227, ...}) = 0
mmap(NULL, 40227, PROT_READ, MAP_PRIVATE, 3, 0) = 0x7f5c93772000
close(3)                                = 0
access("/etc/ld.so.nohwcap", F_OK)      = -1 ENOENT (No such file or directory)
open("/lib/x86_64-linux-gnu/libnss_sss.so.2", O_RDONLY|O_CLOEXEC) = 3
read(3, "\177ELF\2\1\1\0\0\0\0\0\0\0\0\0\3\0>\0\1\0\0\0\360\27\0\0\0\0\0\0"..., 832) = 832
fstat(3, {st_mode=S_IFREG|0644, st_size=35696, ...}) = 0
mmap(NULL, 2131056, PROT_READ|PROT_EXEC, MAP_PRIVATE|MAP_DENYWRITE, 3, 0) = 0x7f5c91580000
mprotect(0x7f5c91588000, 2093056, PROT_NONE) = 0
mmap(0x7f5c91787000, 8192, PROT_READ|PROT_WRITE, MAP_PRIVATE|MAP_FIXED|MAP_DENYWRITE, 3, 0x7000) = 0x7f5c91787000
close(3)                                = 0
mprotect(0x7f5c91787000, 4096, PROT_READ) = 0
munmap(0x7f5c93772000, 40227)           = 0
futex(0x7f5c917881e8, FUTEX_WAKE_PRIVATE, 2147483647) = 0
open("/var/lib/sss/mc/passwd", O_RDONLY|O_CLOEXEC) = 3
fstat(3, {st_mode=S_IFREG|0644, st_size=8406312, ...}) = 0
mmap(NULL, 8406312, PROT_READ, MAP_SHARED, 3, 0) = 0x7f5c90d7b000
fstat(3, {st_mode=S_IFREG|0644, st_size=8406312, ...}) = 0
getuid()                                = 0
open("/etc/passwd", O_RDONLY|O_CLOEXEC) = 4
lseek(4, 0, SEEK_CUR)                   = 0
fstat(4, {st_mode=S_IFREG|0644, st_size=1658, ...}) = 0
mmap(NULL, 1658, PROT_READ, MAP_SHARED, 4, 0) = 0x7f5c9377b000
lseek(4, 1658, SEEK_SET)                = 1658
fstat(4, {st_mode=S_IFREG|0644, st_size=1658, ...}) = 0
munmap(0x7f5c9377b000, 1658)            = 0
close(4)                                = 0
fstat(3, {st_mode=S_IFREG|0644, st_size=8406312, ...}) = 0
open("/etc/passwd", O_RDONLY|O_CLOEXEC) = 4
lseek(4, 0, SEEK_CUR)                   = 0
fstat(4, {st_mode=S_IFREG|0644, st_size=1658, ...}) = 0
mmap(NULL, 1658, PROT_READ, MAP_SHARED, 4, 0) = 0x7f5c9377b000
lseek(4, 1658, SEEK_SET)                = 1658
munmap(0x7f5c9377b000, 1658)            = 0
close(4)                                = 0
open("/etc/passwd", O_RDONLY|O_CLOEXEC) = 4
lseek(4, 0, SEEK_CUR)                   = 0
fstat(4, {st_mode=S_IFREG|0644, st_size=1658, ...}) = 0
mmap(NULL, 1658, PROT_READ, MAP_SHARED, 4, 0) = 0x7f5c9377b000
lseek(4, 1658, SEEK_SET)                = 1658
munmap(0x7f5c9377b000, 1658)            = 0
close(4)                                = 0
setrlimit(RLIMIT_CORE, {rlim_cur=0, rlim_max=0}) = 0
setrlimit(RLIMIT_AS, {rlim_cur=RLIM64_INFINITY, rlim_max=RLIM64_INFINITY}) = 0
setrlimit(RLIMIT_CPU, {rlim_cur=RLIM64_INFINITY, rlim_max=RLIM64_INFINITY}) = 0
setrlimit(RLIMIT_DATA, {rlim_cur=RLIM64_INFINITY, rlim_max=RLIM64_INFINITY}) = 0
setrlimit(RLIMIT_FSIZE, {rlim_cur=RLIM64_INFINITY, rlim_max=RLIM64_INFINITY}) = 0
setrlimit(RLIMIT_NOFILE, {rlim_cur=RLIM64_INFINITY, rlim_max=RLIM64_INFINITY}) = -1 EPERM (Operation not permitted)
setrlimit(RLIMIT_RSS, {rlim_cur=RLIM64_INFINITY, rlim_max=RLIM64_INFINITY}) = 0
setrlimit(RLIMIT_STACK, {rlim_cur=RLIM64_INFINITY, rlim_max=RLIM64_INFINITY}) = 0
rt_sigaction(SIGALRM, {SIG_IGN, [ALRM], SA_RESTORER|SA_RESTART, 0x7f5c92b8e4b0}, {SIG_DFL, [], 0}, 8) = 0
rt_sigaction(SIGHUP, {SIG_IGN, [HUP], SA_RESTORER|SA_RESTART, 0x7f5c92b8e4b0}, {SIG_DFL, [], 0}, 8) = 0
rt_sigaction(SIGINT, {SIG_IGN, [INT], SA_RESTORER|SA_RESTART, 0x7f5c92b8e4b0}, {SIG_DFL, [], 0}, 8) = 0
rt_sigaction(SIGPIPE, {SIG_IGN, [PIPE], SA_RESTORER|SA_RESTART, 0x7f5c92b8e4b0}, {SIG_DFL, [], 0}, 8) = 0
rt_sigaction(SIGQUIT, {SIG_IGN, [QUIT], SA_RESTORER|SA_RESTART, 0x7f5c92b8e4b0}, {SIG_DFL, [], 0}, 8) = 0
rt_sigaction(SIGTERM, {SIG_IGN, [TERM], SA_RESTORER|SA_RESTART, 0x7f5c92b8e4b0}, {SIG_DFL, [], 0}, 8) = 0
rt_sigaction(SIGTSTP, {SIG_IGN, [TSTP], SA_RESTORER|SA_RESTART, 0x7f5c92b8e4b0}, {SIG_DFL, [], 0}, 8) = 0
rt_sigaction(SIGTTOU, {SIG_IGN, [TTOU], SA_RESTORER|SA_RESTART, 0x7f5c92b8e4b0}, {SIG_DFL, [], 0}, 8) = 0
umask(077)                              = 022
stat("/etc/pam.d", {st_mode=S_IFDIR|0755, st_size=4096, ...}) = 0
open("/etc/pam.d/passwd", O_RDONLY)     = 4
fstat(4, {st_mode=S_IFREG|0644, st_size=92, ...}) = 0
read(4, "#\n# The PAM configuration file f"..., 4096) = 92
stat("/etc/pam.d", {st_mode=S_IFDIR|0755, st_size=4096, ...}) = 0
open("/etc/pam.d/common-password", O_RDONLY) = 5
fstat(5, {st_mode=S_IFREG|0644, st_size=1782, ...}) = 0
read(5, "#\n# /etc/pam.d/common-password -"..., 4096) = 1782
futex(0x7f5c929310a8, FUTEX_WAKE_PRIVATE, 2147483647) = 0
open("/lib/x86_64-linux-gnu/security/pam_pwquality.so", O_RDONLY|O_CLOEXEC) = 6
read(6, "\177ELF\2\1\1\0\0\0\0\0\0\0\0\0\3\0>\0\1\0\0\0\220\r\0\0\0\0\0\0"..., 832) = 832
fstat(6, {st_mode=S_IFREG|0644, st_size=10424, ...}) = 0
mmap(NULL, 2105568, PROT_READ|PROT_EXEC, MAP_PRIVATE|MAP_DENYWRITE, 6, 0) = 0x7f5c90b78000
mprotect(0x7f5c90b7a000, 2093056, PROT_NONE) = 0
mmap(0x7f5c90d79000, 8192, PROT_READ|PROT_WRITE, MAP_PRIVATE|MAP_FIXED|MAP_DENYWRITE, 6, 0x1000) = 0x7f5c90d79000
close(6)                                = 0
open("/etc/ld.so.cache", O_RDONLY|O_CLOEXEC) = 6
fstat(6, {st_mode=S_IFREG|0644, st_size=40227, ...}) = 0
mmap(NULL, 40227, PROT_READ, MAP_PRIVATE, 6, 0) = 0x7f5c93772000
close(6)                                = 0
access("/etc/ld.so.nohwcap", F_OK)      = -1 ENOENT (No such file or directory)
open("/usr/lib/x86_64-linux-gnu/libpwquality.so.1", O_RDONLY|O_CLOEXEC) = 6
read(6, "\177ELF\2\1\1\0\0\0\0\0\0\0\0\0\3\0>\0\1\0\0\0000\22\0\0\0\0\0\0"..., 832) = 832
fstat(6, {st_mode=S_IFREG|0644, st_size=22936, ...}) = 0
mmap(NULL, 2118208, PROT_READ|PROT_EXEC, MAP_PRIVATE|MAP_DENYWRITE, 6, 0) = 0x7f5c90972000
mprotect(0x7f5c90977000, 2093056, PROT_NONE) = 0
mmap(0x7f5c90b76000, 8192, PROT_READ|PROT_WRITE, MAP_PRIVATE|MAP_FIXED|MAP_DENYWRITE, 6, 0x4000) = 0x7f5c90b76000
close(6)                                = 0
access("/etc/ld.so.nohwcap", F_OK)      = -1 ENOENT (No such file or directory)
open("/usr/lib/x86_64-linux-gnu/libcrack.so.2", O_RDONLY|O_CLOEXEC) = 6
read(6, "\177ELF\2\1\1\0\0\0\0\0\0\0\0\0\3\0>\0\1\0\0\0 7\0\0\0\0\0\0"..., 832) = 832
fstat(6, {st_mode=S_IFREG|0644, st_size=39256, ...}) = 0
mmap(NULL, 2149856, PROT_READ|PROT_EXEC, MAP_PRIVATE|MAP_DENYWRITE, 6, 0) = 0x7f5c90765000
mprotect(0x7f5c9076d000, 2097152, PROT_NONE) = 0
mmap(0x7f5c9096d000, 8192, PROT_READ|PROT_WRITE, MAP_PRIVATE|MAP_FIXED|MAP_DENYWRITE, 6, 0x8000) = 0x7f5c9096d000
mmap(0x7f5c9096f000, 11744, PROT_READ|PROT_WRITE, MAP_PRIVATE|MAP_FIXED|MAP_ANONYMOUS, -1, 0) = 0x7f5c9096f000
close(6)                                = 0
mprotect(0x7f5c9096d000, 4096, PROT_READ) = 0
mprotect(0x7f5c90b76000, 4096, PROT_READ) = 0
mprotect(0x7f5c90d79000, 4096, PROT_READ) = 0
munmap(0x7f5c93772000, 40227)           = 0
open("/lib/x86_64-linux-gnu/security/pam_krb5.so", O_RDONLY|O_CLOEXEC) = 6
read(6, "\177ELF\2\1\1\0\0\0\0\0\0\0\0\0\3\0>\0\1\0\0\0\0.\0\0\0\0\0\0"..., 832) = 832
fstat(6, {st_mode=S_IFREG|0644, st_size=59304, ...}) = 0
mmap(NULL, 2154512, PROT_READ|PROT_EXEC, MAP_PRIVATE|MAP_DENYWRITE, 6, 0) = 0x7f5c90556000
mprotect(0x7f5c90563000, 2097152, PROT_NONE) = 0
mmap(0x7f5c90763000, 8192, PROT_READ|PROT_WRITE, MAP_PRIVATE|MAP_FIXED|MAP_DENYWRITE, 6, 0xd000) = 0x7f5c90763000
close(6)                                = 0
open("/etc/ld.so.cache", O_RDONLY|O_CLOEXEC) = 6
fstat(6, {st_mode=S_IFREG|0644, st_size=40227, ...}) = 0
mmap(NULL, 40227, PROT_READ, MAP_PRIVATE, 6, 0) = 0x7f5c93772000
close(6)                                = 0
access("/etc/ld.so.nohwcap", F_OK)      = -1 ENOENT (No such file or directory)
open("/usr/lib/x86_64-linux-gnu/libkrb5.so.3", O_RDONLY|O_CLOEXEC) = 6
read(6, "\177ELF\2\1\1\0\0\0\0\0\0\0\0\0\3\0>\0\1\0\0\0\20\v\2\0\0\0\0\0"..., 832) = 832
fstat(6, {st_mode=S_IFREG|0644, st_size=860392, ...}) = 0
mmap(NULL, 2956192, PROT_READ|PROT_EXEC, MAP_PRIVATE|MAP_DENYWRITE, 6, 0) = 0x7f5c90284000
mprotect(0x7f5c90347000, 2097152, PROT_NONE) = 0
mmap(0x7f5c90547000, 61440, PROT_READ|PROT_WRITE, MAP_PRIVATE|MAP_FIXED|MAP_DENYWRITE, 6, 0xc3000) = 0x7f5c90547000
close(6)                                = 0
access("/etc/ld.so.nohwcap", F_OK)      = -1 ENOENT (No such file or directory)
open("/usr/lib/x86_64-linux-gnu/libk5crypto.so.3", O_RDONLY|O_CLOEXEC) = 6
read(6, "\177ELF\2\1\1\0\0\0\0\0\0\0\0\0\3\0>\0\1\0\0\0\220?\0\0\0\0\0\0"..., 832) = 832
fstat(6, {st_mode=S_IFREG|0644, st_size=186872, ...}) = 0
mmap(NULL, 2285688, PROT_READ|PROT_EXEC, MAP_PRIVATE|MAP_DENYWRITE, 6, 0) = 0x7f5c90055000
mprotect(0x7f5c90081000, 2093056, PROT_NONE) = 0
mmap(0x7f5c90280000, 12288, PROT_READ|PROT_WRITE, MAP_PRIVATE|MAP_FIXED|MAP_DENYWRITE, 6, 0x2b000) = 0x7f5c90280000
mmap(0x7f5c90283000, 120, PROT_READ|PROT_WRITE, MAP_PRIVATE|MAP_FIXED|MAP_ANONYMOUS, -1, 0) = 0x7f5c90283000
close(6)                                = 0
access("/etc/ld.so.nohwcap", F_OK)      = -1 ENOENT (No such file or directory)
open("/lib/x86_64-linux-gnu/libcom_err.so.2", O_RDONLY|O_CLOEXEC) = 6
read(6, "\177ELF\2\1\1\0\0\0\0\0\0\0\0\0\3\0>\0\1\0\0\0@\24\0\0\0\0\0\0"..., 832) = 832
fstat(6, {st_mode=S_IFREG|0644, st_size=14648, ...}) = 0
mmap(NULL, 2109896, PROT_READ|PROT_EXEC, MAP_PRIVATE|MAP_DENYWRITE, 6, 0) = 0x7f5c8fe51000
mprotect(0x7f5c8fe54000, 2093056, PROT_NONE) = 0
mmap(0x7f5c90053000, 8192, PROT_READ|PROT_WRITE, MAP_PRIVATE|MAP_FIXED|MAP_DENYWRITE, 6, 0x2000) = 0x7f5c90053000
close(6)                                = 0
access("/etc/ld.so.nohwcap", F_OK)      = -1 ENOENT (No such file or directory)
open("/usr/lib/x86_64-linux-gnu/libkrb5support.so.0", O_RDONLY|O_CLOEXEC) = 6
read(6, "\177ELF\2\1\1\0\0\0\0\0\0\0\0\0\3\0>\0\1\0\0\0\320&\0\0\0\0\0\0"..., 832) = 832
fstat(6, {st_mode=S_IFREG|0644, st_size=43664, ...}) = 0
mmap(NULL, 2139080, PROT_READ|PROT_EXEC, MAP_PRIVATE|MAP_DENYWRITE, 6, 0) = 0x7f5c8fc46000
mprotect(0x7f5c8fc50000, 2093056, PROT_NONE) = 0
mmap(0x7f5c8fe4f000, 8192, PROT_READ|PROT_WRITE, MAP_PRIVATE|MAP_FIXED|MAP_DENYWRITE, 6, 0x9000) = 0x7f5c8fe4f000
close(6)                                = 0
access("/etc/ld.so.nohwcap", F_OK)      = -1 ENOENT (No such file or directory)
open("/lib/x86_64-linux-gnu/libkeyutils.so.1", O_RDONLY|O_CLOEXEC) = 6
read(6, "\177ELF\2\1\1\0\0\0\0\0\0\0\0\0\3\0>\0\1\0\0\0\300\22\0\0\0\0\0\0"..., 832) = 832
fstat(6, {st_mode=S_IFREG|0644, st_size=14256, ...}) = 0
mmap(NULL, 2109456, PROT_READ|PROT_EXEC, MAP_PRIVATE|MAP_DENYWRITE, 6, 0) = 0x7f5c8fa42000
mprotect(0x7f5c8fa45000, 2093056, PROT_NONE) = 0
mmap(0x7f5c8fc44000, 8192, PROT_READ|PROT_WRITE, MAP_PRIVATE|MAP_FIXED|MAP_DENYWRITE, 6, 0x2000) = 0x7f5c8fc44000
close(6)                                = 0
access("/etc/ld.so.nohwcap", F_OK)      = -1 ENOENT (No such file or directory)
open("/lib/x86_64-linux-gnu/libresolv.so.2", O_RDONLY|O_CLOEXEC) = 6
read(6, "\177ELF\2\1\1\0\0\0\0\0\0\0\0\0\3\0>\0\1\0\0\0P9\0\0\0\0\0\0"..., 832) = 832
fstat(6, {st_mode=S_IFREG|0644, st_size=101200, ...}) = 0
mmap(NULL, 2206280, PROT_READ|PROT_EXEC, MAP_PRIVATE|MAP_DENYWRITE, 6, 0) = 0x7f5c8f827000
mprotect(0x7f5c8f83e000, 2097152, PROT_NONE) = 0
mmap(0x7f5c8fa3e000, 8192, PROT_READ|PROT_WRITE, MAP_PRIVATE|MAP_FIXED|MAP_DENYWRITE, 6, 0x17000) = 0x7f5c8fa3e000
mmap(0x7f5c8fa40000, 6728, PROT_READ|PROT_WRITE, MAP_PRIVATE|MAP_FIXED|MAP_ANONYMOUS, -1, 0) = 0x7f5c8fa40000
close(6)                                = 0
mprotect(0x7f5c8fa3e000, 4096, PROT_READ) = 0
mprotect(0x7f5c8fc44000, 4096, PROT_READ) = 0
mprotect(0x7f5c8fe4f000, 4096, PROT_READ) = 0
mprotect(0x7f5c90053000, 4096, PROT_READ) = 0
mprotect(0x7f5c90280000, 8192, PROT_READ) = 0
mprotect(0x7f5c90547000, 53248, PROT_READ) = 0
mprotect(0x7f5c90763000, 4096, PROT_READ) = 0
munmap(0x7f5c93772000, 40227)           = 0
open("/lib/x86_64-linux-gnu/security/pam_unix.so", O_RDONLY|O_CLOEXEC) = 6
read(6, "\177ELF\2\1\1\0\0\0\0\0\0\0\0\0\3\0>\0\1\0\0\0`)\0\0\0\0\0\0"..., 832) = 832
fstat(6, {st_mode=S_IFREG|0644, st_size=60336, ...}) = 0
mmap(NULL, 2204640, PROT_READ|PROT_EXEC, MAP_PRIVATE|MAP_DENYWRITE, 6, 0) = 0x7f5c8f60c000
mprotect(0x7f5c8f61a000, 2093056, PROT_NONE) = 0
mmap(0x7f5c8f819000, 8192, PROT_READ|PROT_WRITE, MAP_PRIVATE|MAP_FIXED|MAP_DENYWRITE, 6, 0xd000) = 0x7f5c8f819000
mmap(0x7f5c8f81b000, 46048, PROT_READ|PROT_WRITE, MAP_PRIVATE|MAP_FIXED|MAP_ANONYMOUS, -1, 0) = 0x7f5c8f81b000
close(6)                                = 0
open("/etc/ld.so.cache", O_RDONLY|O_CLOEXEC) = 6
fstat(6, {st_mode=S_IFREG|0644, st_size=40227, ...}) = 0
mmap(NULL, 40227, PROT_READ, MAP_PRIVATE, 6, 0) = 0x7f5c93772000
close(6)                                = 0
access("/etc/ld.so.nohwcap", F_OK)      = -1 ENOENT (No such file or directory)
open("/lib/x86_64-linux-gnu/libcrypt.so.1", O_RDONLY|O_CLOEXEC) = 6
read(6, "\177ELF\2\1\1\0\0\0\0\0\0\0\0\0\3\0>\0\1\0\0\0@\v\0\0\0\0\0\0"..., 832) = 832
fstat(6, {st_mode=S_IFREG|0644, st_size=39224, ...}) = 0
mmap(NULL, 2322912, PROT_READ|PROT_EXEC, MAP_PRIVATE|MAP_DENYWRITE, 6, 0) = 0x7f5c8f3d4000
mprotect(0x7f5c8f3dd000, 2093056, PROT_NONE) = 0
mmap(0x7f5c8f5dc000, 8192, PROT_READ|PROT_WRITE, MAP_PRIVATE|MAP_FIXED|MAP_DENYWRITE, 6, 0x8000) = 0x7f5c8f5dc000
mmap(0x7f5c8f5de000, 184800, PROT_READ|PROT_WRITE, MAP_PRIVATE|MAP_FIXED|MAP_ANONYMOUS, -1, 0) = 0x7f5c8f5de000
close(6)                                = 0
mprotect(0x7f5c8f5dc000, 4096, PROT_READ) = 0
mprotect(0x7f5c8f819000, 4096, PROT_READ) = 0
munmap(0x7f5c93772000, 40227)           = 0
open("/lib/x86_64-linux-gnu/security/pam_sss.so", O_RDONLY|O_CLOEXEC) = 6
read(6, "\177ELF\2\1\1\0\0\0\0\0\0\0\0\0\3\0>\0\1\0\0\0\360\35\0\0\0\0\0\0"..., 832) = 832
fstat(6, {st_mode=S_IFREG|0644, st_size=35512, ...}) = 0
mmap(NULL, 2130832, PROT_READ|PROT_EXEC, MAP_PRIVATE|MAP_DENYWRITE, 6, 0) = 0x7f5c8f1cb000
mprotect(0x7f5c8f1d3000, 2093056, PROT_NONE) = 0
mmap(0x7f5c8f3d2000, 8192, PROT_READ|PROT_WRITE, MAP_PRIVATE|MAP_FIXED|MAP_DENYWRITE, 6, 0x7000) = 0x7f5c8f3d2000
close(6)                                = 0
mprotect(0x7f5c8f3d2000, 4096, PROT_READ) = 0
open("/lib/x86_64-linux-gnu/security/pam_ldap.so", O_RDONLY|O_CLOEXEC) = 6
read(6, "\177ELF\2\1\1\0\0\0\0\0\0\0\0\0\3\0>\0\1\0\0\0\360\37\0\0\0\0\0\0"..., 832) = 832
fstat(6, {st_mode=S_IFREG|0644, st_size=47792, ...}) = 0
mmap(NULL, 2142888, PROT_READ|PROT_EXEC, MAP_PRIVATE|MAP_DENYWRITE, 6, 0) = 0x7f5c8efbf000
mprotect(0x7f5c8efc9000, 2097152, PROT_NONE) = 0
mmap(0x7f5c8f1c9000, 8192, PROT_READ|PROT_WRITE, MAP_PRIVATE|MAP_FIXED|MAP_DENYWRITE, 6, 0xa000) = 0x7f5c8f1c9000
close(6)                                = 0
open("/etc/ld.so.cache", O_RDONLY|O_CLOEXEC) = 6
fstat(6, {st_mode=S_IFREG|0644, st_size=40227, ...}) = 0
mmap(NULL, 40227, PROT_READ, MAP_PRIVATE, 6, 0) = 0x7f5c93772000
close(6)                                = 0
access("/etc/ld.so.nohwcap", F_OK)      = -1 ENOENT (No such file or directory)
open("/usr/lib/x86_64-linux-gnu/libldap_r-2.4.so.2", O_RDONLY|O_CLOEXEC) = 6
read(6, "\177ELF\2\1\1\0\0\0\0\0\0\0\0\0\3\0>\0\1\0\0\0\360\307\0\0\0\0\0\0"..., 832) = 832
fstat(6, {st_mode=S_IFREG|0644, st_size=322928, ...}) = 0
mmap(NULL, 2427592, PROT_READ|PROT_EXEC, MAP_PRIVATE|MAP_DENYWRITE, 6, 0) = 0x7f5c8ed6e000
mprotect(0x7f5c8edbb000, 2093056, PROT_NONE) = 0
mmap(0x7f5c8efba000, 12288, PROT_READ|PROT_WRITE, MAP_PRIVATE|MAP_FIXED|MAP_DENYWRITE, 6, 0x4c000) = 0x7f5c8efba000
mmap(0x7f5c8efbd000, 6856, PROT_READ|PROT_WRITE, MAP_PRIVATE|MAP_FIXED|MAP_ANONYMOUS, -1, 0) = 0x7f5c8efbd000
close(6)                                = 0
access("/etc/ld.so.nohwcap", F_OK)      = -1 ENOENT (No such file or directory)
open("/usr/lib/x86_64-linux-gnu/liblber-2.4.so.2", O_RDONLY|O_CLOEXEC) = 6
read(6, "\177ELF\2\1\1\0\0\0\0\0\0\0\0\0\3\0>\0\1\0\0\0\340)\0\0\0\0\0\0"..., 832) = 832
fstat(6, {st_mode=S_IFREG|0644, st_size=59640, ...}) = 0
mmap(NULL, 2154984, PROT_READ|PROT_EXEC, MAP_PRIVATE|MAP_DENYWRITE, 6, 0) = 0x7f5c8eb5f000
mprotect(0x7f5c8eb6c000, 2097152, PROT_NONE) = 0
mmap(0x7f5c8ed6c000, 8192, PROT_READ|PROT_WRITE, MAP_PRIVATE|MAP_FIXED|MAP_DENYWRITE, 6, 0xd000) = 0x7f5c8ed6c000
close(6)                                = 0
access("/etc/ld.so.nohwcap", F_OK)      = -1 ENOENT (No such file or directory)
open("/usr/lib/x86_64-linux-gnu/libsasl2.so.2", O_RDONLY|O_CLOEXEC) = 6
read(6, "\177ELF\2\1\1\0\0\0\0\0\0\0\0\0\3\0>\0\1\0\0\0@)\0\0\0\0\0\0"..., 832) = 832
fstat(6, {st_mode=S_IFREG|0644, st_size=109296, ...}) = 0
mmap(NULL, 2204648, PROT_READ|PROT_EXEC, MAP_PRIVATE|MAP_DENYWRITE, 6, 0) = 0x7f5c8e944000
mprotect(0x7f5c8e95d000, 2097152, PROT_NONE) = 0
mmap(0x7f5c8eb5d000, 8192, PROT_READ|PROT_WRITE, MAP_PRIVATE|MAP_FIXED|MAP_DENYWRITE, 6, 0x19000) = 0x7f5c8eb5d000
close(6)                                = 0
access("/etc/ld.so.nohwcap", F_OK)      = -1 ENOENT (No such file or directory)
open("/usr/lib/x86_64-linux-gnu/libgssapi.so.3", O_RDONLY|O_CLOEXEC) = 6
read(6, "\177ELF\2\1\1\0\0\0\0\0\0\0\0\0\3\0>\0\1\0\0\0\340\331\0\0\0\0\0\0"..., 832) = 832
fstat(6, {st_mode=S_IFREG|0644, st_size=264256, ...}) = 0
mmap(NULL, 2359640, PROT_READ|PROT_EXEC, MAP_PRIVATE|MAP_DENYWRITE, 6, 0) = 0x7f5c8e703000
mprotect(0x7f5c8e740000, 2097152, PROT_NONE) = 0
mmap(0x7f5c8e940000, 12288, PROT_READ|PROT_WRITE, MAP_PRIVATE|MAP_FIXED|MAP_DENYWRITE, 6, 0x3d000) = 0x7f5c8e940000
mmap(0x7f5c8e943000, 344, PROT_READ|PROT_WRITE, MAP_PRIVATE|MAP_FIXED|MAP_ANONYMOUS, -1, 0) = 0x7f5c8e943000
close(6)                                = 0
access("/etc/ld.so.nohwcap", F_OK)      = -1 ENOENT (No such file or directory)
open("/usr/lib/x86_64-linux-gnu/libgnutls.so.30", O_RDONLY|O_CLOEXEC) = 6
read(6, "\177ELF\2\1\1\0\0\0\0\0\0\0\0\0\3\0>\0\1\0\0\0\300R\2\0\0\0\0\0"..., 832) = 832
fstat(6, {st_mode=S_IFREG|0644, st_size=1239440, ...}) = 0
mmap(NULL, 3338624, PROT_READ|PROT_EXEC, MAP_PRIVATE|MAP_DENYWRITE, 6, 0) = 0x7f5c8e3d3000
mprotect(0x7f5c8e4f6000, 2093056, PROT_NONE) = 0
mmap(0x7f5c8e6f5000, 53248, PROT_READ|PROT_WRITE, MAP_PRIVATE|MAP_FIXED|MAP_DENYWRITE, 6, 0x122000) = 0x7f5c8e6f5000
mmap(0x7f5c8e702000, 384, PROT_READ|PROT_WRITE, MAP_PRIVATE|MAP_FIXED|MAP_ANONYMOUS, -1, 0) = 0x7f5c8e702000
close(6)                                = 0
access("/etc/ld.so.nohwcap", F_OK)      = -1 ENOENT (No such file or directory)
open("/usr/lib/x86_64-linux-gnu/libheimntlm.so.0", O_RDONLY|O_CLOEXEC) = 6
read(6, "\177ELF\2\1\1\0\0\0\0\0\0\0\0\0\3\0>\0\1\0\0\0p*\0\0\0\0\0\0"..., 832) = 832
fstat(6, {st_mode=S_IFREG|0644, st_size=35920, ...}) = 0
mmap(NULL, 2130928, PROT_READ|PROT_EXEC, MAP_PRIVATE|MAP_DENYWRITE, 6, 0) = 0x7f5c8e1ca000
mprotect(0x7f5c8e1d2000, 2093056, PROT_NONE) = 0
mmap(0x7f5c8e3d1000, 8192, PROT_READ|PROT_WRITE, MAP_PRIVATE|MAP_FIXED|MAP_DENYWRITE, 6, 0x7000) = 0x7f5c8e3d1000
close(6)                                = 0
access("/etc/ld.so.nohwcap", F_OK)      = -1 ENOENT (No such file or directory)
open("/usr/lib/x86_64-linux-gnu/libkrb5.so.26", O_RDONLY|O_CLOEXEC) = 6
read(6, "\177ELF\2\1\1\0\0\0\0\0\0\0\0\0\3\0>\0\1\0\0\0\300\302\1\0\0\0\0\0"..., 832) = 832
fstat(6, {st_mode=S_IFREG|0644, st_size=560808, ...}) = 0
mmap(NULL, 2658672, PROT_READ|PROT_EXEC, MAP_PRIVATE|MAP_DENYWRITE, 6, 0) = 0x7f5c8df40000
mprotect(0x7f5c8dfc4000, 2093056, PROT_NONE) = 0
mmap(0x7f5c8e1c3000, 24576, PROT_READ|PROT_WRITE, MAP_PRIVATE|MAP_FIXED|MAP_DENYWRITE, 6, 0x83000) = 0x7f5c8e1c3000
mmap(0x7f5c8e1c9000, 368, PROT_READ|PROT_WRITE, MAP_PRIVATE|MAP_FIXED|MAP_ANONYMOUS, -1, 0) = 0x7f5c8e1c9000
close(6)                                = 0
access("/etc/ld.so.nohwcap", F_OK)      = -1 ENOENT (No such file or directory)
open("/usr/lib/x86_64-linux-gnu/libasn1.so.8", O_RDONLY|O_CLOEXEC) = 6
read(6, "\177ELF\2\1\1\0\0\0\0\0\0\0\0\0\3\0>\0\1\0\0\0\0\232\1\0\0\0\0\0"..., 832) = 832
fstat(6, {st_mode=S_IFREG|0644, st_size=661872, ...}) = 0
mmap(NULL, 2756880, PROT_READ|PROT_EXEC, MAP_PRIVATE|MAP_DENYWRITE, 6, 0) = 0x7f5c8dc9e000
mprotect(0x7f5c8dd3d000, 2093056, PROT_NONE) = 0
mmap(0x7f5c8df3c000, 16384, PROT_READ|PROT_WRITE, MAP_PRIVATE|MAP_FIXED|MAP_DENYWRITE, 6, 0x9e000) = 0x7f5c8df3c000
close(6)                                = 0
access("/etc/ld.so.nohwcap", F_OK)      = -1 ENOENT (No such file or directory)
open("/usr/lib/x86_64-linux-gnu/libhcrypto.so.4", O_RDONLY|O_CLOEXEC) = 6
read(6, "\177ELF\2\1\1\0\0\0\0\0\0\0\0\0\3\0>\0\1\0\0\0pg\0\0\0\0\0\0"..., 832) = 832
fstat(6, {st_mode=S_IFREG|0644, st_size=204168, ...}) = 0
mmap(NULL, 2303016, PROT_READ|PROT_EXEC, MAP_PRIVATE|MAP_DENYWRITE, 6, 0) = 0x7f5c8da6b000
mprotect(0x7f5c8da9b000, 2097152, PROT_NONE) = 0
mmap(0x7f5c8dc9b000, 8192, PROT_READ|PROT_WRITE, MAP_PRIVATE|MAP_FIXED|MAP_DENYWRITE, 6, 0x30000) = 0x7f5c8dc9b000
mmap(0x7f5c8dc9d000, 1064, PROT_READ|PROT_WRITE, MAP_PRIVATE|MAP_FIXED|MAP_ANONYMOUS, -1, 0) = 0x7f5c8dc9d000
close(6)                                = 0
access("/etc/ld.so.nohwcap", F_OK)      = -1 ENOENT (No such file or directory)
open("/usr/lib/x86_64-linux-gnu/libroken.so.18", O_RDONLY|O_CLOEXEC) = 6
read(6, "\177ELF\2\1\1\0\0\0\0\0\0\0\0\0\3\0>\0\1\0\0\0\320N\0\0\0\0\0\0"..., 832) = 832
fstat(6, {st_mode=S_IFREG|0644, st_size=89904, ...}) = 0
mmap(NULL, 2185320, PROT_READ|PROT_EXEC, MAP_PRIVATE|MAP_DENYWRITE, 6, 0) = 0x7f5c8d855000
mprotect(0x7f5c8d86a000, 2093056, PROT_NONE) = 0
mmap(0x7f5c8da69000, 8192, PROT_READ|PROT_WRITE, MAP_PRIVATE|MAP_FIXED|MAP_DENYWRITE, 6, 0x14000) = 0x7f5c8da69000
close(6)                                = 0
access("/etc/ld.so.nohwcap", F_OK)      = -1 ENOENT (No such file or directory)
open("/lib/x86_64-linux-gnu/libz.so.1", O_RDONLY|O_CLOEXEC) = 6
read(6, "\177ELF\2\1\1\0\0\0\0\0\0\0\0\0\3\0>\0\1\0\0\0\260\35\0\0\0\0\0\0"..., 832) = 832
fstat(6, {st_mode=S_IFREG|0644, st_size=104864, ...}) = 0
mmap(NULL, 2199848, PROT_READ|PROT_EXEC, MAP_PRIVATE|MAP_DENYWRITE, 6, 0) = 0x7f5c8d63b000
mprotect(0x7f5c8d654000, 2093056, PROT_NONE) = 0
mmap(0x7f5c8d853000, 8192, PROT_READ|PROT_WRITE, MAP_PRIVATE|MAP_FIXED|MAP_DENYWRITE, 6, 0x18000) = 0x7f5c8d853000
close(6)                                = 0
access("/etc/ld.so.nohwcap", F_OK)      = -1 ENOENT (No such file or directory)
open("/usr/lib/x86_64-linux-gnu/libp11-kit.so.0", O_RDONLY|O_CLOEXEC) = 6
read(6, "\177ELF\2\1\1\0\0\0\0\0\0\0\0\0\3\0>\0\1\0\0\0p\24\1\0\0\0\0\0"..., 832) = 832
fstat(6, {st_mode=S_IFREG|0644, st_size=408472, ...}) = 0
mmap(NULL, 2504592, PROT_READ|PROT_EXEC, MAP_PRIVATE|MAP_DENYWRITE, 6, 0) = 0x7f5c8d3d7000
mprotect(0x7f5c8d430000, 2093056, PROT_NONE) = 0
mmap(0x7f5c8d62f000, 49152, PROT_READ|PROT_WRITE, MAP_PRIVATE|MAP_FIXED|MAP_DENYWRITE, 6, 0x58000) = 0x7f5c8d62f000
close(6)                                = 0
access("/etc/ld.so.nohwcap", F_OK)      = -1 ENOENT (No such file or directory)
open("/usr/lib/x86_64-linux-gnu/libidn.so.11", O_RDONLY|O_CLOEXEC) = 6
read(6, "\177ELF\2\1\1\0\0\0\0\0\0\0\0\0\3\0>\0\1\0\0\0p+\0\0\0\0\0\0"..., 832) = 832
fstat(6, {st_mode=S_IFREG|0644, st_size=207208, ...}) = 0
mmap(NULL, 2302192, PROT_READ|PROT_EXEC, MAP_PRIVATE|MAP_DENYWRITE, 6, 0) = 0x7f5c8d1a4000
mprotect(0x7f5c8d1d5000, 2097152, PROT_NONE) = 0
mmap(0x7f5c8d3d5000, 8192, PROT_READ|PROT_WRITE, MAP_PRIVATE|MAP_FIXED|MAP_DENYWRITE, 6, 0x31000) = 0x7f5c8d3d5000
close(6)                                = 0
access("/etc/ld.so.nohwcap", F_OK)      = -1 ENOENT (No such file or directory)
open("/usr/lib/x86_64-linux-gnu/libtasn1.so.6", O_RDONLY|O_CLOEXEC) = 6
read(6, "\177ELF\2\1\1\0\0\0\0\0\0\0\0\0\3\0>\0\1\0\0\0\340)\0\0\0\0\0\0"..., 832) = 832
fstat(6, {st_mode=S_IFREG|0644, st_size=76192, ...}) = 0
mmap(NULL, 2171912, PROT_READ|PROT_EXEC, MAP_PRIVATE|MAP_DENYWRITE, 6, 0) = 0x7f5c8cf91000
mprotect(0x7f5c8cfa2000, 2097152, PROT_NONE) = 0
mmap(0x7f5c8d1a2000, 8192, PROT_READ|PROT_WRITE, MAP_PRIVATE|MAP_FIXED|MAP_DENYWRITE, 6, 0x11000) = 0x7f5c8d1a2000
close(6)                                = 0
access("/etc/ld.so.nohwcap", F_OK)      = -1 ENOENT (No such file or directory)
open("/usr/lib/x86_64-linux-gnu/libnettle.so.6", O_RDONLY|O_CLOEXEC) = 6
read(6, "\177ELF\2\1\1\0\0\0\0\0\0\0\0\0\3\0>\0\1\0\0\0`~\0\0\0\0\0\0"..., 832) = 832
fstat(6, {st_mode=S_IFREG|0644, st_size=219336, ...}) = 0
mmap(NULL, 2314384, PROT_READ|PROT_EXEC, MAP_PRIVATE|MAP_DENYWRITE, 6, 0) = 0x7f5c8cd5b000
mprotect(0x7f5c8cd8f000, 2093056, PROT_NONE) = 0
mmap(0x7f5c8cf8e000, 12288, PROT_READ|PROT_WRITE, MAP_PRIVATE|MAP_FIXED|MAP_DENYWRITE, 6, 0x33000) = 0x7f5c8cf8e000
close(6)                                = 0
access("/etc/ld.so.nohwcap", F_OK)      = -1 ENOENT (No such file or directory)
open("/usr/lib/x86_64-linux-gnu/libhogweed.so.4", O_RDONLY|O_CLOEXEC) = 6
read(6, "\177ELF\2\1\1\0\0\0\0\0\0\0\0\0\3\0>\0\1\0\0\0\340e\0\0\0\0\0\0"..., 832) = 832
fstat(6, {st_mode=S_IFREG|0644, st_size=207640, ...}) = 0
mmap(NULL, 2302656, PROT_READ|PROT_EXEC, MAP_PRIVATE|MAP_DENYWRITE, 6, 0) = 0x7f5c8cb28000
mprotect(0x7f5c8cb5a000, 2093056, PROT_NONE) = 0
mmap(0x7f5c8cd59000, 8192, PROT_READ|PROT_WRITE, MAP_PRIVATE|MAP_FIXED|MAP_DENYWRITE, 6, 0x31000) = 0x7f5c8cd59000
close(6)                                = 0
access("/etc/ld.so.nohwcap", F_OK)      = -1 ENOENT (No such file or directory)
open("/usr/lib/x86_64-linux-gnu/libgmp.so.10", O_RDONLY|O_CLOEXEC) = 6
read(6, "\177ELF\2\1\1\0\0\0\0\0\0\0\0\0\3\0>\0\1\0\0\0\300\223\0\0\0\0\0\0"..., 832) = 832
fstat(6, {st_mode=S_IFREG|0644, st_size=522664, ...}) = 0
mmap(NULL, 2617792, PROT_READ|PROT_EXEC, MAP_PRIVATE|MAP_DENYWRITE, 6, 0) = 0x7f5c8c8a8000
mprotect(0x7f5c8c927000, 2093056, PROT_NONE) = 0
mmap(0x7f5c8cb26000, 8192, PROT_READ|PROT_WRITE, MAP_PRIVATE|MAP_FIXED|MAP_DENYWRITE, 6, 0x7e000) = 0x7f5c8cb26000
close(6)                                = 0
access("/etc/ld.so.nohwcap", F_OK)      = -1 ENOENT (No such file or directory)
open("/usr/lib/x86_64-linux-gnu/libwind.so.0", O_RDONLY|O_CLOEXEC) = 6
read(6, "\177ELF\2\1\1\0\0\0\0\0\0\0\0\0\3\0>\0\1\0\0\0\240\16\0\0\0\0\0\0"..., 832) = 832
fstat(6, {st_mode=S_IFREG|0644, st_size=166128, ...}) = 0
mmap(NULL, 2261136, PROT_READ|PROT_EXEC, MAP_PRIVATE|MAP_DENYWRITE, 6, 0) = 0x7f5c8c67f000
mprotect(0x7f5c8c6a6000, 2097152, PROT_NONE) = 0
mmap(0x7f5c8c8a6000, 8192, PROT_READ|PROT_WRITE, MAP_PRIVATE|MAP_FIXED|MAP_DENYWRITE, 6, 0x27000) = 0x7f5c8c8a6000
close(6)                                = 0
access("/etc/ld.so.nohwcap", F_OK)      = -1 ENOENT (No such file or directory)
open("/usr/lib/x86_64-linux-gnu/libheimbase.so.1", O_RDONLY|O_CLOEXEC) = 6
read(6, "\177ELF\2\1\1\0\0\0\0\0\0\0\0\0\3\0>\0\1\0\0\0\300(\0\0\0\0\0\0"..., 832) = 832
fstat(6, {st_mode=S_IFREG|0644, st_size=60928, ...}) = 0
mmap(NULL, 2157176, PROT_READ|PROT_EXEC, MAP_PRIVATE|MAP_DENYWRITE, 6, 0) = 0x7f5c8c470000
mprotect(0x7f5c8c47e000, 2093056, PROT_NONE) = 0
mmap(0x7f5c8c67d000, 8192, PROT_READ|PROT_WRITE, MAP_PRIVATE|MAP_FIXED|MAP_DENYWRITE, 6, 0xd000) = 0x7f5c8c67d000
close(6)                                = 0
access("/etc/ld.so.nohwcap", F_OK)      = -1 ENOENT (No such file or directory)
open("/usr/lib/x86_64-linux-gnu/libhx509.so.5", O_RDONLY|O_CLOEXEC) = 6
read(6, "\177ELF\2\1\1\0\0\0\0\0\0\0\0\0\3\0>\0\1\0\0\0 \20\1\0\0\0\0\0"..., 832) = 832
fstat(6, {st_mode=S_IFREG|0644, st_size=304072, ...}) = 0
mmap(NULL, 2400264, PROT_READ|PROT_EXEC, MAP_PRIVATE|MAP_DENYWRITE, 6, 0) = 0x7f5c8c225000
mprotect(0x7f5c8c26c000, 2093056, PROT_NONE) = 0
mmap(0x7f5c8c46b000, 16384, PROT_READ|PROT_WRITE, MAP_PRIVATE|MAP_FIXED|MAP_DENYWRITE, 6, 0x46000) = 0x7f5c8c46b000
mmap(0x7f5c8c46f000, 8, PROT_READ|PROT_WRITE, MAP_PRIVATE|MAP_FIXED|MAP_ANONYMOUS, -1, 0) = 0x7f5c8c46f000
close(6)                                = 0
access("/etc/ld.so.nohwcap", F_OK)      = -1 ENOENT (No such file or directory)
open("/usr/lib/x86_64-linux-gnu/libsqlite3.so.0", O_RDONLY|O_CLOEXEC) = 6
read(6, "\177ELF\2\1\1\0\0\0\0\0\0\0\0\0\3\0>\0\1\0\0\0\360\257\0\0\0\0\0\0"..., 832) = 832
fstat(6, {st_mode=S_IFREG|0644, st_size=866144, ...}) = 0
mmap(NULL, 2963160, PROT_READ|PROT_EXEC, MAP_PRIVATE|MAP_DENYWRITE, 6, 0) = 0x7f5c8bf51000
mprotect(0x7f5c8c020000, 2093056, PROT_NONE) = 0
mmap(0x7f5c8c21f000, 20480, PROT_READ|PROT_WRITE, MAP_PRIVATE|MAP_FIXED|MAP_DENYWRITE, 6, 0xce000) = 0x7f5c8c21f000
mmap(0x7f5c8c224000, 1752, PROT_READ|PROT_WRITE, MAP_PRIVATE|MAP_FIXED|MAP_ANONYMOUS, -1, 0) = 0x7f5c8c224000
close(6)                                = 0
access("/etc/ld.so.nohwcap", F_OK)      = -1 ENOENT (No such file or directory)
open("/usr/lib/x86_64-linux-gnu/libffi.so.6", O_RDONLY|O_CLOEXEC) = 6
read(6, "\177ELF\2\1\1\0\0\0\0\0\0\0\0\0\3\0>\0\1\0\0\0\360\27\0\0\0\0\0\0"..., 832) = 832
fstat(6, {st_mode=S_IFREG|0644, st_size=31104, ...}) = 0
mmap(NULL, 2127368, PROT_READ|PROT_EXEC, MAP_PRIVATE|MAP_DENYWRITE, 6, 0) = 0x7f5c8bd49000
mprotect(0x7f5c8bd50000, 2093056, PROT_NONE) = 0
mmap(0x7f5c8bf4f000, 8192, PROT_READ|PROT_WRITE, MAP_PRIVATE|MAP_FIXED|MAP_DENYWRITE, 6, 0x6000) = 0x7f5c8bf4f000
close(6)                                = 0
mprotect(0x7f5c8bf4f000, 4096, PROT_READ) = 0
mprotect(0x7f5c8c21f000, 12288, PROT_READ) = 0
mprotect(0x7f5c8da69000, 4096, PROT_READ) = 0
mprotect(0x7f5c8df3c000, 4096, PROT_READ) = 0
mprotect(0x7f5c8dc9b000, 4096, PROT_READ) = 0
mprotect(0x7f5c8c8a6000, 4096, PROT_READ) = 0
mprotect(0x7f5c8c67d000, 4096, PROT_READ) = 0
mprotect(0x7f5c8c46b000, 8192, PROT_READ) = 0
mprotect(0x7f5c8cb26000, 4096, PROT_READ) = 0
mprotect(0x7f5c8cf8e000, 8192, PROT_READ) = 0
mprotect(0x7f5c8cd59000, 4096, PROT_READ) = 0
mprotect(0x7f5c8d1a2000, 4096, PROT_READ) = 0
mprotect(0x7f5c8d3d5000, 4096, PROT_READ) = 0
mprotect(0x7f5c8d62f000, 40960, PROT_READ) = 0
mprotect(0x7f5c8d853000, 4096, PROT_READ) = 0
mprotect(0x7f5c8e1c3000, 12288, PROT_READ) = 0
mprotect(0x7f5c8e3d1000, 4096, PROT_READ) = 0
mprotect(0x7f5c8e6f5000, 45056, PROT_READ) = 0
mprotect(0x7f5c8e940000, 4096, PROT_READ) = 0
mprotect(0x7f5c8eb5d000, 4096, PROT_READ) = 0
mprotect(0x7f5c8ed6c000, 4096, PROT_READ) = 0
mprotect(0x7f5c8efba000, 8192, PROT_READ) = 0
mprotect(0x7f5c8f1c9000, 4096, PROT_READ) = 0
futex(0x7f5c8d63a740, FUTEX_WAKE_PRIVATE, 2147483647) = 0
brk(0x5616c37ce000)                     = 0x5616c37ce000
open("/dev/urandom", O_RDONLY)          = 6
fcntl(6, F_GETFD)                       = 0
fcntl(6, F_SETFD, FD_CLOEXEC)           = 0
fstat(6, {st_mode=S_IFCHR|0666, st_rdev=makedev(1, 9), ...}) = 0
getrusage(0x1 /* RUSAGE_??? */, {ru_utime={0, 4000}, ru_stime={0, 0}, ...}) = 0
read(6, "\330\30e^\22\256\266.\225h\364\255\245\3226\3633g\317\277\235f\251^C\306XU7\26\310\32", 32) = 32
read(6, "\7\356\33wotD\221\356@^\235\233\244\354\257\327QhM\323\373\245_\234\302\t~\30LH\370", 32) = 32
read(6, "\211t\343\360\250\377r\366", 8) = 8
munmap(0x7f5c93772000, 40227)           = 0
open("/lib/x86_64-linux-gnu/security/pam_deny.so", O_RDONLY|O_CLOEXEC) = 7
read(7, "\177ELF\2\1\1\0\0\0\0\0\0\0\0\0\3\0>\0\1\0\0\0\260\5\0\0\0\0\0\0"..., 832) = 832
fstat(7, {st_mode=S_IFREG|0644, st_size=6000, ...}) = 0
mmap(NULL, 2101288, PROT_READ|PROT_EXEC, MAP_PRIVATE|MAP_DENYWRITE, 7, 0) = 0x7f5c8bb47000
mprotect(0x7f5c8bb48000, 2093056, PROT_NONE) = 0
mmap(0x7f5c8bd47000, 8192, PROT_READ|PROT_WRITE, MAP_PRIVATE|MAP_FIXED|MAP_DENYWRITE, 7, 0) = 0x7f5c8bd47000
close(7)                                = 0
mprotect(0x7f5c8bd47000, 4096, PROT_READ) = 0
open("/lib/x86_64-linux-gnu/security/pam_permit.so", O_RDONLY|O_CLOEXEC) = 7
read(7, "\177ELF\2\1\1\0\0\0\0\0\0\0\0\0\3\0>\0\1\0\0\0\360\6\0\0\0\0\0\0"..., 832) = 832
fstat(7, {st_mode=S_IFREG|0644, st_size=6168, ...}) = 0
mmap(NULL, 2101312, PROT_READ|PROT_EXEC, MAP_PRIVATE|MAP_DENYWRITE, 7, 0) = 0x7f5c8b945000
mprotect(0x7f5c8b946000, 2093056, PROT_NONE) = 0
mmap(0x7f5c8bb45000, 8192, PROT_READ|PROT_WRITE, MAP_PRIVATE|MAP_FIXED|MAP_DENYWRITE, 7, 0) = 0x7f5c8bb45000
close(7)                                = 0
mprotect(0x7f5c8bb45000, 4096, PROT_READ) = 0
open("/lib/x86_64-linux-gnu/security/pam_gnome_keyring.so", O_RDONLY|O_CLOEXEC) = -1 ENOENT (No such file or directory)
open("/lib/security/pam_gnome_keyring.so", O_RDONLY|O_CLOEXEC) = -1 ENOENT (No such file or directory)
open("/usr/share/locale/locale.alias", O_RDONLY|O_CLOEXEC) = 7
fstat(7, {st_mode=S_IFREG|0644, st_size=2995, ...}) = 0
read(7, "# Locale name alias data base.\n#"..., 4096) = 2995
read(7, "", 4096)                       = 0
close(7)                                = 0
open("/usr/share/locale/en_US/LC_MESSAGES/libc.mo", O_RDONLY) = -1 ENOENT (No such file or directory)
open("/usr/share/locale/en/LC_MESSAGES/libc.mo", O_RDONLY) = -1 ENOENT (No such file or directory)
open("/usr/share/locale-langpack/en_US/LC_MESSAGES/libc.mo", O_RDONLY) = -1 ENOENT (No such file or directory)
open("/usr/share/locale-langpack/en/LC_MESSAGES/libc.mo", O_RDONLY) = -1 ENOENT (No such file or directory)
open("/etc/localtime", O_RDONLY|O_CLOEXEC) = 7
fstat(7, {st_mode=S_IFREG|0644, st_size=3585, ...}) = 0
fstat(7, {st_mode=S_IFREG|0644, st_size=3585, ...}) = 0
read(7, "TZif2\0\0\0\0\0\0\0\0\0\0\0\0\0\0\0\0\0\0\7\0\0\0\7\0\0\0\0"..., 4096) = 3585
lseek(7, -2281, SEEK_CUR)               = 1304
read(7, "TZif2\0\0\0\0\0\0\0\0\0\0\0\0\0\0\0\0\0\0\7\0\0\0\7\0\0\0\0"..., 4096) = 2281
close(7)                                = 0
socket(PF_LOCAL, SOCK_DGRAM|SOCK_CLOEXEC, 0) = 7
connect(7, {sa_family=AF_LOCAL, sun_path="/dev/log"}, 110) = 0
sendto(7, "<83>May  4 18:42:38 passwd[7859]"..., 171, MSG_NOSIGNAL, NULL, 0) = 171
sendto(7, "<83>May  4 18:42:38 passwd[7859]"..., 80, MSG_NOSIGNAL, NULL, 0) = 80
read(5, "", 4096)                       = 0
close(5)                                = 0
read(4, "", 4096)                       = 0
close(4)                                = 0
open("/etc/pam.d/other", O_RDONLY)      = 4
fstat(4, {st_mode=S_IFREG|0644, st_size=520, ...}) = 0
read(4, "#\n# /etc/pam.d/other - specify t"..., 4096) = 520
stat("/etc/pam.d", {st_mode=S_IFDIR|0755, st_size=4096, ...}) = 0
open("/etc/pam.d/common-auth", O_RDONLY) = 5
fstat(5, {st_mode=S_IFREG|0644, st_size=1414, ...}) = 0
read(5, "#\n# /etc/pam.d/common-auth - aut"..., 4096) = 1414
read(5, "", 4096)                       = 0
close(5)                                = 0
stat("/etc/pam.d", {st_mode=S_IFDIR|0755, st_size=4096, ...}) = 0
open("/etc/pam.d/common-account", O_RDONLY) = 5
fstat(5, {st_mode=S_IFREG|0644, st_size=1408, ...}) = 0
read(5, "#\n# /etc/pam.d/common-account - "..., 4096) = 1408
open("/lib/x86_64-linux-gnu/security/pam_localuser.so", O_RDONLY|O_CLOEXEC) = 8
read(8, "\177ELF\2\1\1\0\0\0\0\0\0\0\0\0\3\0>\0\1\0\0\0\260\10\0\0\0\0\0\0"..., 832) = 832
fstat(8, {st_mode=S_IFREG|0644, st_size=10304, ...}) = 0
mmap(NULL, 2105448, PROT_READ|PROT_EXEC, MAP_PRIVATE|MAP_DENYWRITE, 8, 0) = 0x7f5c8b742000
mprotect(0x7f5c8b743000, 2097152, PROT_NONE) = 0
mmap(0x7f5c8b943000, 8192, PROT_READ|PROT_WRITE, MAP_PRIVATE|MAP_FIXED|MAP_DENYWRITE, 8, 0x1000) = 0x7f5c8b943000
close(8)                                = 0
mprotect(0x7f5c8b943000, 4096, PROT_READ) = 0
read(5, "", 4096)                       = 0
close(5)                                = 0
stat("/etc/pam.d", {st_mode=S_IFDIR|0755, st_size=4096, ...}) = 0
open("/etc/pam.d/common-password", O_RDONLY) = 5
fstat(5, {st_mode=S_IFREG|0644, st_size=1782, ...}) = 0
read(5, "#\n# /etc/pam.d/common-password -"..., 4096) = 1782
read(5, "", 4096)                       = 0
close(5)                                = 0
stat("/etc/pam.d", {st_mode=S_IFDIR|0755, st_size=4096, ...}) = 0
open("/etc/pam.d/common-session", O_RDONLY) = 5
fstat(5, {st_mode=S_IFREG|0644, st_size=1642, ...}) = 0
read(5, "#\n# /etc/pam.d/common-session - "..., 4096) = 1642
open("/lib/x86_64-linux-gnu/security/pam_umask.so", O_RDONLY|O_CLOEXEC) = 8
read(8, "\177ELF\2\1\1\0\0\0\0\0\0\0\0\0\3\0>\0\1\0\0\0\300\f\0\0\0\0\0\0"..., 832) = 832
fstat(8, {st_mode=S_IFREG|0644, st_size=10432, ...}) = 0
mmap(NULL, 2105576, PROT_READ|PROT_EXEC, MAP_PRIVATE|MAP_DENYWRITE, 8, 0) = 0x7f5c8b53f000
mprotect(0x7f5c8b541000, 2093056, PROT_NONE) = 0
mmap(0x7f5c8b740000, 8192, PROT_READ|PROT_WRITE, MAP_PRIVATE|MAP_FIXED|MAP_DENYWRITE, 8, 0x1000) = 0x7f5c8b740000
close(8)                                = 0
mprotect(0x7f5c8b740000, 4096, PROT_READ) = 0
open("/lib/x86_64-linux-gnu/security/pam_systemd.so", O_RDONLY|O_CLOEXEC) = 8
read(8, "\177ELF\2\1\1\0\0\0\0\0\0\0\0\0\3\0>\0\1\0\0\0\0\0\0\0\0\0\0\0"..., 832) = 832
fstat(8, {st_mode=S_IFREG|0644, st_size=274376, ...}) = 0
mmap(NULL, 278113, PROT_READ|PROT_EXEC, MAP_PRIVATE|MAP_DENYWRITE, 8, 0) = 0x7f5c93728000
mmap(0x7f5c93768000, 16384, PROT_READ|PROT_WRITE, MAP_PRIVATE|MAP_FIXED|MAP_DENYWRITE, 8, 0x3f000) = 0x7f5c93768000
close(8)                                = 0
open("/etc/ld.so.cache", O_RDONLY|O_CLOEXEC) = 8
fstat(8, {st_mode=S_IFREG|0644, st_size=40227, ...}) = 0
mmap(NULL, 40227, PROT_READ, MAP_PRIVATE, 8, 0) = 0x7f5c93772000
close(8)                                = 0
access("/etc/ld.so.nohwcap", F_OK)      = -1 ENOENT (No such file or directory)
open("/lib/x86_64-linux-gnu/librt.so.1", O_RDONLY|O_CLOEXEC) = 8
read(8, "\177ELF\2\1\1\0\0\0\0\0\0\0\0\0\3\0>\0\1\0\0\0\0!\0\0\0\0\0\0"..., 832) = 832
fstat(8, {st_mode=S_IFREG|0644, st_size=31712, ...}) = 0
mmap(NULL, 2128832, PROT_READ|PROT_EXEC, MAP_PRIVATE|MAP_DENYWRITE, 8, 0) = 0x7f5c8b337000
mprotect(0x7f5c8b33e000, 2093056, PROT_NONE) = 0
mmap(0x7f5c8b53d000, 8192, PROT_READ|PROT_WRITE, MAP_PRIVATE|MAP_FIXED|MAP_DENYWRITE, 8, 0x6000) = 0x7f5c8b53d000
close(8)                                = 0
mprotect(0x7f5c8b53d000, 4096, PROT_READ) = 0
mprotect(0x7f5c93768000, 12288, PROT_READ) = 0
munmap(0x7f5c93772000, 40227)           = 0
open("/lib/x86_64-linux-gnu/security/pam_mkhomedir.so", O_RDONLY|O_CLOEXEC) = 8
read(8, "\177ELF\2\1\1\0\0\0\0\0\0\0\0\0\3\0>\0\1\0\0\0\220\n\0\0\0\0\0\0"..., 832) = 832
fstat(8, {st_mode=S_IFREG|0644, st_size=10376, ...}) = 0
mmap(NULL, 2105528, PROT_READ|PROT_EXEC, MAP_PRIVATE|MAP_DENYWRITE, 8, 0) = 0x7f5c8b134000
mprotect(0x7f5c8b136000, 2093056, PROT_NONE) = 0
mmap(0x7f5c8b335000, 8192, PROT_READ|PROT_WRITE, MAP_PRIVATE|MAP_FIXED|MAP_DENYWRITE, 8, 0x1000) = 0x7f5c8b335000
close(8)                                = 0
mprotect(0x7f5c8b335000, 4096, PROT_READ) = 0
read(5, "", 4096)                       = 0
close(5)                                = 0
read(4, "", 4096)                       = 0
close(4)                                = 0
open("/etc/security/pwquality.conf.d", O_RDONLY|O_NONBLOCK|O_DIRECTORY|O_CLOEXEC) = -1 ENOENT (No such file or directory)
open("/etc/security/pwquality.conf", O_RDONLY) = 4
fstat(4, {st_mode=S_IFREG|0644, st_size=1718, ...}) = 0
read(4, "# Configuration for systemwide p"..., 4096) = 1718
read(4, "", 4096)                       = 0
close(4)                                = 0
getuid()                                = 0
geteuid()                               = 0
getgid()                                = 0
getegid()                               = 0
futex(0x7f5c8fe502b0, FUTEX_WAKE_PRIVATE, 2147483647) = 0
futex(0x7f5c8fe50150, FUTEX_WAKE_PRIVATE, 2147483647) = 0
futex(0x7f5c905547b0, FUTEX_WAKE_PRIVATE, 2147483647) = 0
futex(0x7f5c90555870, FUTEX_WAKE_PRIVATE, 2147483647) = 0
stat("/etc/krb5.conf", {st_mode=S_IFREG|0644, st_size=5192, ...}) = 0
open("/etc/krb5.conf", O_RDONLY)        = 4
fcntl(4, F_SETFD, FD_CLOEXEC)           = 0
fstat(4, {st_mode=S_IFREG|0644, st_size=5192, ...}) = 0
read(4, "[libdefaults]\n     default_realm"..., 4096) = 4096
read(4, "\n        admin_server = krb5-adm"..., 4096) = 1096
read(4, "", 4096)                       = 0
close(4)                                = 0
open("/dev/urandom", O_RDONLY)          = 4
fcntl(4, F_SETFD, FD_CLOEXEC)           = 0
fstat(4, {st_mode=S_IFCHR|0666, st_rdev=makedev(1, 9), ...}) = 0
read(4, "o\335J\330)\2\3)\236\204u\360\212\22\316T\312vwt\22\30\365\375\16\260&Bn\334\263i"..., 64) = 64
close(4)                                = 0
open("/dev/urandom", O_RDONLY)          = 4
fcntl(4, F_SETFD, FD_CLOEXEC)           = 0
fstat(4, {st_mode=S_IFCHR|0666, st_rdev=makedev(1, 9), ...}) = 0
read(4, "1$Za`F\252\357\26^\27\313\252\371*%y*\215h2iv\371\21\326\277\v\33=\30\305"..., 64) = 64
close(4)                                = 0
futex(0x7f5c90282180, FUTEX_WAKE_PRIVATE, 2147483647) = 0
open("/etc/passwd", O_RDONLY|O_CLOEXEC) = 4
lseek(4, 0, SEEK_CUR)                   = 0
fstat(4, {st_mode=S_IFREG|0644, st_size=1658, ...}) = 0
mmap(NULL, 1658, PROT_READ, MAP_SHARED, 4, 0) = 0x7f5c9377b000
lseek(4, 1658, SEEK_SET)                = 1658
munmap(0x7f5c9377b000, 1658)            = 0
close(4)                                = 0
ioctl(0, TCGETS, {B9600 opost isig icanon echo ...}) = 0
ioctl(0, TCGETS, {B9600 opost isig icanon echo ...}) = 0
rt_sigprocmask(SIG_BLOCK, [TSTP], [], 8) = 0
ioctl(0, TCGETS, {B9600 opost isig icanon echo ...}) = 0
ioctl(0, SNDCTL_TMR_CONTINUE or TCSETSF, {B9600 opost isig icanon -echo ...}) = 0
ioctl(0, TCGETS, {B9600 opost isig icanon -echo ...}) = 0
write(2, "Current Kerberos password: ", 27) = 27
read(0, "\n", 511)                      = 1
ioctl(0, TCGETS, {B9600 opost isig icanon -echo ...}) = 0
ioctl(0, SNDCTL_TMR_STOP or TCSETSW, {B9600 opost isig icanon echo ...}) = 0
ioctl(0, TCGETS, {B9600 opost isig icanon echo ...}) = 0
write(2, "\n", 1)                       = 1
rt_sigprocmask(SIG_SETMASK, [], NULL, 8) = 0
ioctl(0, TCGETS, {B9600 opost isig icanon echo ...}) = 0
ioctl(0, SNDCTL_TMR_STOP or TCSETSW, {B9600 opost isig icanon echo ...}) = 0
ioctl(0, TCGETS, {B9600 opost isig icanon echo ...}) = 0
getuid()                                = 0
open("/etc/login.defs", O_RDONLY)       = 4
fstat(4, {st_mode=S_IFREG|0644, st_size=10551, ...}) = 0
read(4, "#\n# /etc/login.defs - Configurat"..., 4096) = 4096
read(4, " issuing \n# the \"mesg y\" command"..., 4096) = 4096
read(4, " algorithm compatible with the o"..., 4096) = 2359
close(4)                                = 0
open("/etc/login.defs", O_RDONLY)       = 4
fstat(4, {st_mode=S_IFREG|0644, st_size=10551, ...}) = 0
read(4, "#\n# /etc/login.defs - Configurat"..., 4096) = 4096
read(4, " issuing \n# the \"mesg y\" command"..., 4096) = 4096
read(4, " algorithm compatible with the o"..., 4096) = 2359
read(4, "", 4096)                       = 0
close(4)                                = 0
open("/etc/passwd", O_RDONLY)           = 4
fstat(4, {st_mode=S_IFREG|0644, st_size=1658, ...}) = 0
read(4, "root:x:0:0:root:/root:/bin/bash\n"..., 4096) = 1658
close(4)                                = 0
open("/etc/passwd", O_RDONLY)           = 4
fstat(4, {st_mode=S_IFREG|0644, st_size=1658, ...}) = 0
read(4, "root:x:0:0:root:/root:/bin/bash\n"..., 4096) = 1658
close(4)                                = 0
open("/etc/passwd", O_RDONLY|O_CLOEXEC) = 4
lseek(4, 0, SEEK_CUR)                   = 0
fstat(4, {st_mode=S_IFREG|0644, st_size=1658, ...}) = 0
mmap(NULL, 1658, PROT_READ, MAP_SHARED, 4, 0) = 0x7f5c9377b000
lseek(4, 1658, SEEK_SET)                = 1658
munmap(0x7f5c9377b000, 1658)            = 0
close(4)                                = 0
open("/etc/shadow", O_RDONLY|O_CLOEXEC) = 4
lseek(4, 0, SEEK_CUR)                   = 0
fstat(4, {st_mode=S_IFREG|0640, st_size=1099, ...}) = 0
mmap(NULL, 1099, PROT_READ, MAP_SHARED, 4, 0) = 0x7f5c9377b000
lseek(4, 1099, SEEK_SET)                = 1099
munmap(0x7f5c9377b000, 1099)            = 0
close(4)                                = 0
open("/etc/passwd", O_RDONLY|O_CLOEXEC) = 4
lseek(4, 0, SEEK_CUR)                   = 0
fstat(4, {st_mode=S_IFREG|0644, st_size=1658, ...}) = 0
mmap(NULL, 1658, PROT_READ, MAP_SHARED, 4, 0) = 0x7f5c9377b000
lseek(4, 1658, SEEK_SET)                = 1658
munmap(0x7f5c9377b000, 1658)            = 0
close(4)                                = 0
open("/etc/shadow", O_RDONLY|O_CLOEXEC) = 4
lseek(4, 0, SEEK_CUR)                   = 0
fstat(4, {st_mode=S_IFREG|0640, st_size=1099, ...}) = 0
mmap(NULL, 1099, PROT_READ, MAP_SHARED, 4, 0) = 0x7f5c9377b000
lseek(4, 1099, SEEK_SET)                = 1099
munmap(0x7f5c9377b000, 1099)            = 0
close(4)                                = 0
open("/etc/security/pwquality.conf.d", O_RDONLY|O_NONBLOCK|O_DIRECTORY|O_CLOEXEC) = -1 ENOENT (No such file or directory)
open("/etc/security/pwquality.conf", O_RDONLY) = 4
fstat(4, {st_mode=S_IFREG|0644, st_size=1718, ...}) = 0
read(4, "# Configuration for systemwide p"..., 4096) = 1718
read(4, "", 4096)                       = 0
close(4)                                = 0
open("/usr/share/locale/en_US/LC_MESSAGES/Linux-PAM.mo", O_RDONLY) = -1 ENOENT (No such file or directory)
open("/usr/share/locale/en/LC_MESSAGES/Linux-PAM.mo", O_RDONLY) = -1 ENOENT (No such file or directory)
open("/usr/share/locale-langpack/en_US/LC_MESSAGES/Linux-PAM.mo", O_RDONLY) = -1 ENOENT (No such file or directory)
open("/usr/share/locale-langpack/en/LC_MESSAGES/Linux-PAM.mo", O_RDONLY) = -1 ENOENT (No such file or directory)
ioctl(0, TCGETS, {B9600 opost isig icanon echo ...}) = 0
ioctl(0, TCGETS, {B9600 opost isig icanon echo ...}) = 0
rt_sigprocmask(SIG_BLOCK, [TSTP], [], 8) = 0
ioctl(0, TCGETS, {B9600 opost isig icanon echo ...}) = 0
ioctl(0, SNDCTL_TMR_CONTINUE or TCSETSF, {B9600 opost isig icanon -echo ...}) = 0
ioctl(0, TCGETS, {B9600 opost isig icanon -echo ...}) = 0
write(2, "New password: ", 14)          = 14
read(0, "123\n", 511)                   = 4
ioctl(0, TCGETS, {B9600 opost isig icanon -echo ...}) = 0
ioctl(0, SNDCTL_TMR_STOP or TCSETSW, {B9600 opost isig icanon echo ...}) = 0
ioctl(0, TCGETS, {B9600 opost isig icanon echo ...}) = 0
write(2, "\n", 1)                       = 1
rt_sigprocmask(SIG_SETMASK, [], NULL, 8) = 0
ioctl(0, TCGETS, {B9600 opost isig icanon echo ...}) = 0
ioctl(0, SNDCTL_TMR_STOP or TCSETSW, {B9600 opost isig icanon echo ...}) = 0
ioctl(0, TCGETS, {B9600 opost isig icanon echo ...}) = 0
open("/usr/share/locale/en_US/LC_MESSAGES/libpwquality.mo", O_RDONLY) = -1 ENOENT (No such file or directory)
open("/usr/share/locale/en/LC_MESSAGES/libpwquality.mo", O_RDONLY) = -1 ENOENT (No such file or directory)
open("/usr/share/locale-langpack/en_US/LC_MESSAGES/libpwquality.mo", O_RDONLY) = -1 ENOENT (No such file or directory)
open("/usr/share/locale-langpack/en/LC_MESSAGES/libpwquality.mo", O_RDONLY) = -1 ENOENT (No such file or directory)
write(2, "BAD PASSWORD: The password is sh"..., 56) = 56
getuid()                                = 0
ioctl(0, TCGETS, {B9600 opost isig icanon echo ...}) = 0
ioctl(0, TCGETS, {B9600 opost isig icanon echo ...}) = 0
rt_sigprocmask(SIG_BLOCK, [TSTP], [], 8) = 0
ioctl(0, TCGETS, {B9600 opost isig icanon echo ...}) = 0
ioctl(0, SNDCTL_TMR_CONTINUE or TCSETSF, {B9600 opost isig icanon -echo ...}) = 0
ioctl(0, TCGETS, {B9600 opost isig icanon -echo ...}) = 0
write(2, "Retype new password: ", 21)   = 21
read(0, "123\n", 511)                   = 4
ioctl(0, TCGETS, {B9600 opost isig icanon -echo ...}) = 0
ioctl(0, SNDCTL_TMR_STOP or TCSETSW, {B9600 opost isig icanon echo ...}) = 0
ioctl(0, TCGETS, {B9600 opost isig icanon echo ...}) = 0
write(2, "\n", 1)                       = 1
rt_sigprocmask(SIG_SETMASK, [], NULL, 8) = 0
ioctl(0, TCGETS, {B9600 opost isig icanon echo ...}) = 0
ioctl(0, SNDCTL_TMR_STOP or TCSETSW, {B9600 opost isig icanon echo ...}) = 0
ioctl(0, TCGETS, {B9600 opost isig icanon echo ...}) = 0
getuid()                                = 0
geteuid()                               = 0
getgid()                                = 0
getegid()                               = 0
access("/etc/krb5.conf", R_OK)          = 0
stat("/etc/krb5.conf", {st_mode=S_IFREG|0644, st_size=5192, ...}) = 0
open("/dev/urandom", O_RDONLY)          = 4
fcntl(4, F_SETFD, FD_CLOEXEC)           = 0
fstat(4, {st_mode=S_IFCHR|0666, st_rdev=makedev(1, 9), ...}) = 0
read(4, "\3165u\216\320\374\200\330\20\370\300[\325\275q\214a\203\316/\200\345(\336\301q[E\206\24187"..., 64) = 64
close(4)                                = 0
open("/etc/passwd", O_RDONLY|O_CLOEXEC) = 4
lseek(4, 0, SEEK_CUR)                   = 0
fstat(4, {st_mode=S_IFREG|0644, st_size=1658, ...}) = 0
mmap(NULL, 1658, PROT_READ, MAP_SHARED, 4, 0) = 0x7f5c9377b000
lseek(4, 1658, SEEK_SET)                = 1658
munmap(0x7f5c9377b000, 1658)            = 0
close(4)                                = 0
ioctl(0, TCGETS, {B9600 opost isig icanon echo ...}) = 0
ioctl(0, TCGETS, {B9600 opost isig icanon echo ...}) = 0
rt_sigprocmask(SIG_BLOCK, [TSTP], [], 8) = 0
ioctl(0, TCGETS, {B9600 opost isig icanon echo ...}) = 0
ioctl(0, SNDCTL_TMR_CONTINUE or TCSETSF, {B9600 opost isig icanon -echo ...}) = 0
ioctl(0, TCGETS, {B9600 opost isig icanon -echo ...}) = 0
write(2, "Current Kerberos password: ", 27) = 27
read(0, "\n", 511)                      = 1
ioctl(0, TCGETS, {B9600 opost isig icanon -echo ...}) = 0
ioctl(0, SNDCTL_TMR_STOP or TCSETSW, {B9600 opost isig icanon echo ...}) = 0
ioctl(0, TCGETS, {B9600 opost isig icanon echo ...}) = 0
write(2, "\n", 1)                       = 1
rt_sigprocmask(SIG_SETMASK, [], NULL, 8) = 0
ioctl(0, TCGETS, {B9600 opost isig icanon echo ...}) = 0
ioctl(0, SNDCTL_TMR_STOP or TCSETSW, {B9600 opost isig icanon echo ...}) = 0
ioctl(0, TCGETS, {B9600 opost isig icanon echo ...}) = 0
getuid()                                = 0
open("/etc/login.defs", O_RDONLY)       = 4
fstat(4, {st_mode=S_IFREG|0644, st_size=10551, ...}) = 0
read(4, "#\n# /etc/login.defs - Configurat"..., 4096) = 4096
read(4, " issuing \n# the \"mesg y\" command"..., 4096) = 4096
read(4, " algorithm compatible with the o"..., 4096) = 2359
close(4)                                = 0
open("/etc/login.defs", O_RDONLY)       = 4
fstat(4, {st_mode=S_IFREG|0644, st_size=10551, ...}) = 0
read(4, "#\n# /etc/login.defs - Configurat"..., 4096) = 4096
read(4, " issuing \n# the \"mesg y\" command"..., 4096) = 4096
read(4, " algorithm compatible with the o"..., 4096) = 2359
read(4, "", 4096)                       = 0
close(4)                                = 0
open("/etc/passwd", O_RDONLY)           = 4
fstat(4, {st_mode=S_IFREG|0644, st_size=1658, ...}) = 0
read(4, "root:x:0:0:root:/root:/bin/bash\n"..., 4096) = 1658
close(4)                                = 0
open("/etc/passwd", O_RDONLY)           = 4
fstat(4, {st_mode=S_IFREG|0644, st_size=1658, ...}) = 0
read(4, "root:x:0:0:root:/root:/bin/bash\n"..., 4096) = 1658
close(4)                                = 0
open("/etc/.pwd.lock", O_WRONLY|O_CREAT|O_CLOEXEC, 0600) = 4
rt_sigaction(SIGALRM, {0x7f5c92c65c30, ~[], SA_RESTORER, 0x7f5c92b8e4b0}, {SIG_IGN, [ALRM], SA_RESTORER|SA_RESTART, 0x7f5c92b8e4b0}, 8) = 0
rt_sigprocmask(SIG_UNBLOCK, [ALRM], [], 8) = 0
alarm(15)                               = 0
fcntl(4, F_SETLKW, {l_type=F_WRLCK, l_whence=SEEK_SET, l_start=0, l_len=0}) = 0
alarm(0)                                = 15
rt_sigprocmask(SIG_SETMASK, [], NULL, 8) = 0
rt_sigaction(SIGALRM, {SIG_IGN, [ALRM], SA_RESTORER|SA_RESTART, 0x7f5c92b8e4b0}, NULL, 8) = 0
open("/etc/passwd", O_RDONLY|O_CLOEXEC) = 5
lseek(5, 0, SEEK_CUR)                   = 0
fstat(5, {st_mode=S_IFREG|0644, st_size=1658, ...}) = 0
mmap(NULL, 1658, PROT_READ, MAP_SHARED, 5, 0) = 0x7f5c9377b000
lseek(5, 1658, SEEK_SET)                = 1658
munmap(0x7f5c9377b000, 1658)            = 0
close(5)                                = 0
open("/etc/shadow", O_RDONLY|O_CLOEXEC) = 5
lseek(5, 0, SEEK_CUR)                   = 0
fstat(5, {st_mode=S_IFREG|0640, st_size=1099, ...}) = 0
mmap(NULL, 1099, PROT_READ, MAP_SHARED, 5, 0) = 0x7f5c9377b000
lseek(5, 1099, SEEK_SET)                = 1099
munmap(0x7f5c9377b000, 1099)            = 0
close(5)                                = 0
open("/dev/urandom", O_RDONLY)          = 5
read(5, "RD.\36\215\tA\337", 8)         = 8
close(5)                                = 0
open("/etc/passwd", O_RDONLY|O_CLOEXEC) = 5
lseek(5, 0, SEEK_CUR)                   = 0
fstat(5, {st_mode=S_IFREG|0644, st_size=1658, ...}) = 0
mmap(NULL, 1658, PROT_READ, MAP_SHARED, 5, 0) = 0x7f5c9377b000
lseek(5, 1658, SEEK_SET)                = 1658
munmap(0x7f5c9377b000, 1658)            = 0
close(5)                                = 0
open("/etc/passwd", O_RDONLY)           = 5
fstat(5, {st_mode=S_IFREG|0644, st_size=1658, ...}) = 0
read(5, "root:x:0:0:root:/root:/bin/bash\n"..., 4096) = 1658
close(5)                                = 0
umask(077)                              = 077
open("/etc/nshadow", O_WRONLY|O_CREAT|O_TRUNC, 0666) = 5
umask(077)                              = 077
open("/etc/shadow", O_RDONLY)           = 8
fstat(8, {st_mode=S_IFREG|0640, st_size=1099, ...}) = 0
fchown(5, 0, 42)                        = 0
fchmod(5, 0100640)                      = 0
lseek(8, 0, SEEK_CUR)                   = 0
fstat(8, {st_mode=S_IFREG|0640, st_size=1099, ...}) = 0
read(8, "root:$6$gsUBOTkf1jMizLXb$B9lUFiX"..., 4096) = 1099
fstat(5, {st_mode=S_IFREG|0640, st_size=0, ...}) = 0
brk(0x5616c37ef000)                     = 0x5616c37ef000
lseek(8, 0, SEEK_CUR)                   = 1099
lseek(8, 0, SEEK_CUR)                   = 1099
lseek(8, 0, SEEK_CUR)                   = 1099
lseek(8, 0, SEEK_CUR)                   = 1099
lseek(8, 0, SEEK_CUR)                   = 1099
lseek(8, 0, SEEK_CUR)                   = 1099
lseek(8, 0, SEEK_CUR)                   = 1099
lseek(8, 0, SEEK_CUR)                   = 1099
lseek(8, 0, SEEK_CUR)                   = 1099
lseek(8, 0, SEEK_CUR)                   = 1099
lseek(8, 0, SEEK_CUR)                   = 1099
lseek(8, 0, SEEK_CUR)                   = 1099
lseek(8, 0, SEEK_CUR)                   = 1099
lseek(8, 0, SEEK_CUR)                   = 1099
lseek(8, 0, SEEK_CUR)                   = 1099
lseek(8, 0, SEEK_CUR)                   = 1099
lseek(8, 0, SEEK_CUR)                   = 1099
lseek(8, 0, SEEK_CUR)                   = 1099
lseek(8, 0, SEEK_CUR)                   = 1099
lseek(8, 0, SEEK_CUR)                   = 1099
lseek(8, 0, SEEK_CUR)                   = 1099
lseek(8, 0, SEEK_CUR)                   = 1099
lseek(8, 0, SEEK_CUR)                   = 1099
lseek(8, 0, SEEK_CUR)                   = 1099
lseek(8, 0, SEEK_CUR)                   = 1099
lseek(8, 0, SEEK_CUR)                   = 1099
lseek(8, 0, SEEK_CUR)                   = 1099
lseek(8, 0, SEEK_CUR)                   = 1099
lseek(8, 0, SEEK_CUR)                   = 1099
lseek(8, 0, SEEK_CUR)                   = 1099
lseek(8, 0, SEEK_CUR)                   = 1099
lseek(8, 0, SEEK_CUR)                   = 1099
read(8, "", 4096)                       = 0
close(8)                                = 0
write(5, "root:$6$gsUBOTkf1jMizLXb$B9lUFiX"..., 1099) = 1099
fsync(5)                                = 0
close(5)                                = 0
brk(0x5616c37ed000)                     = 0x5616c37ed000
rename("/etc/nshadow", "/etc/shadow")   = 0
sendto(7, "<85>May  4 18:42:45 passwd[7859]"..., 88, MSG_NOSIGNAL, NULL, 0) = 88
close(4)                                = 0
socket(PF_NETLINK, SOCK_RAW, NETLINK_AUDIT) = 4
fcntl(4, F_SETFD, FD_CLOEXEC)           = 0
readlink("/proc/self/exe", "/usr/bin/passwd", 4096) = 15
ioctl(0, TCGETS, {B9600 opost isig icanon echo ...}) = 0
fstat(0, {st_mode=S_IFCHR|0620, st_rdev=makedev(136, 0), ...}) = 0
readlink("/proc/self/fd/0", "/dev/pts/0", 31) = 10
stat("/dev/pts/0", {st_mode=S_IFCHR|0620, st_rdev=makedev(136, 0), ...}) = 0
lstat("/dev/pts/0", {st_mode=S_IFCHR|0620, st_rdev=makedev(136, 0), ...}) = 0
sendto(4, "t\0\0\0T\4\5\0\1\0\0\0\0\0\0\0op=PAM:chauthtok"..., 116, 0, {sa_family=AF_NETLINK, pid=0, groups=00000000}, 12) = 116
poll([{fd=4, events=POLLIN}], 1, 500)   = 1 ([{fd=4, revents=POLLIN}])
recvfrom(4, "$\0\0\0\2\0\0\0\1\0\0\0\263\36\0\0\0\0\0\0t\0\0\0T\4\5\0\1\0\0\0"..., 8988, MSG_PEEK|MSG_DONTWAIT, {sa_family=AF_NETLINK, pid=0, groups=00000000}, [12]) = 36
recvfrom(4, "$\0\0\0\2\0\0\0\1\0\0\0\263\36\0\0\0\0\0\0t\0\0\0T\4\5\0\1\0\0\0"..., 8988, MSG_DONTWAIT, {sa_family=AF_NETLINK, pid=0, groups=00000000}, [12]) = 36
close(4)                                = 0
open("/usr/share/locale/en_US/LC_MESSAGES/shadow.mo", O_RDONLY) = -1 ENOENT (No such file or directory)
open("/usr/share/locale/en/LC_MESSAGES/shadow.mo", O_RDONLY) = -1 ENOENT (No such file or directory)
open("/usr/share/locale-langpack/en_US/LC_MESSAGES/shadow.mo", O_RDONLY) = -1 ENOENT (No such file or directory)
open("/usr/share/locale-langpack/en/LC_MESSAGES/shadow.mo", O_RDONLY) = -1 ENOENT (No such file or directory)
write(2, "passwd: password updated success"..., 38) = 38
munmap(0x7f5c90b78000, 2105568)         = 0
munmap(0x7f5c90972000, 2118208)         = 0
munmap(0x7f5c90765000, 2149856)         = 0
munmap(0x7f5c90556000, 2154512)         = 0
munmap(0x7f5c90284000, 2956192)         = 0
munmap(0x7f5c90055000, 2285688)         = 0
munmap(0x7f5c8fc46000, 2139080)         = 0
munmap(0x7f5c8fa42000, 2109456)         = 0
munmap(0x7f5c8f60c000, 2204640)         = 0
munmap(0x7f5c8f1cb000, 2130832)         = 0
close(6)                                = 0
munmap(0x7f5c8efbf000, 2142888)         = 0
munmap(0x7f5c8ed6e000, 2427592)         = 0
munmap(0x7f5c8eb5f000, 2154984)         = 0
munmap(0x7f5c8e944000, 2204648)         = 0
munmap(0x7f5c8e703000, 2359640)         = 0
munmap(0x7f5c8e3d3000, 3338624)         = 0
munmap(0x7f5c8e1ca000, 2130928)         = 0
munmap(0x7f5c8df40000, 2658672)         = 0
munmap(0x7f5c8d63b000, 2199848)         = 0
munmap(0x7f5c8d3d7000, 2504592)         = 0
munmap(0x7f5c8d1a4000, 2302192)         = 0
munmap(0x7f5c8cf91000, 2171912)         = 0
munmap(0x7f5c8cb28000, 2302656)         = 0
munmap(0x7f5c8cd5b000, 2314384)         = 0
munmap(0x7f5c8c8a8000, 2617792)         = 0
munmap(0x7f5c8c225000, 2400264)         = 0
munmap(0x7f5c8c470000, 2157176)         = 0
munmap(0x7f5c8c67f000, 2261136)         = 0
munmap(0x7f5c8da6b000, 2303016)         = 0
munmap(0x7f5c8dc9e000, 2756880)         = 0
munmap(0x7f5c8d855000, 2185320)         = 0
munmap(0x7f5c8f827000, 2206280)         = 0
munmap(0x7f5c8f3d4000, 2322912)         = 0
munmap(0x7f5c8fe51000, 2109896)         = 0
munmap(0x7f5c8bf51000, 2963160)         = 0
munmap(0x7f5c8bd49000, 2127368)         = 0
munmap(0x7f5c8bb47000, 2101288)         = 0
munmap(0x7f5c8b945000, 2101312)         = 0
munmap(0x7f5c8b742000, 2105448)         = 0
munmap(0x7f5c8b53f000, 2105576)         = 0
munmap(0x7f5c93728000, 278113)          = 0
munmap(0x7f5c8b134000, 2105528)         = 0
exit_group(0)                           = ?
+++ exited with 0 +++
